[0.011s] Invoking command in '/home/sourav/kuka_ws/build/kuka_description': CMAKE_PREFIX_PATH=${CMAKE_PREFIX_PATH}:/home/sourav/iki_workspace/ros2_ws/install/catch_a_turtle:/home/sourav/iki_workspace/ros2_ws/install/turtlemover:/home/sourav/iki_workspace/ros2_ws/install/tb3_rwu_arena:/home/sourav/iki_workspace/ros2_ws/install/py_pubsub:/home/sourav/iki_workspace/ros2_ws/install/my_package:/home/sourav/iki_workspace/ros2_ws/install/my_cv_package:/home/sourav/iki_workspace/ros2_ws/install/follow_wall:/home/sourav/iki_workspace/ros2_ws/install/follow_line:/home/sourav/iki_workspace/ros2_ws/install/drive_to_wall:/home/sourav/iki_workspace/ros2_ws/install/autorace_wall_follow:/opt/ros/humble /usr/bin/cmake --build /home/sourav/kuka_ws/build/kuka_description -- -j12 -l12
[0.033s] -- Found ament_cmake: 1.3.11 (/opt/ros/humble/share/ament_cmake/cmake)
[0.715s] -- Found ament_lint_auto: 0.12.12 (/opt/ros/humble/share/ament_lint_auto/cmake)
[1.155s] -- Added test 'lint_cmake' to check CMake code style
[1.161s] -- Added test 'xmllint' to check XML markup files
[1.164s] -- Configuring done
[1.339s] -- Generating done
[1.505s] -- Build files have been written to: /home/sourav/kuka_ws/build/kuka_description
[1.532s] Invoked command in '/home/sourav/kuka_ws/build/kuka_description' returned '0': CMAKE_PREFIX_PATH=${CMAKE_PREFIX_PATH}:/home/sourav/iki_workspace/ros2_ws/install/catch_a_turtle:/home/sourav/iki_workspace/ros2_ws/install/turtlemover:/home/sourav/iki_workspace/ros2_ws/install/tb3_rwu_arena:/home/sourav/iki_workspace/ros2_ws/install/py_pubsub:/home/sourav/iki_workspace/ros2_ws/install/my_package:/home/sourav/iki_workspace/ros2_ws/install/my_cv_package:/home/sourav/iki_workspace/ros2_ws/install/follow_wall:/home/sourav/iki_workspace/ros2_ws/install/follow_line:/home/sourav/iki_workspace/ros2_ws/install/drive_to_wall:/home/sourav/iki_workspace/ros2_ws/install/autorace_wall_follow:/opt/ros/humble /usr/bin/cmake --build /home/sourav/kuka_ws/build/kuka_description -- -j12 -l12
[1.541s] Invoking command in '/home/sourav/kuka_ws/build/kuka_description': CMAKE_PREFIX_PATH=${CMAKE_PREFIX_PATH}:/home/sourav/iki_workspace/ros2_ws/install/catch_a_turtle:/home/sourav/iki_workspace/ros2_ws/install/turtlemover:/home/sourav/iki_workspace/ros2_ws/install/tb3_rwu_arena:/home/sourav/iki_workspace/ros2_ws/install/py_pubsub:/home/sourav/iki_workspace/ros2_ws/install/my_package:/home/sourav/iki_workspace/ros2_ws/install/my_cv_package:/home/sourav/iki_workspace/ros2_ws/install/follow_wall:/home/sourav/iki_workspace/ros2_ws/install/follow_line:/home/sourav/iki_workspace/ros2_ws/install/drive_to_wall:/home/sourav/iki_workspace/ros2_ws/install/autorace_wall_follow:/opt/ros/humble /usr/bin/cmake --install /home/sourav/kuka_ws/build/kuka_description
[1.550s] -- Install configuration: ""
[1.551s] -- Installing: /home/sourav/kuka_ws/install/kuka_description/share/kuka_description/urdf
[1.551s] -- Installing: /home/sourav/kuka_ws/install/kuka_description/share/kuka_description/urdf/kr10r1420.urdf.xacro
[1.551s] -- Installing: /home/sourav/kuka_ws/install/kuka_description/share/kuka_description/urdf/kr10r1420.xacro
[1.551s] -- Installing: /home/sourav/kuka_ws/install/kuka_description/share/kuka_description/resources
[1.551s] -- Installing: /home/sourav/kuka_ws/install/kuka_description/share/kuka_description/resources/common_materials.xacro
[1.563s] -- Installing: /home/sourav/kuka_ws/install/kuka_description/share/kuka_description/resources/common_constants.xacro
[1.564s] -- Installing: /home/sourav/kuka_ws/install/kuka_description/share/kuka_description/resources/common_colours.xacro
[1.564s] -- Up-to-date: /home/sourav/kuka_ws/install/kuka_description/share/ament_index/resource_index/package_run_dependencies/kuka_description
[1.564s] -- Installing: /home/sourav/kuka_ws/install/kuka_description/share/ament_index/resource_index/parent_prefix_path/kuka_description
[1.583s] -- Up-to-date: /home/sourav/kuka_ws/install/kuka_description/share/kuka_description/environment/ament_prefix_path.sh
[1.583s] -- Installing: /home/sourav/kuka_ws/install/kuka_description/share/kuka_description/environment/ament_prefix_path.dsv
[1.648s] -- Up-to-date: /home/sourav/kuka_ws/install/kuka_description/share/kuka_description/environment/path.sh
[1.648s] -- Installing: /home/sourav/kuka_ws/install/kuka_description/share/kuka_description/environment/path.dsv
[1.649s] -- Up-to-date: /home/sourav/kuka_ws/install/kuka_description/share/kuka_description/local_setup.bash
[1.650s] -- Up-to-date: /home/sourav/kuka_ws/install/kuka_description/share/kuka_description/local_setup.sh
[1.650s] -- Up-to-date: /home/sourav/kuka_ws/install/kuka_description/share/kuka_description/local_setup.zsh
[1.651s] -- Installing: /home/sourav/kuka_ws/install/kuka_description/share/kuka_description/local_setup.dsv
[1.651s] -- Installing: /home/sourav/kuka_ws/install/kuka_description/share/kuka_description/package.dsv
[1.652s] -- Up-to-date: /home/sourav/kuka_ws/install/kuka_description/share/ament_index/resource_index/packages/kuka_description
[1.652s] -- Up-to-date: /home/sourav/kuka_ws/install/kuka_description/share/kuka_description/cmake/kuka_descriptionConfig.cmake
[1.653s] -- Up-to-date: /home/sourav/kuka_ws/install/kuka_description/share/kuka_description/cmake/kuka_descriptionConfig-version.cmake
[1.653s] -- Up-to-date: /home/sourav/kuka_ws/install/kuka_description/share/kuka_description/package.xml
[1.656s] Invoked command in '/home/sourav/kuka_ws/build/kuka_description' returned '0': CMAKE_PREFIX_PATH=${CMAKE_PREFIX_PATH}:/home/sourav/iki_workspace/ros2_ws/install/catch_a_turtle:/home/sourav/iki_workspace/ros2_ws/install/turtlemover:/home/sourav/iki_workspace/ros2_ws/install/tb3_rwu_arena:/home/sourav/iki_workspace/ros2_ws/install/py_pubsub:/home/sourav/iki_workspace/ros2_ws/install/my_package:/home/sourav/iki_workspace/ros2_ws/install/my_cv_package:/home/sourav/iki_workspace/ros2_ws/install/follow_wall:/home/sourav/iki_workspace/ros2_ws/install/follow_line:/home/sourav/iki_workspace/ros2_ws/install/drive_to_wall:/home/sourav/iki_workspace/ros2_ws/install/autorace_wall_follow:/opt/ros/humble /usr/bin/cmake --install /home/sourav/kuka_ws/build/kuka_description
