[0.011s] Invoking command in '/home/sourav/kuka_ws/build/kuka_description': CMAKE_PREFIX_PATH=${CMAKE_PREFIX_PATH}:/home/sourav/iki_workspace/ros2_ws/install/catch_a_turtle:/home/sourav/iki_workspace/ros2_ws/install/turtlemover:/home/sourav/iki_workspace/ros2_ws/install/tb3_rwu_arena:/home/sourav/iki_workspace/ros2_ws/install/py_pubsub:/home/sourav/iki_workspace/ros2_ws/install/my_package:/home/sourav/iki_workspace/ros2_ws/install/my_cv_package:/home/sourav/iki_workspace/ros2_ws/install/follow_wall:/home/sourav/iki_workspace/ros2_ws/install/follow_line:/home/sourav/iki_workspace/ros2_ws/install/drive_to_wall:/home/sourav/iki_workspace/ros2_ws/install/autorace_wall_follow:/opt/ros/humble /usr/bin/cmake --build /home/sourav/kuka_ws/build/kuka_description -- -j12 -l12
[0.380s] -- Found ament_cmake: 1.3.11 (/opt/ros/humble/share/ament_cmake/cmake)
[0.979s] -- Found ament_lint_auto: 0.12.12 (/opt/ros/humble/share/ament_lint_auto/cmake)
[1.212s] -- Added test 'flake8' to check Python code syntax and style conventions
[1.214s] -- Added test 'lint_cmake' to check CMake code style
[1.216s] -- Added test 'pep257' to check Python code against some of the docstring style conventions in PEP 257
[1.223s] -- Added test 'xmllint' to check XML markup files
[1.239s] -- Configuring done
[1.249s] -- Generating done
[1.256s] -- Build files have been written to: /home/sourav/kuka_ws/build/kuka_description
[1.292s] Invoked command in '/home/sourav/kuka_ws/build/kuka_description' returned '0': CMAKE_PREFIX_PATH=${CMAKE_PREFIX_PATH}:/home/sourav/iki_workspace/ros2_ws/install/catch_a_turtle:/home/sourav/iki_workspace/ros2_ws/install/turtlemover:/home/sourav/iki_workspace/ros2_ws/install/tb3_rwu_arena:/home/sourav/iki_workspace/ros2_ws/install/py_pubsub:/home/sourav/iki_workspace/ros2_ws/install/my_package:/home/sourav/iki_workspace/ros2_ws/install/my_cv_package:/home/sourav/iki_workspace/ros2_ws/install/follow_wall:/home/sourav/iki_workspace/ros2_ws/install/follow_line:/home/sourav/iki_workspace/ros2_ws/install/drive_to_wall:/home/sourav/iki_workspace/ros2_ws/install/autorace_wall_follow:/opt/ros/humble /usr/bin/cmake --build /home/sourav/kuka_ws/build/kuka_description -- -j12 -l12
[1.294s] Invoking command in '/home/sourav/kuka_ws/build/kuka_description': CMAKE_PREFIX_PATH=${CMAKE_PREFIX_PATH}:/home/sourav/iki_workspace/ros2_ws/install/catch_a_turtle:/home/sourav/iki_workspace/ros2_ws/install/turtlemover:/home/sourav/iki_workspace/ros2_ws/install/tb3_rwu_arena:/home/sourav/iki_workspace/ros2_ws/install/py_pubsub:/home/sourav/iki_workspace/ros2_ws/install/my_package:/home/sourav/iki_workspace/ros2_ws/install/my_cv_package:/home/sourav/iki_workspace/ros2_ws/install/follow_wall:/home/sourav/iki_workspace/ros2_ws/install/follow_line:/home/sourav/iki_workspace/ros2_ws/install/drive_to_wall:/home/sourav/iki_workspace/ros2_ws/install/autorace_wall_follow:/opt/ros/humble /usr/bin/cmake --install /home/sourav/kuka_ws/build/kuka_description
[1.302s] -- Install configuration: ""
[1.302s] -- Up-to-date: /home/sourav/kuka_ws/install/kuka_description/share/kuka_description/urdf
[1.302s] -- Up-to-date: /home/sourav/kuka_ws/install/kuka_description/share/kuka_description/urdf/kr10r1420.urdf.xacro
[1.302s] -- Up-to-date: /home/sourav/kuka_ws/install/kuka_description/share/kuka_description/urdf/kuka_ros2_control.xacro
[1.302s] -- Up-to-date: /home/sourav/kuka_ws/install/kuka_description/share/kuka_description/urdf/kr10r1420.xacro
[1.303s] -- Up-to-date: /home/sourav/kuka_ws/install/kuka_description/share/kuka_description/urdf/kuka_gazebo.xacro
[1.303s] -- Up-to-date: /home/sourav/kuka_ws/install/kuka_description/share/kuka_description/resources
[1.303s] -- Up-to-date: /home/sourav/kuka_ws/install/kuka_description/share/kuka_description/resources/common_materials.xacro
[1.303s] -- Up-to-date: /home/sourav/kuka_ws/install/kuka_description/share/kuka_description/resources/common_constants.xacro
[1.303s] -- Up-to-date: /home/sourav/kuka_ws/install/kuka_description/share/kuka_description/resources/common_colours.xacro
[1.303s] -- Up-to-date: /home/sourav/kuka_ws/install/kuka_description/share/kuka_description/meshes
[1.303s] -- Up-to-date: /home/sourav/kuka_ws/install/kuka_description/share/kuka_description/meshes/link_1.stl
[1.303s] -- Up-to-date: /home/sourav/kuka_ws/install/kuka_description/share/kuka_description/meshes/link_5.stl
[1.303s] -- Up-to-date: /home/sourav/kuka_ws/install/kuka_description/share/kuka_description/meshes/link_6.stl
[1.303s] -- Up-to-date: /home/sourav/kuka_ws/install/kuka_description/share/kuka_description/meshes/base_link.stl
[1.303s] -- Up-to-date: /home/sourav/kuka_ws/install/kuka_description/share/kuka_description/meshes/link_4.stl
[1.304s] -- Up-to-date: /home/sourav/kuka_ws/install/kuka_description/share/kuka_description/meshes/link_3.stl
[1.304s] -- Up-to-date: /home/sourav/kuka_ws/install/kuka_description/share/kuka_description/meshes/link_2.stl
[1.304s] -- Up-to-date: /home/sourav/kuka_ws/install/kuka_description/share/kuka_description/collisions
[1.304s] -- Up-to-date: /home/sourav/kuka_ws/install/kuka_description/share/kuka_description/collisions/link_1.stl
[1.304s] -- Up-to-date: /home/sourav/kuka_ws/install/kuka_description/share/kuka_description/collisions/link_5.stl
[1.304s] -- Up-to-date: /home/sourav/kuka_ws/install/kuka_description/share/kuka_description/collisions/link_6.stl
[1.304s] -- Up-to-date: /home/sourav/kuka_ws/install/kuka_description/share/kuka_description/collisions/base_link.stl
[1.304s] -- Up-to-date: /home/sourav/kuka_ws/install/kuka_description/share/kuka_description/collisions/link_4.stl
[1.304s] -- Up-to-date: /home/sourav/kuka_ws/install/kuka_description/share/kuka_description/collisions/link_3.stl
[1.304s] -- Up-to-date: /home/sourav/kuka_ws/install/kuka_description/share/kuka_description/collisions/link_2.stl
[1.304s] -- Up-to-date: /home/sourav/kuka_ws/install/kuka_description/share/kuka_description/launch
[1.304s] -- Up-to-date: /home/sourav/kuka_ws/install/kuka_description/share/kuka_description/launch/gazebo.launch.py
[1.304s] -- Installing: /home/sourav/kuka_ws/install/kuka_description/share/ament_index/resource_index/package_run_dependencies/kuka_description
[1.305s] -- Up-to-date: /home/sourav/kuka_ws/install/kuka_description/share/ament_index/resource_index/parent_prefix_path/kuka_description
[1.305s] -- Up-to-date: /home/sourav/kuka_ws/install/kuka_description/share/kuka_description/environment/ament_prefix_path.sh
[1.305s] -- Installing: /home/sourav/kuka_ws/install/kuka_description/share/kuka_description/environment/ament_prefix_path.dsv
[1.305s] -- Up-to-date: /home/sourav/kuka_ws/install/kuka_description/share/kuka_description/environment/path.sh
[1.305s] -- Installing: /home/sourav/kuka_ws/install/kuka_description/share/kuka_description/environment/path.dsv
[1.305s] -- Up-to-date: /home/sourav/kuka_ws/install/kuka_description/share/kuka_description/local_setup.bash
[1.305s] -- Up-to-date: /home/sourav/kuka_ws/install/kuka_description/share/kuka_description/local_setup.sh
[1.305s] -- Up-to-date: /home/sourav/kuka_ws/install/kuka_description/share/kuka_description/local_setup.zsh
[1.306s] -- Installing: /home/sourav/kuka_ws/install/kuka_description/share/kuka_description/local_setup.dsv
[1.306s] -- Installing: /home/sourav/kuka_ws/install/kuka_description/share/kuka_description/package.dsv
[1.306s] -- Up-to-date: /home/sourav/kuka_ws/install/kuka_description/share/ament_index/resource_index/packages/kuka_description
[1.306s] -- Up-to-date: /home/sourav/kuka_ws/install/kuka_description/share/kuka_description/cmake/kuka_descriptionConfig.cmake
[1.306s] -- Up-to-date: /home/sourav/kuka_ws/install/kuka_description/share/kuka_description/cmake/kuka_descriptionConfig-version.cmake
[1.306s] -- Installing: /home/sourav/kuka_ws/install/kuka_description/share/kuka_description/package.xml
[1.306s] Invoked command in '/home/sourav/kuka_ws/build/kuka_description' returned '0': CMAKE_PREFIX_PATH=${CMAKE_PREFIX_PATH}:/home/sourav/iki_workspace/ros2_ws/install/catch_a_turtle:/home/sourav/iki_workspace/ros2_ws/install/turtlemover:/home/sourav/iki_workspace/ros2_ws/install/tb3_rwu_arena:/home/sourav/iki_workspace/ros2_ws/install/py_pubsub:/home/sourav/iki_workspace/ros2_ws/install/my_package:/home/sourav/iki_workspace/ros2_ws/install/my_cv_package:/home/sourav/iki_workspace/ros2_ws/install/follow_wall:/home/sourav/iki_workspace/ros2_ws/install/follow_line:/home/sourav/iki_workspace/ros2_ws/install/drive_to_wall:/home/sourav/iki_workspace/ros2_ws/install/autorace_wall_follow:/opt/ros/humble /usr/bin/cmake --install /home/sourav/kuka_ws/build/kuka_description
