-- Install configuration: ""
-- Up-to-date: /home/sourav/kuka_ws/install/kuka_controllers/share/kuka_controllers/config
-- Up-to-date: /home/sourav/kuka_ws/install/kuka_controllers/share/kuka_controllers/config/kuka_controllers.yaml
-- Up-to-date: /home/sourav/kuka_ws/install/kuka_controllers/share/kuka_controllers/launch
-- Up-to-date: /home/sourav/kuka_ws/install/kuka_controllers/share/kuka_controllers/launch/controllers.launch.py
-- Up-to-date: /home/sourav/kuka_ws/install/kuka_controllers/share/ament_index/resource_index/package_run_dependencies/kuka_controllers
-- Up-to-date: /home/sourav/kuka_ws/install/kuka_controllers/share/ament_index/resource_index/parent_prefix_path/kuka_controllers
-- Up-to-date: /home/sourav/kuka_ws/install/kuka_controllers/share/kuka_controllers/environment/ament_prefix_path.sh
-- Up-to-date: /home/sourav/kuka_ws/install/kuka_controllers/share/kuka_controllers/environment/ament_prefix_path.dsv
-- Up-to-date: /home/sourav/kuka_ws/install/kuka_controllers/share/kuka_controllers/environment/path.sh
-- Up-to-date: /home/sourav/kuka_ws/install/kuka_controllers/share/kuka_controllers/environment/path.dsv
-- Up-to-date: /home/sourav/kuka_ws/install/kuka_controllers/share/kuka_controllers/local_setup.bash
-- Up-to-date: /home/sourav/kuka_ws/install/kuka_controllers/share/kuka_controllers/local_setup.sh
-- Up-to-date: /home/sourav/kuka_ws/install/kuka_controllers/share/kuka_controllers/local_setup.zsh
-- Up-to-date: /home/sourav/kuka_ws/install/kuka_controllers/share/kuka_controllers/local_setup.dsv
-- Installing: /home/sourav/kuka_ws/install/kuka_controllers/share/kuka_controllers/package.dsv
-- Up-to-date: /home/sourav/kuka_ws/install/kuka_controllers/share/ament_index/resource_index/packages/kuka_controllers
-- Up-to-date: /home/sourav/kuka_ws/install/kuka_controllers/share/kuka_controllers/cmake/kuka_controllersConfig.cmake
-- Up-to-date: /home/sourav/kuka_ws/install/kuka_controllers/share/kuka_controllers/cmake/kuka_controllersConfig-version.cmake
-- Up-to-date: /home/sourav/kuka_ws/install/kuka_controllers/share/kuka_controllers/package.xml
