[0.271s] DEBUG:colcon:Command line arguments: ['/usr/bin/colcon', 'build']
[0.271s] DEBUG:colcon:Parsed command line arguments: Namespace(log_base=None, log_level=None, verb_name='build', build_base='build', install_base='install', merge_install=False, symlink_install=False, test_result_base=None, continue_on_error=False, executor='parallel', parallel_workers=12, event_handlers=None, ignore_user_meta=False, metas=['./colcon.meta'], base_paths=['.'], packages_ignore=None, packages_ignore_regex=None, paths=None, packages_up_to=None, packages_up_to_regex=None, packages_above=None, packages_above_and_dependencies=None, packages_above_depth=None, packages_select_by_dep=None, packages_skip_by_dep=None, packages_skip_up_to=None, packages_select_build_failed=False, packages_skip_build_finished=False, packages_select_test_failures=False, packages_skip_test_passed=False, packages_select=None, packages_skip=None, packages_select_regex=None, packages_skip_regex=None, packages_start=None, packages_end=None, allow_overriding=[], cmake_args=None, cmake_target=None, cmake_target_skip_unavailable=False, cmake_clean_cache=False, cmake_clean_first=False, cmake_force_configure=False, ament_cmake_args=None, catkin_cmake_args=None, catkin_skip_building_tests=False, mixin_files=None, mixin=None, verb_parser=<colcon_mixin.mixin.mixin_argument.MixinArgumentDecorator object at 0x79b008465000>, verb_extension=<colcon_core.verb.build.BuildVerb object at 0x79b008464a60>, main=<bound method BuildVerb.main of <colcon_core.verb.build.BuildVerb object at 0x79b008464a60>>, mixin_verb=('build',))
[6.031s] Level 1:colcon.colcon_core.package_discovery:discover_packages(colcon_meta) check parameters
[6.031s] Level 1:colcon.colcon_core.package_discovery:discover_packages(recursive) check parameters
[6.031s] Level 1:colcon.colcon_core.package_discovery:discover_packages(ignore) check parameters
[6.031s] Level 1:colcon.colcon_core.package_discovery:discover_packages(path) check parameters
[6.031s] Level 1:colcon.colcon_core.package_discovery:discover_packages(colcon_meta) discover
[6.031s] Level 1:colcon.colcon_core.package_discovery:discover_packages(recursive) discover
[6.031s] INFO:colcon.colcon_core.package_discovery:Crawling recursively for packages in '/home/sourav/kuka_ws'
[6.031s] Level 1:colcon.colcon_core.package_identification:_identify(.) by extensions ['ignore', 'ignore_ament_install']
[6.031s] Level 1:colcon.colcon_core.package_identification:_identify(.) by extension 'ignore'
[6.031s] Level 1:colcon.colcon_core.package_identification:_identify(.) by extension 'ignore_ament_install'
[6.031s] Level 1:colcon.colcon_core.package_identification:_identify(.) by extensions ['colcon_pkg']
[6.031s] Level 1:colcon.colcon_core.package_identification:_identify(.) by extension 'colcon_pkg'
[6.031s] Level 1:colcon.colcon_core.package_identification:_identify(.) by extensions ['colcon_meta']
[6.031s] Level 1:colcon.colcon_core.package_identification:_identify(.) by extension 'colcon_meta'
[6.031s] Level 1:colcon.colcon_core.package_identification:_identify(.) by extensions ['ros']
[6.031s] Level 1:colcon.colcon_core.package_identification:_identify(.) by extension 'ros'
[6.054s] Level 1:colcon.colcon_core.package_identification:_identify(.) by extensions ['cmake', 'python']
[6.054s] Level 1:colcon.colcon_core.package_identification:_identify(.) by extension 'cmake'
[6.054s] Level 1:colcon.colcon_core.package_identification:_identify(.) by extension 'python'
[6.054s] Level 1:colcon.colcon_core.package_identification:_identify(.) by extensions ['python_setup_py']
[6.054s] Level 1:colcon.colcon_core.package_identification:_identify(.) by extension 'python_setup_py'
[6.085s] Level 1:colcon.colcon_core.package_identification:_identify(build) by extensions ['ignore', 'ignore_ament_install']
[6.085s] Level 1:colcon.colcon_core.package_identification:_identify(build) by extension 'ignore'
[6.085s] Level 1:colcon.colcon_core.package_identification:_identify(build) ignored
[6.086s] Level 1:colcon.colcon_core.package_identification:_identify(install) by extensions ['ignore', 'ignore_ament_install']
[6.086s] Level 1:colcon.colcon_core.package_identification:_identify(install) by extension 'ignore'
[6.086s] Level 1:colcon.colcon_core.package_identification:_identify(install) ignored
[6.086s] Level 1:colcon.colcon_core.package_identification:_identify(log) by extensions ['ignore', 'ignore_ament_install']
[6.086s] Level 1:colcon.colcon_core.package_identification:_identify(log) by extension 'ignore'
[6.086s] Level 1:colcon.colcon_core.package_identification:_identify(log) ignored
[6.086s] Level 1:colcon.colcon_core.package_identification:_identify(src) by extensions ['ignore', 'ignore_ament_install']
[6.087s] Level 1:colcon.colcon_core.package_identification:_identify(src) by extension 'ignore'
[6.087s] Level 1:colcon.colcon_core.package_identification:_identify(src) by extension 'ignore_ament_install'
[6.087s] Level 1:colcon.colcon_core.package_identification:_identify(src) by extensions ['colcon_pkg']
[6.087s] Level 1:colcon.colcon_core.package_identification:_identify(src) by extension 'colcon_pkg'
[6.087s] Level 1:colcon.colcon_core.package_identification:_identify(src) by extensions ['colcon_meta']
[6.087s] Level 1:colcon.colcon_core.package_identification:_identify(src) by extension 'colcon_meta'
[6.087s] Level 1:colcon.colcon_core.package_identification:_identify(src) by extensions ['ros']
[6.087s] Level 1:colcon.colcon_core.package_identification:_identify(src) by extension 'ros'
[6.087s] Level 1:colcon.colcon_core.package_identification:_identify(src) by extensions ['cmake', 'python']
[6.087s] Level 1:colcon.colcon_core.package_identification:_identify(src) by extension 'cmake'
[6.087s] Level 1:colcon.colcon_core.package_identification:_identify(src) by extension 'python'
[6.087s] Level 1:colcon.colcon_core.package_identification:_identify(src) by extensions ['python_setup_py']
[6.087s] Level 1:colcon.colcon_core.package_identification:_identify(src) by extension 'python_setup_py'
[6.087s] Level 1:colcon.colcon_core.package_identification:_identify(src/kuka_description) by extensions ['ignore', 'ignore_ament_install']
[6.087s] Level 1:colcon.colcon_core.package_identification:_identify(src/kuka_description) by extension 'ignore'
[6.088s] Level 1:colcon.colcon_core.package_identification:_identify(src/kuka_description) by extension 'ignore_ament_install'
[6.088s] Level 1:colcon.colcon_core.package_identification:_identify(src/kuka_description) by extensions ['colcon_pkg']
[6.088s] Level 1:colcon.colcon_core.package_identification:_identify(src/kuka_description) by extension 'colcon_pkg'
[6.088s] Level 1:colcon.colcon_core.package_identification:_identify(src/kuka_description) by extensions ['colcon_meta']
[6.088s] Level 1:colcon.colcon_core.package_identification:_identify(src/kuka_description) by extension 'colcon_meta'
[6.088s] Level 1:colcon.colcon_core.package_identification:_identify(src/kuka_description) by extensions ['ros']
[6.088s] Level 1:colcon.colcon_core.package_identification:_identify(src/kuka_description) by extension 'ros'
[6.092s] DEBUG:colcon.colcon_core.package_identification:Package 'src/kuka_description' with type 'ros.ament_cmake' and name 'kuka_description'
[6.092s] Level 1:colcon.colcon_core.package_discovery:discover_packages(recursive) using defaults
[6.092s] Level 1:colcon.colcon_core.package_discovery:discover_packages(ignore) discover
[6.092s] Level 1:colcon.colcon_core.package_discovery:discover_packages(ignore) using defaults
[6.092s] Level 1:colcon.colcon_core.package_discovery:discover_packages(path) discover
[6.092s] Level 1:colcon.colcon_core.package_discovery:discover_packages(path) using defaults
[6.129s] Level 1:colcon.colcon_core.package_discovery:discover_packages(prefix_path) check parameters
[6.129s] Level 1:colcon.colcon_core.package_discovery:discover_packages(prefix_path) discover
[6.317s] DEBUG:colcon.colcon_installed_package_information.package_discovery:Found 1 installed packages in /home/sourav/kuka_ws/install
[6.324s] DEBUG:colcon.colcon_installed_package_information.package_discovery:Found 11 installed packages in /home/sourav/iki_workspace/ros2_ws/install
[6.396s] DEBUG:colcon.colcon_installed_package_information.package_discovery:Found 3 installed packages in /home/sourav/turtlebot3_ws/install
[6.416s] DEBUG:colcon.colcon_installed_package_information.package_discovery:Found 458 installed packages in /opt/ros/humble
[6.425s] Level 1:colcon.colcon_core.package_discovery:discover_packages(prefix_path) using defaults
[6.506s] Level 5:colcon.colcon_core.verb:set package 'kuka_description' build argument 'cmake_args' from command line to 'None'
[6.506s] Level 5:colcon.colcon_core.verb:set package 'kuka_description' build argument 'cmake_target' from command line to 'None'
[6.506s] Level 5:colcon.colcon_core.verb:set package 'kuka_description' build argument 'cmake_target_skip_unavailable' from command line to 'False'
[6.507s] Level 5:colcon.colcon_core.verb:set package 'kuka_description' build argument 'cmake_clean_cache' from command line to 'False'
[6.507s] Level 5:colcon.colcon_core.verb:set package 'kuka_description' build argument 'cmake_clean_first' from command line to 'False'
[6.507s] Level 5:colcon.colcon_core.verb:set package 'kuka_description' build argument 'cmake_force_configure' from command line to 'False'
[6.507s] Level 5:colcon.colcon_core.verb:set package 'kuka_description' build argument 'ament_cmake_args' from command line to 'None'
[6.507s] Level 5:colcon.colcon_core.verb:set package 'kuka_description' build argument 'catkin_cmake_args' from command line to 'None'
[6.507s] Level 5:colcon.colcon_core.verb:set package 'kuka_description' build argument 'catkin_skip_building_tests' from command line to 'False'
[6.507s] DEBUG:colcon.colcon_core.verb:Building package 'kuka_description' with the following arguments: {'ament_cmake_args': None, 'build_base': '/home/sourav/kuka_ws/build/kuka_description', 'catkin_cmake_args': None, 'catkin_skip_building_tests': False, 'cmake_args': None, 'cmake_clean_cache': False, 'cmake_clean_first': False, 'cmake_force_configure': False, 'cmake_target': None, 'cmake_target_skip_unavailable': False, 'install_base': '/home/sourav/kuka_ws/install/kuka_description', 'merge_install': False, 'path': '/home/sourav/kuka_ws/src/kuka_description', 'symlink_install': False, 'test_result_base': None}
[6.507s] INFO:colcon.colcon_core.executor:Executing jobs using 'parallel' executor
[6.508s] DEBUG:colcon.colcon_parallel_executor.executor.parallel:run_until_complete
[6.508s] INFO:colcon.colcon_ros.task.ament_cmake.build:Building ROS package in '/home/sourav/kuka_ws/src/kuka_description' with build type 'ament_cmake'
[6.508s] INFO:colcon.colcon_cmake.task.cmake.build:Building CMake package in '/home/sourav/kuka_ws/src/kuka_description'
[6.512s] INFO:colcon.colcon_core.plugin_system:Skipping extension 'colcon_core.shell.bat': Not used on non-Windows systems
[6.512s] INFO:colcon.colcon_core.shell:Skip shell extension 'powershell' for command environment: Not usable outside of PowerShell
[6.512s] DEBUG:colcon.colcon_core.shell:Skip shell extension 'dsv' for command environment
[6.521s] DEBUG:colcon.colcon_core.event_handler.log_command:Invoking command in '/home/sourav/kuka_ws/build/kuka_description': CMAKE_PREFIX_PATH=${CMAKE_PREFIX_PATH}:/home/sourav/iki_workspace/ros2_ws/install/catch_a_turtle:/home/sourav/iki_workspace/ros2_ws/install/turtlemover:/home/sourav/iki_workspace/ros2_ws/install/tb3_rwu_arena:/home/sourav/iki_workspace/ros2_ws/install/py_pubsub:/home/sourav/iki_workspace/ros2_ws/install/my_package:/home/sourav/iki_workspace/ros2_ws/install/my_cv_package:/home/sourav/iki_workspace/ros2_ws/install/follow_wall:/home/sourav/iki_workspace/ros2_ws/install/follow_line:/home/sourav/iki_workspace/ros2_ws/install/drive_to_wall:/home/sourav/iki_workspace/ros2_ws/install/autorace_wall_follow:/opt/ros/humble /usr/bin/cmake --build /home/sourav/kuka_ws/build/kuka_description -- -j12 -l12
[6.590s] DEBUG:colcon.colcon_core.event_handler.log_command:Invoked command in '/home/sourav/kuka_ws/build/kuka_description' returned '2': CMAKE_PREFIX_PATH=${CMAKE_PREFIX_PATH}:/home/sourav/iki_workspace/ros2_ws/install/catch_a_turtle:/home/sourav/iki_workspace/ros2_ws/install/turtlemover:/home/sourav/iki_workspace/ros2_ws/install/tb3_rwu_arena:/home/sourav/iki_workspace/ros2_ws/install/py_pubsub:/home/sourav/iki_workspace/ros2_ws/install/my_package:/home/sourav/iki_workspace/ros2_ws/install/my_cv_package:/home/sourav/iki_workspace/ros2_ws/install/follow_wall:/home/sourav/iki_workspace/ros2_ws/install/follow_line:/home/sourav/iki_workspace/ros2_ws/install/drive_to_wall:/home/sourav/iki_workspace/ros2_ws/install/autorace_wall_follow:/opt/ros/humble /usr/bin/cmake --build /home/sourav/kuka_ws/build/kuka_description -- -j12 -l12
[6.602s] Level 1:colcon.colcon_core.environment:create_environment_scripts_only(kuka_description)
[6.643s] Level 1:colcon.colcon_core.environment:checking '/home/sourav/kuka_ws/install/kuka_description' for CMake module files
[6.659s] Level 1:colcon.colcon_core.environment:checking '/home/sourav/kuka_ws/install/kuka_description' for CMake config files
[6.660s] Level 1:colcon.colcon_core.shell:create_environment_hook('kuka_description', 'cmake_prefix_path')
[6.661s] INFO:colcon.colcon_core.shell:Creating environment hook '/home/sourav/kuka_ws/install/kuka_description/share/kuka_description/hook/cmake_prefix_path.ps1'
[6.663s] INFO:colcon.colcon_core.shell:Creating environment descriptor '/home/sourav/kuka_ws/install/kuka_description/share/kuka_description/hook/cmake_prefix_path.dsv'
[6.664s] INFO:colcon.colcon_core.shell:Creating environment hook '/home/sourav/kuka_ws/install/kuka_description/share/kuka_description/hook/cmake_prefix_path.sh'
[6.667s] Level 1:colcon.colcon_core.environment:checking '/home/sourav/kuka_ws/install/kuka_description/bin'
[6.667s] Level 1:colcon.colcon_core.environment:checking '/home/sourav/kuka_ws/install/kuka_description/lib/pkgconfig/kuka_description.pc'
[6.667s] Level 1:colcon.colcon_core.environment:checking '/home/sourav/kuka_ws/install/kuka_description/lib/python3.10/site-packages'
[6.668s] Level 1:colcon.colcon_core.environment:checking '/home/sourav/kuka_ws/install/kuka_description/bin'
[6.669s] INFO:colcon.colcon_core.shell:Creating package script '/home/sourav/kuka_ws/install/kuka_description/share/kuka_description/package.ps1'
[6.671s] INFO:colcon.colcon_core.shell:Creating package descriptor '/home/sourav/kuka_ws/install/kuka_description/share/kuka_description/package.dsv'
[6.673s] INFO:colcon.colcon_core.shell:Creating package script '/home/sourav/kuka_ws/install/kuka_description/share/kuka_description/package.sh'
[6.675s] INFO:colcon.colcon_core.shell:Creating package script '/home/sourav/kuka_ws/install/kuka_description/share/kuka_description/package.bash'
[6.677s] INFO:colcon.colcon_core.shell:Creating package script '/home/sourav/kuka_ws/install/kuka_description/share/kuka_description/package.zsh'
[6.679s] Level 1:colcon.colcon_core.environment:create_file_with_runtime_dependencies(/home/sourav/kuka_ws/install/kuka_description/share/colcon-core/packages/kuka_description)
[6.690s] DEBUG:colcon.colcon_parallel_executor.executor.parallel:closing loop
[6.690s] DEBUG:colcon.colcon_parallel_executor.executor.parallel:loop closed
[6.690s] DEBUG:colcon.colcon_parallel_executor.executor.parallel:run_until_complete finished with '2'
[6.690s] DEBUG:colcon.colcon_core.event_reactor:joining thread
[6.696s] INFO:colcon.colcon_core.plugin_system:Skipping extension 'colcon_notification.desktop_notification.terminal_notifier': Not used on non-Darwin systems
[6.696s] INFO:colcon.colcon_core.plugin_system:Skipping extension 'colcon_notification.desktop_notification.win32': Not used on non-Windows systems
[6.696s] INFO:colcon.colcon_notification.desktop_notification:Sending desktop notification using 'notify2'
[6.722s] DEBUG:colcon.colcon_core.event_reactor:joined thread
[6.722s] INFO:colcon.colcon_core.shell:Creating prefix script '/home/sourav/kuka_ws/install/local_setup.ps1'
[6.723s] INFO:colcon.colcon_core.shell:Creating prefix util module '/home/sourav/kuka_ws/install/_local_setup_util_ps1.py'
[6.724s] INFO:colcon.colcon_core.shell:Creating prefix chain script '/home/sourav/kuka_ws/install/setup.ps1'
[6.726s] INFO:colcon.colcon_core.shell:Creating prefix script '/home/sourav/kuka_ws/install/local_setup.sh'
[6.747s] INFO:colcon.colcon_core.shell:Creating prefix util module '/home/sourav/kuka_ws/install/_local_setup_util_sh.py'
[6.748s] INFO:colcon.colcon_core.shell:Creating prefix chain script '/home/sourav/kuka_ws/install/setup.sh'
[6.750s] INFO:colcon.colcon_core.shell:Creating prefix script '/home/sourav/kuka_ws/install/local_setup.bash'
[6.750s] INFO:colcon.colcon_core.shell:Creating prefix chain script '/home/sourav/kuka_ws/install/setup.bash'
[6.752s] INFO:colcon.colcon_core.shell:Creating prefix script '/home/sourav/kuka_ws/install/local_setup.zsh'
[6.753s] INFO:colcon.colcon_core.shell:Creating prefix chain script '/home/sourav/kuka_ws/install/setup.zsh'
