[0.112s] DEBUG:colcon:Command line arguments: ['/usr/bin/colcon', 'build']
[0.112s] DEBUG:colcon:Parsed command line arguments: Namespace(log_base=None, log_level=None, verb_name='build', build_base='build', install_base='install', merge_install=False, symlink_install=False, test_result_base=None, continue_on_error=False, executor='parallel', parallel_workers=12, event_handlers=None, ignore_user_meta=False, metas=['./colcon.meta'], base_paths=['.'], packages_ignore=None, packages_ignore_regex=None, paths=None, packages_up_to=None, packages_up_to_regex=None, packages_above=None, packages_above_and_dependencies=None, packages_above_depth=None, packages_select_by_dep=None, packages_skip_by_dep=None, packages_skip_up_to=None, packages_select_build_failed=False, packages_skip_build_finished=False, packages_select_test_failures=False, packages_skip_test_passed=False, packages_select=None, packages_skip=None, packages_select_regex=None, packages_skip_regex=None, packages_start=None, packages_end=None, allow_overriding=[], cmake_args=None, cmake_target=None, cmake_target_skip_unavailable=False, cmake_clean_cache=False, cmake_clean_first=False, cmake_force_configure=False, ament_cmake_args=None, catkin_cmake_args=None, catkin_skip_building_tests=False, mixin_files=None, mixin=None, verb_parser=<colcon_mixin.mixin.mixin_argument.MixinArgumentDecorator object at 0x7e1168981000>, verb_extension=<colcon_core.verb.build.BuildVerb object at 0x7e1168980a60>, main=<bound method BuildVerb.main of <colcon_core.verb.build.BuildVerb object at 0x7e1168980a60>>, mixin_verb=('build',))
[0.302s] Level 1:colcon.colcon_core.package_discovery:discover_packages(colcon_meta) check parameters
[0.302s] Level 1:colcon.colcon_core.package_discovery:discover_packages(recursive) check parameters
[0.302s] Level 1:colcon.colcon_core.package_discovery:discover_packages(ignore) check parameters
[0.302s] Level 1:colcon.colcon_core.package_discovery:discover_packages(path) check parameters
[0.302s] Level 1:colcon.colcon_core.package_discovery:discover_packages(colcon_meta) discover
[0.303s] Level 1:colcon.colcon_core.package_discovery:discover_packages(recursive) discover
[0.303s] INFO:colcon.colcon_core.package_discovery:Crawling recursively for packages in '/home/sourav/kuka_ws'
[0.303s] Level 1:colcon.colcon_core.package_identification:_identify(.) by extensions ['ignore', 'ignore_ament_install']
[0.303s] Level 1:colcon.colcon_core.package_identification:_identify(.) by extension 'ignore'
[0.303s] Level 1:colcon.colcon_core.package_identification:_identify(.) by extension 'ignore_ament_install'
[0.303s] Level 1:colcon.colcon_core.package_identification:_identify(.) by extensions ['colcon_pkg']
[0.303s] Level 1:colcon.colcon_core.package_identification:_identify(.) by extension 'colcon_pkg'
[0.303s] Level 1:colcon.colcon_core.package_identification:_identify(.) by extensions ['colcon_meta']
[0.303s] Level 1:colcon.colcon_core.package_identification:_identify(.) by extension 'colcon_meta'
[0.303s] Level 1:colcon.colcon_core.package_identification:_identify(.) by extensions ['ros']
[0.303s] Level 1:colcon.colcon_core.package_identification:_identify(.) by extension 'ros'
[0.313s] Level 1:colcon.colcon_core.package_identification:_identify(.) by extensions ['cmake', 'python']
[0.313s] Level 1:colcon.colcon_core.package_identification:_identify(.) by extension 'cmake'
[0.313s] Level 1:colcon.colcon_core.package_identification:_identify(.) by extension 'python'
[0.313s] Level 1:colcon.colcon_core.package_identification:_identify(.) by extensions ['python_setup_py']
[0.313s] Level 1:colcon.colcon_core.package_identification:_identify(.) by extension 'python_setup_py'
[0.313s] Level 1:colcon.colcon_core.package_identification:_identify(build) by extensions ['ignore', 'ignore_ament_install']
[0.313s] Level 1:colcon.colcon_core.package_identification:_identify(build) by extension 'ignore'
[0.313s] Level 1:colcon.colcon_core.package_identification:_identify(build) ignored
[0.314s] Level 1:colcon.colcon_core.package_identification:_identify(install) by extensions ['ignore', 'ignore_ament_install']
[0.314s] Level 1:colcon.colcon_core.package_identification:_identify(install) by extension 'ignore'
[0.314s] Level 1:colcon.colcon_core.package_identification:_identify(install) ignored
[0.314s] Level 1:colcon.colcon_core.package_identification:_identify(log) by extensions ['ignore', 'ignore_ament_install']
[0.314s] Level 1:colcon.colcon_core.package_identification:_identify(log) by extension 'ignore'
[0.314s] Level 1:colcon.colcon_core.package_identification:_identify(log) ignored
[0.314s] Level 1:colcon.colcon_core.package_identification:_identify(src) by extensions ['ignore', 'ignore_ament_install']
[0.314s] Level 1:colcon.colcon_core.package_identification:_identify(src) by extension 'ignore'
[0.314s] Level 1:colcon.colcon_core.package_identification:_identify(src) by extension 'ignore_ament_install'
[0.314s] Level 1:colcon.colcon_core.package_identification:_identify(src) by extensions ['colcon_pkg']
[0.314s] Level 1:colcon.colcon_core.package_identification:_identify(src) by extension 'colcon_pkg'
[0.314s] Level 1:colcon.colcon_core.package_identification:_identify(src) by extensions ['colcon_meta']
[0.314s] Level 1:colcon.colcon_core.package_identification:_identify(src) by extension 'colcon_meta'
[0.314s] Level 1:colcon.colcon_core.package_identification:_identify(src) by extensions ['ros']
[0.314s] Level 1:colcon.colcon_core.package_identification:_identify(src) by extension 'ros'
[0.314s] Level 1:colcon.colcon_core.package_identification:_identify(src) by extensions ['cmake', 'python']
[0.314s] Level 1:colcon.colcon_core.package_identification:_identify(src) by extension 'cmake'
[0.315s] Level 1:colcon.colcon_core.package_identification:_identify(src) by extension 'python'
[0.315s] Level 1:colcon.colcon_core.package_identification:_identify(src) by extensions ['python_setup_py']
[0.315s] Level 1:colcon.colcon_core.package_identification:_identify(src) by extension 'python_setup_py'
[0.315s] Level 1:colcon.colcon_core.package_identification:_identify(src/kuka_description) by extensions ['ignore', 'ignore_ament_install']
[0.315s] Level 1:colcon.colcon_core.package_identification:_identify(src/kuka_description) by extension 'ignore'
[0.315s] Level 1:colcon.colcon_core.package_identification:_identify(src/kuka_description) by extension 'ignore_ament_install'
[0.315s] Level 1:colcon.colcon_core.package_identification:_identify(src/kuka_description) by extensions ['colcon_pkg']
[0.315s] Level 1:colcon.colcon_core.package_identification:_identify(src/kuka_description) by extension 'colcon_pkg'
[0.315s] Level 1:colcon.colcon_core.package_identification:_identify(src/kuka_description) by extensions ['colcon_meta']
[0.315s] Level 1:colcon.colcon_core.package_identification:_identify(src/kuka_description) by extension 'colcon_meta'
[0.315s] Level 1:colcon.colcon_core.package_identification:_identify(src/kuka_description) by extensions ['ros']
[0.315s] Level 1:colcon.colcon_core.package_identification:_identify(src/kuka_description) by extension 'ros'
[0.318s] DEBUG:colcon.colcon_core.package_identification:Package 'src/kuka_description' with type 'ros.ament_cmake' and name 'kuka_description'
[0.318s] Level 1:colcon.colcon_core.package_discovery:discover_packages(recursive) using defaults
[0.318s] Level 1:colcon.colcon_core.package_discovery:discover_packages(ignore) discover
[0.318s] Level 1:colcon.colcon_core.package_discovery:discover_packages(ignore) using defaults
[0.318s] Level 1:colcon.colcon_core.package_discovery:discover_packages(path) discover
[0.318s] Level 1:colcon.colcon_core.package_discovery:discover_packages(path) using defaults
[0.344s] Level 1:colcon.colcon_core.package_discovery:discover_packages(prefix_path) check parameters
[0.344s] Level 1:colcon.colcon_core.package_discovery:discover_packages(prefix_path) discover
[0.346s] DEBUG:colcon.colcon_installed_package_information.package_discovery:Found 1 installed packages in /home/sourav/kuka_ws/install
[0.347s] DEBUG:colcon.colcon_installed_package_information.package_discovery:Found 11 installed packages in /home/sourav/iki_workspace/ros2_ws/install
[0.347s] DEBUG:colcon.colcon_installed_package_information.package_discovery:Found 3 installed packages in /home/sourav/turtlebot3_ws/install
[0.349s] DEBUG:colcon.colcon_installed_package_information.package_discovery:Found 458 installed packages in /opt/ros/humble
[0.351s] Level 1:colcon.colcon_core.package_discovery:discover_packages(prefix_path) using defaults
[0.406s] Level 5:colcon.colcon_core.verb:set package 'kuka_description' build argument 'cmake_args' from command line to 'None'
[0.406s] Level 5:colcon.colcon_core.verb:set package 'kuka_description' build argument 'cmake_target' from command line to 'None'
[0.406s] Level 5:colcon.colcon_core.verb:set package 'kuka_description' build argument 'cmake_target_skip_unavailable' from command line to 'False'
[0.406s] Level 5:colcon.colcon_core.verb:set package 'kuka_description' build argument 'cmake_clean_cache' from command line to 'False'
[0.406s] Level 5:colcon.colcon_core.verb:set package 'kuka_description' build argument 'cmake_clean_first' from command line to 'False'
[0.407s] Level 5:colcon.colcon_core.verb:set package 'kuka_description' build argument 'cmake_force_configure' from command line to 'False'
[0.407s] Level 5:colcon.colcon_core.verb:set package 'kuka_description' build argument 'ament_cmake_args' from command line to 'None'
[0.407s] Level 5:colcon.colcon_core.verb:set package 'kuka_description' build argument 'catkin_cmake_args' from command line to 'None'
[0.407s] Level 5:colcon.colcon_core.verb:set package 'kuka_description' build argument 'catkin_skip_building_tests' from command line to 'False'
[0.407s] DEBUG:colcon.colcon_core.verb:Building package 'kuka_description' with the following arguments: {'ament_cmake_args': None, 'build_base': '/home/sourav/kuka_ws/build/kuka_description', 'catkin_cmake_args': None, 'catkin_skip_building_tests': False, 'cmake_args': None, 'cmake_clean_cache': False, 'cmake_clean_first': False, 'cmake_force_configure': False, 'cmake_target': None, 'cmake_target_skip_unavailable': False, 'install_base': '/home/sourav/kuka_ws/install/kuka_description', 'merge_install': False, 'path': '/home/sourav/kuka_ws/src/kuka_description', 'symlink_install': False, 'test_result_base': None}
[0.407s] INFO:colcon.colcon_core.executor:Executing jobs using 'parallel' executor
[0.408s] DEBUG:colcon.colcon_parallel_executor.executor.parallel:run_until_complete
[0.408s] INFO:colcon.colcon_ros.task.ament_cmake.build:Building ROS package in '/home/sourav/kuka_ws/src/kuka_description' with build type 'ament_cmake'
[0.408s] INFO:colcon.colcon_cmake.task.cmake.build:Building CMake package in '/home/sourav/kuka_ws/src/kuka_description'
[0.410s] INFO:colcon.colcon_core.plugin_system:Skipping extension 'colcon_core.shell.bat': Not used on non-Windows systems
[0.410s] INFO:colcon.colcon_core.shell:Skip shell extension 'powershell' for command environment: Not usable outside of PowerShell
[0.410s] DEBUG:colcon.colcon_core.shell:Skip shell extension 'dsv' for command environment
[0.946s] DEBUG:colcon.colcon_core.event_handler.log_command:Invoking command in '/home/sourav/kuka_ws/build/kuka_description': CMAKE_PREFIX_PATH=${CMAKE_PREFIX_PATH}:/home/sourav/iki_workspace/ros2_ws/install/catch_a_turtle:/home/sourav/iki_workspace/ros2_ws/install/turtlemover:/home/sourav/iki_workspace/ros2_ws/install/tb3_rwu_arena:/home/sourav/iki_workspace/ros2_ws/install/py_pubsub:/home/sourav/iki_workspace/ros2_ws/install/my_package:/home/sourav/iki_workspace/ros2_ws/install/my_cv_package:/home/sourav/iki_workspace/ros2_ws/install/follow_wall:/home/sourav/iki_workspace/ros2_ws/install/follow_line:/home/sourav/iki_workspace/ros2_ws/install/drive_to_wall:/home/sourav/iki_workspace/ros2_ws/install/autorace_wall_follow:/opt/ros/humble /usr/bin/cmake --build /home/sourav/kuka_ws/build/kuka_description -- -j12 -l12
[1.008s] DEBUG:colcon.colcon_core.event_handler.log_command:Invoked command in '/home/sourav/kuka_ws/build/kuka_description' returned '0': CMAKE_PREFIX_PATH=${CMAKE_PREFIX_PATH}:/home/sourav/iki_workspace/ros2_ws/install/catch_a_turtle:/home/sourav/iki_workspace/ros2_ws/install/turtlemover:/home/sourav/iki_workspace/ros2_ws/install/tb3_rwu_arena:/home/sourav/iki_workspace/ros2_ws/install/py_pubsub:/home/sourav/iki_workspace/ros2_ws/install/my_package:/home/sourav/iki_workspace/ros2_ws/install/my_cv_package:/home/sourav/iki_workspace/ros2_ws/install/follow_wall:/home/sourav/iki_workspace/ros2_ws/install/follow_line:/home/sourav/iki_workspace/ros2_ws/install/drive_to_wall:/home/sourav/iki_workspace/ros2_ws/install/autorace_wall_follow:/opt/ros/humble /usr/bin/cmake --build /home/sourav/kuka_ws/build/kuka_description -- -j12 -l12
[1.060s] DEBUG:colcon.colcon_core.event_handler.log_command:Invoking command in '/home/sourav/kuka_ws/build/kuka_description': CMAKE_PREFIX_PATH=${CMAKE_PREFIX_PATH}:/home/sourav/iki_workspace/ros2_ws/install/catch_a_turtle:/home/sourav/iki_workspace/ros2_ws/install/turtlemover:/home/sourav/iki_workspace/ros2_ws/install/tb3_rwu_arena:/home/sourav/iki_workspace/ros2_ws/install/py_pubsub:/home/sourav/iki_workspace/ros2_ws/install/my_package:/home/sourav/iki_workspace/ros2_ws/install/my_cv_package:/home/sourav/iki_workspace/ros2_ws/install/follow_wall:/home/sourav/iki_workspace/ros2_ws/install/follow_line:/home/sourav/iki_workspace/ros2_ws/install/drive_to_wall:/home/sourav/iki_workspace/ros2_ws/install/autorace_wall_follow:/opt/ros/humble /usr/bin/cmake --install /home/sourav/kuka_ws/build/kuka_description
[1.096s] Level 1:colcon.colcon_core.environment:create_environment_scripts_only(kuka_description)
[1.097s] DEBUG:colcon.colcon_core.event_handler.log_command:Invoked command in '/home/sourav/kuka_ws/build/kuka_description' returned '0': CMAKE_PREFIX_PATH=${CMAKE_PREFIX_PATH}:/home/sourav/iki_workspace/ros2_ws/install/catch_a_turtle:/home/sourav/iki_workspace/ros2_ws/install/turtlemover:/home/sourav/iki_workspace/ros2_ws/install/tb3_rwu_arena:/home/sourav/iki_workspace/ros2_ws/install/py_pubsub:/home/sourav/iki_workspace/ros2_ws/install/my_package:/home/sourav/iki_workspace/ros2_ws/install/my_cv_package:/home/sourav/iki_workspace/ros2_ws/install/follow_wall:/home/sourav/iki_workspace/ros2_ws/install/follow_line:/home/sourav/iki_workspace/ros2_ws/install/drive_to_wall:/home/sourav/iki_workspace/ros2_ws/install/autorace_wall_follow:/opt/ros/humble /usr/bin/cmake --install /home/sourav/kuka_ws/build/kuka_description
[1.099s] Level 1:colcon.colcon_core.environment:checking '/home/sourav/kuka_ws/install/kuka_description' for CMake module files
[1.100s] Level 1:colcon.colcon_core.environment:checking '/home/sourav/kuka_ws/install/kuka_description' for CMake config files
[1.100s] Level 1:colcon.colcon_core.shell:create_environment_hook('kuka_description', 'cmake_prefix_path')
[1.100s] INFO:colcon.colcon_core.shell:Creating environment hook '/home/sourav/kuka_ws/install/kuka_description/share/kuka_description/hook/cmake_prefix_path.ps1'
[1.144s] INFO:colcon.colcon_core.shell:Creating environment descriptor '/home/sourav/kuka_ws/install/kuka_description/share/kuka_description/hook/cmake_prefix_path.dsv'
[1.152s] INFO:colcon.colcon_core.shell:Creating environment hook '/home/sourav/kuka_ws/install/kuka_description/share/kuka_description/hook/cmake_prefix_path.sh'
[1.212s] Level 1:colcon.colcon_core.environment:checking '/home/sourav/kuka_ws/install/kuka_description/bin'
[1.212s] Level 1:colcon.colcon_core.environment:checking '/home/sourav/kuka_ws/install/kuka_description/lib/pkgconfig/kuka_description.pc'
[1.213s] Level 1:colcon.colcon_core.environment:checking '/home/sourav/kuka_ws/install/kuka_description/lib/python3.10/site-packages'
[1.214s] Level 1:colcon.colcon_core.environment:checking '/home/sourav/kuka_ws/install/kuka_description/bin'
[1.215s] INFO:colcon.colcon_core.shell:Creating package script '/home/sourav/kuka_ws/install/kuka_description/share/kuka_description/package.ps1'
[1.270s] INFO:colcon.colcon_core.shell:Creating package descriptor '/home/sourav/kuka_ws/install/kuka_description/share/kuka_description/package.dsv'
[1.281s] INFO:colcon.colcon_core.shell:Creating package script '/home/sourav/kuka_ws/install/kuka_description/share/kuka_description/package.sh'
[1.336s] INFO:colcon.colcon_core.shell:Creating package script '/home/sourav/kuka_ws/install/kuka_description/share/kuka_description/package.bash'
[1.596s] INFO:colcon.colcon_core.shell:Creating package script '/home/sourav/kuka_ws/install/kuka_description/share/kuka_description/package.zsh'
[1.599s] Level 1:colcon.colcon_core.environment:create_file_with_runtime_dependencies(/home/sourav/kuka_ws/install/kuka_description/share/colcon-core/packages/kuka_description)
[1.601s] Level 1:colcon.colcon_core.environment:create_environment_scripts_only(kuka_description)
[1.602s] Level 1:colcon.colcon_core.environment:checking '/home/sourav/kuka_ws/install/kuka_description' for CMake module files
[1.603s] Level 1:colcon.colcon_core.environment:checking '/home/sourav/kuka_ws/install/kuka_description' for CMake config files
[1.603s] Level 1:colcon.colcon_core.shell:create_environment_hook('kuka_description', 'cmake_prefix_path')
[1.604s] INFO:colcon.colcon_core.shell:Creating environment hook '/home/sourav/kuka_ws/install/kuka_description/share/kuka_description/hook/cmake_prefix_path.ps1'
[1.604s] INFO:colcon.colcon_core.shell:Creating environment descriptor '/home/sourav/kuka_ws/install/kuka_description/share/kuka_description/hook/cmake_prefix_path.dsv'
[1.604s] INFO:colcon.colcon_core.shell:Creating environment hook '/home/sourav/kuka_ws/install/kuka_description/share/kuka_description/hook/cmake_prefix_path.sh'
[1.605s] Level 1:colcon.colcon_core.environment:checking '/home/sourav/kuka_ws/install/kuka_description/bin'
[1.605s] Level 1:colcon.colcon_core.environment:checking '/home/sourav/kuka_ws/install/kuka_description/lib/pkgconfig/kuka_description.pc'
[1.605s] Level 1:colcon.colcon_core.environment:checking '/home/sourav/kuka_ws/install/kuka_description/lib/python3.10/site-packages'
[1.605s] Level 1:colcon.colcon_core.environment:checking '/home/sourav/kuka_ws/install/kuka_description/bin'
[1.606s] INFO:colcon.colcon_core.shell:Creating package script '/home/sourav/kuka_ws/install/kuka_description/share/kuka_description/package.ps1'
[1.606s] INFO:colcon.colcon_core.shell:Creating package descriptor '/home/sourav/kuka_ws/install/kuka_description/share/kuka_description/package.dsv'
[1.607s] INFO:colcon.colcon_core.shell:Creating package script '/home/sourav/kuka_ws/install/kuka_description/share/kuka_description/package.sh'
[1.607s] INFO:colcon.colcon_core.shell:Creating package script '/home/sourav/kuka_ws/install/kuka_description/share/kuka_description/package.bash'
[1.608s] INFO:colcon.colcon_core.shell:Creating package script '/home/sourav/kuka_ws/install/kuka_description/share/kuka_description/package.zsh'
[2.223s] Level 1:colcon.colcon_core.environment:create_file_with_runtime_dependencies(/home/sourav/kuka_ws/install/kuka_description/share/colcon-core/packages/kuka_description)
[2.224s] DEBUG:colcon.colcon_parallel_executor.executor.parallel:closing loop
[2.225s] DEBUG:colcon.colcon_parallel_executor.executor.parallel:loop closed
[2.226s] DEBUG:colcon.colcon_parallel_executor.executor.parallel:run_until_complete finished with '0'
[2.226s] DEBUG:colcon.colcon_core.event_reactor:joining thread
[2.248s] INFO:colcon.colcon_core.plugin_system:Skipping extension 'colcon_notification.desktop_notification.terminal_notifier': Not used on non-Darwin systems
[2.248s] INFO:colcon.colcon_core.plugin_system:Skipping extension 'colcon_notification.desktop_notification.win32': Not used on non-Windows systems
[2.248s] INFO:colcon.colcon_notification.desktop_notification:Sending desktop notification using 'notify2'
[2.260s] DEBUG:colcon.colcon_core.event_reactor:joined thread
[2.260s] INFO:colcon.colcon_core.shell:Creating prefix script '/home/sourav/kuka_ws/install/local_setup.ps1'
[2.283s] INFO:colcon.colcon_core.shell:Creating prefix util module '/home/sourav/kuka_ws/install/_local_setup_util_ps1.py'
[2.309s] INFO:colcon.colcon_core.shell:Creating prefix chain script '/home/sourav/kuka_ws/install/setup.ps1'
[2.376s] INFO:colcon.colcon_core.shell:Creating prefix script '/home/sourav/kuka_ws/install/local_setup.sh'
[2.405s] INFO:colcon.colcon_core.shell:Creating prefix util module '/home/sourav/kuka_ws/install/_local_setup_util_sh.py'
[2.414s] INFO:colcon.colcon_core.shell:Creating prefix chain script '/home/sourav/kuka_ws/install/setup.sh'
[2.450s] INFO:colcon.colcon_core.shell:Creating prefix script '/home/sourav/kuka_ws/install/local_setup.bash'
[2.482s] INFO:colcon.colcon_core.shell:Creating prefix chain script '/home/sourav/kuka_ws/install/setup.bash'
[2.485s] INFO:colcon.colcon_core.shell:Creating prefix script '/home/sourav/kuka_ws/install/local_setup.zsh'
[2.526s] INFO:colcon.colcon_core.shell:Creating prefix chain script '/home/sourav/kuka_ws/install/setup.zsh'
