[0.018s] Invoking command in '/home/sourav/kuka_ws/build/kuka_moveit': CMAKE_PREFIX_PATH=${CMAKE_PREFIX_PATH}:/home/sourav/iki_workspace/ros2_ws/install/catch_a_turtle:/home/sourav/iki_workspace/ros2_ws/install/turtlemover:/home/sourav/iki_workspace/ros2_ws/install/tb3_rwu_arena:/home/sourav/iki_workspace/ros2_ws/install/py_pubsub:/home/sourav/iki_workspace/ros2_ws/install/my_package:/home/sourav/iki_workspace/ros2_ws/install/my_cv_package:/home/sourav/iki_workspace/ros2_ws/install/follow_wall:/home/sourav/iki_workspace/ros2_ws/install/follow_line:/home/sourav/iki_workspace/ros2_ws/install/drive_to_wall:/home/sourav/iki_workspace/ros2_ws/install/autorace_wall_follow:/opt/ros/humble /usr/bin/cmake --build /home/sourav/kuka_ws/build/kuka_moveit -- -j12 -l12
[0.071s] Invoked command in '/home/sourav/kuka_ws/build/kuka_moveit' returned '0': CMAKE_PREFIX_PATH=${CMAKE_PREFIX_PATH}:/home/sourav/iki_workspace/ros2_ws/install/catch_a_turtle:/home/sourav/iki_workspace/ros2_ws/install/turtlemover:/home/sourav/iki_workspace/ros2_ws/install/tb3_rwu_arena:/home/sourav/iki_workspace/ros2_ws/install/py_pubsub:/home/sourav/iki_workspace/ros2_ws/install/my_package:/home/sourav/iki_workspace/ros2_ws/install/my_cv_package:/home/sourav/iki_workspace/ros2_ws/install/follow_wall:/home/sourav/iki_workspace/ros2_ws/install/follow_line:/home/sourav/iki_workspace/ros2_ws/install/drive_to_wall:/home/sourav/iki_workspace/ros2_ws/install/autorace_wall_follow:/opt/ros/humble /usr/bin/cmake --build /home/sourav/kuka_ws/build/kuka_moveit -- -j12 -l12
[0.073s] Invoking command in '/home/sourav/kuka_ws/build/kuka_moveit': CMAKE_PREFIX_PATH=${CMAKE_PREFIX_PATH}:/home/sourav/iki_workspace/ros2_ws/install/catch_a_turtle:/home/sourav/iki_workspace/ros2_ws/install/turtlemover:/home/sourav/iki_workspace/ros2_ws/install/tb3_rwu_arena:/home/sourav/iki_workspace/ros2_ws/install/py_pubsub:/home/sourav/iki_workspace/ros2_ws/install/my_package:/home/sourav/iki_workspace/ros2_ws/install/my_cv_package:/home/sourav/iki_workspace/ros2_ws/install/follow_wall:/home/sourav/iki_workspace/ros2_ws/install/follow_line:/home/sourav/iki_workspace/ros2_ws/install/drive_to_wall:/home/sourav/iki_workspace/ros2_ws/install/autorace_wall_follow:/opt/ros/humble /usr/bin/cmake --install /home/sourav/kuka_ws/build/kuka_moveit
[0.087s] -- Install configuration: ""
[0.087s] -- Up-to-date: /home/sourav/kuka_ws/install/kuka_moveit/share/kuka_moveit/config
[0.087s] -- Installing: /home/sourav/kuka_ws/install/kuka_moveit/share/kuka_moveit/config/kuka.srdf
[0.087s] -- Up-to-date: /home/sourav/kuka_ws/install/kuka_moveit/share/kuka_moveit/config/joint_limits.yaml
[0.087s] -- Up-to-date: /home/sourav/kuka_ws/install/kuka_moveit/share/kuka_moveit/config/pilz_cartesian_limits.yaml
[0.087s] -- Up-to-date: /home/sourav/kuka_ws/install/kuka_moveit/share/kuka_moveit/config/kinematics.yaml
[0.087s] -- Up-to-date: /home/sourav/kuka_ws/install/kuka_moveit/share/kuka_moveit/config/initial_positions.yaml
[0.087s] -- Up-to-date: /home/sourav/kuka_ws/install/kuka_moveit/share/kuka_moveit/config/moveit_controllers.yaml
[0.088s] -- Up-to-date: /home/sourav/kuka_ws/install/kuka_moveit/share/kuka_moveit/launch
[0.088s] -- Up-to-date: /home/sourav/kuka_ws/install/kuka_moveit/share/kuka_moveit/launch/moveit.launch.py
[0.088s] -- Up-to-date: /home/sourav/kuka_ws/install/kuka_moveit/share/ament_index/resource_index/package_run_dependencies/kuka_moveit
[0.088s] -- Up-to-date: /home/sourav/kuka_ws/install/kuka_moveit/share/ament_index/resource_index/parent_prefix_path/kuka_moveit
[0.088s] -- Up-to-date: /home/sourav/kuka_ws/install/kuka_moveit/share/kuka_moveit/environment/ament_prefix_path.sh
[0.088s] -- Up-to-date: /home/sourav/kuka_ws/install/kuka_moveit/share/kuka_moveit/environment/ament_prefix_path.dsv
[0.088s] -- Up-to-date: /home/sourav/kuka_ws/install/kuka_moveit/share/kuka_moveit/environment/path.sh
[0.088s] -- Up-to-date: /home/sourav/kuka_ws/install/kuka_moveit/share/kuka_moveit/environment/path.dsv
[0.088s] -- Up-to-date: /home/sourav/kuka_ws/install/kuka_moveit/share/kuka_moveit/local_setup.bash
[0.088s] -- Up-to-date: /home/sourav/kuka_ws/install/kuka_moveit/share/kuka_moveit/local_setup.sh
[0.088s] -- Up-to-date: /home/sourav/kuka_ws/install/kuka_moveit/share/kuka_moveit/local_setup.zsh
[0.088s] -- Up-to-date: /home/sourav/kuka_ws/install/kuka_moveit/share/kuka_moveit/local_setup.dsv
[0.088s] -- Installing: /home/sourav/kuka_ws/install/kuka_moveit/share/kuka_moveit/package.dsv
[0.088s] -- Up-to-date: /home/sourav/kuka_ws/install/kuka_moveit/share/ament_index/resource_index/packages/kuka_moveit
[0.089s] -- Up-to-date: /home/sourav/kuka_ws/install/kuka_moveit/share/kuka_moveit/cmake/kuka_moveitConfig.cmake
[0.089s] -- Up-to-date: /home/sourav/kuka_ws/install/kuka_moveit/share/kuka_moveit/cmake/kuka_moveitConfig-version.cmake
[0.089s] -- Up-to-date: /home/sourav/kuka_ws/install/kuka_moveit/share/kuka_moveit/package.xml
[0.136s] Invoked command in '/home/sourav/kuka_ws/build/kuka_moveit' returned '0': CMAKE_PREFIX_PATH=${CMAKE_PREFIX_PATH}:/home/sourav/iki_workspace/ros2_ws/install/catch_a_turtle:/home/sourav/iki_workspace/ros2_ws/install/turtlemover:/home/sourav/iki_workspace/ros2_ws/install/tb3_rwu_arena:/home/sourav/iki_workspace/ros2_ws/install/py_pubsub:/home/sourav/iki_workspace/ros2_ws/install/my_package:/home/sourav/iki_workspace/ros2_ws/install/my_cv_package:/home/sourav/iki_workspace/ros2_ws/install/follow_wall:/home/sourav/iki_workspace/ros2_ws/install/follow_line:/home/sourav/iki_workspace/ros2_ws/install/drive_to_wall:/home/sourav/iki_workspace/ros2_ws/install/autorace_wall_follow:/opt/ros/humble /usr/bin/cmake --install /home/sourav/kuka_ws/build/kuka_moveit
