[0.114s] DEBUG:colcon:Command line arguments: ['/usr/bin/colcon', 'build']
[0.114s] DEBUG:colcon:Parsed command line arguments: Namespace(log_base=None, log_level=None, verb_name='build', build_base='build', install_base='install', merge_install=False, symlink_install=False, test_result_base=None, continue_on_error=False, executor='parallel', parallel_workers=12, event_handlers=None, ignore_user_meta=False, metas=['./colcon.meta'], base_paths=['.'], packages_ignore=None, packages_ignore_regex=None, paths=None, packages_up_to=None, packages_up_to_regex=None, packages_above=None, packages_above_and_dependencies=None, packages_above_depth=None, packages_select_by_dep=None, packages_skip_by_dep=None, packages_skip_up_to=None, packages_select_build_failed=False, packages_skip_build_finished=False, packages_select_test_failures=False, packages_skip_test_passed=False, packages_select=None, packages_skip=None, packages_select_regex=None, packages_skip_regex=None, packages_start=None, packages_end=None, allow_overriding=[], cmake_args=None, cmake_target=None, cmake_target_skip_unavailable=False, cmake_clean_cache=False, cmake_clean_first=False, cmake_force_configure=False, ament_cmake_args=None, catkin_cmake_args=None, catkin_skip_building_tests=False, mixin_files=None, mixin=None, verb_parser=<colcon_mixin.mixin.mixin_argument.MixinArgumentDecorator object at 0x71fad4280fd0>, verb_extension=<colcon_core.verb.build.BuildVerb object at 0x71fad4280a30>, main=<bound method BuildVerb.main of <colcon_core.verb.build.BuildVerb object at 0x71fad4280a30>>, mixin_verb=('build',))
[0.297s] Level 1:colcon.colcon_core.package_discovery:discover_packages(colcon_meta) check parameters
[0.297s] Level 1:colcon.colcon_core.package_discovery:discover_packages(recursive) check parameters
[0.297s] Level 1:colcon.colcon_core.package_discovery:discover_packages(ignore) check parameters
[0.297s] Level 1:colcon.colcon_core.package_discovery:discover_packages(path) check parameters
[0.297s] Level 1:colcon.colcon_core.package_discovery:discover_packages(colcon_meta) discover
[0.297s] Level 1:colcon.colcon_core.package_discovery:discover_packages(recursive) discover
[0.297s] INFO:colcon.colcon_core.package_discovery:Crawling recursively for packages in '/home/sourav/kuka_ws'
[0.297s] Level 1:colcon.colcon_core.package_identification:_identify(.) by extensions ['ignore', 'ignore_ament_install']
[0.297s] Level 1:colcon.colcon_core.package_identification:_identify(.) by extension 'ignore'
[0.297s] Level 1:colcon.colcon_core.package_identification:_identify(.) by extension 'ignore_ament_install'
[0.297s] Level 1:colcon.colcon_core.package_identification:_identify(.) by extensions ['colcon_pkg']
[0.298s] Level 1:colcon.colcon_core.package_identification:_identify(.) by extension 'colcon_pkg'
[0.298s] Level 1:colcon.colcon_core.package_identification:_identify(.) by extensions ['colcon_meta']
[0.298s] Level 1:colcon.colcon_core.package_identification:_identify(.) by extension 'colcon_meta'
[0.298s] Level 1:colcon.colcon_core.package_identification:_identify(.) by extensions ['ros']
[0.298s] Level 1:colcon.colcon_core.package_identification:_identify(.) by extension 'ros'
[0.308s] Level 1:colcon.colcon_core.package_identification:_identify(.) by extensions ['cmake', 'python']
[0.308s] Level 1:colcon.colcon_core.package_identification:_identify(.) by extension 'cmake'
[0.308s] Level 1:colcon.colcon_core.package_identification:_identify(.) by extension 'python'
[0.308s] Level 1:colcon.colcon_core.package_identification:_identify(.) by extensions ['python_setup_py']
[0.308s] Level 1:colcon.colcon_core.package_identification:_identify(.) by extension 'python_setup_py'
[0.308s] Level 1:colcon.colcon_core.package_identification:_identify(build) by extensions ['ignore', 'ignore_ament_install']
[0.308s] Level 1:colcon.colcon_core.package_identification:_identify(build) by extension 'ignore'
[0.308s] Level 1:colcon.colcon_core.package_identification:_identify(build) ignored
[0.308s] Level 1:colcon.colcon_core.package_identification:_identify(install) by extensions ['ignore', 'ignore_ament_install']
[0.308s] Level 1:colcon.colcon_core.package_identification:_identify(install) by extension 'ignore'
[0.308s] Level 1:colcon.colcon_core.package_identification:_identify(install) ignored
[0.308s] Level 1:colcon.colcon_core.package_identification:_identify(log) by extensions ['ignore', 'ignore_ament_install']
[0.308s] Level 1:colcon.colcon_core.package_identification:_identify(log) by extension 'ignore'
[0.308s] Level 1:colcon.colcon_core.package_identification:_identify(log) ignored
[0.309s] Level 1:colcon.colcon_core.package_identification:_identify(src) by extensions ['ignore', 'ignore_ament_install']
[0.309s] Level 1:colcon.colcon_core.package_identification:_identify(src) by extension 'ignore'
[0.309s] Level 1:colcon.colcon_core.package_identification:_identify(src) by extension 'ignore_ament_install'
[0.309s] Level 1:colcon.colcon_core.package_identification:_identify(src) by extensions ['colcon_pkg']
[0.309s] Level 1:colcon.colcon_core.package_identification:_identify(src) by extension 'colcon_pkg'
[0.309s] Level 1:colcon.colcon_core.package_identification:_identify(src) by extensions ['colcon_meta']
[0.309s] Level 1:colcon.colcon_core.package_identification:_identify(src) by extension 'colcon_meta'
[0.309s] Level 1:colcon.colcon_core.package_identification:_identify(src) by extensions ['ros']
[0.309s] Level 1:colcon.colcon_core.package_identification:_identify(src) by extension 'ros'
[0.309s] Level 1:colcon.colcon_core.package_identification:_identify(src) by extensions ['cmake', 'python']
[0.309s] Level 1:colcon.colcon_core.package_identification:_identify(src) by extension 'cmake'
[0.309s] Level 1:colcon.colcon_core.package_identification:_identify(src) by extension 'python'
[0.309s] Level 1:colcon.colcon_core.package_identification:_identify(src) by extensions ['python_setup_py']
[0.309s] Level 1:colcon.colcon_core.package_identification:_identify(src) by extension 'python_setup_py'
[0.309s] Level 1:colcon.colcon_core.package_identification:_identify(src/kuka_controllers) by extensions ['ignore', 'ignore_ament_install']
[0.309s] Level 1:colcon.colcon_core.package_identification:_identify(src/kuka_controllers) by extension 'ignore'
[0.309s] Level 1:colcon.colcon_core.package_identification:_identify(src/kuka_controllers) by extension 'ignore_ament_install'
[0.309s] Level 1:colcon.colcon_core.package_identification:_identify(src/kuka_controllers) by extensions ['colcon_pkg']
[0.309s] Level 1:colcon.colcon_core.package_identification:_identify(src/kuka_controllers) by extension 'colcon_pkg'
[0.310s] Level 1:colcon.colcon_core.package_identification:_identify(src/kuka_controllers) by extensions ['colcon_meta']
[0.310s] Level 1:colcon.colcon_core.package_identification:_identify(src/kuka_controllers) by extension 'colcon_meta'
[0.310s] Level 1:colcon.colcon_core.package_identification:_identify(src/kuka_controllers) by extensions ['ros']
[0.310s] Level 1:colcon.colcon_core.package_identification:_identify(src/kuka_controllers) by extension 'ros'
[0.312s] DEBUG:colcon.colcon_core.package_identification:Package 'src/kuka_controllers' with type 'ros.ament_cmake' and name 'kuka_controllers'
[0.312s] Level 1:colcon.colcon_core.package_identification:_identify(src/kuka_description) by extensions ['ignore', 'ignore_ament_install']
[0.313s] Level 1:colcon.colcon_core.package_identification:_identify(src/kuka_description) by extension 'ignore'
[0.313s] Level 1:colcon.colcon_core.package_identification:_identify(src/kuka_description) by extension 'ignore_ament_install'
[0.313s] Level 1:colcon.colcon_core.package_identification:_identify(src/kuka_description) by extensions ['colcon_pkg']
[0.313s] Level 1:colcon.colcon_core.package_identification:_identify(src/kuka_description) by extension 'colcon_pkg'
[0.313s] Level 1:colcon.colcon_core.package_identification:_identify(src/kuka_description) by extensions ['colcon_meta']
[0.313s] Level 1:colcon.colcon_core.package_identification:_identify(src/kuka_description) by extension 'colcon_meta'
[0.313s] Level 1:colcon.colcon_core.package_identification:_identify(src/kuka_description) by extensions ['ros']
[0.313s] Level 1:colcon.colcon_core.package_identification:_identify(src/kuka_description) by extension 'ros'
[0.322s] DEBUG:colcon.colcon_core.package_identification:Package 'src/kuka_description' with type 'ros.ament_cmake' and name 'kuka_description'
[0.322s] Level 1:colcon.colcon_core.package_identification:_identify(src/kuka_moveit) by extensions ['ignore', 'ignore_ament_install']
[0.322s] Level 1:colcon.colcon_core.package_identification:_identify(src/kuka_moveit) by extension 'ignore'
[0.322s] Level 1:colcon.colcon_core.package_identification:_identify(src/kuka_moveit) by extension 'ignore_ament_install'
[0.322s] Level 1:colcon.colcon_core.package_identification:_identify(src/kuka_moveit) by extensions ['colcon_pkg']
[0.322s] Level 1:colcon.colcon_core.package_identification:_identify(src/kuka_moveit) by extension 'colcon_pkg'
[0.322s] Level 1:colcon.colcon_core.package_identification:_identify(src/kuka_moveit) by extensions ['colcon_meta']
[0.322s] Level 1:colcon.colcon_core.package_identification:_identify(src/kuka_moveit) by extension 'colcon_meta'
[0.322s] Level 1:colcon.colcon_core.package_identification:_identify(src/kuka_moveit) by extensions ['ros']
[0.322s] Level 1:colcon.colcon_core.package_identification:_identify(src/kuka_moveit) by extension 'ros'
[0.323s] DEBUG:colcon.colcon_core.package_identification:Package 'src/kuka_moveit' with type 'ros.ament_cmake' and name 'kuka_moveit'
[0.323s] Level 1:colcon.colcon_core.package_discovery:discover_packages(recursive) using defaults
[0.323s] Level 1:colcon.colcon_core.package_discovery:discover_packages(ignore) discover
[0.323s] Level 1:colcon.colcon_core.package_discovery:discover_packages(ignore) using defaults
[0.323s] Level 1:colcon.colcon_core.package_discovery:discover_packages(path) discover
[0.323s] Level 1:colcon.colcon_core.package_discovery:discover_packages(path) using defaults
[0.342s] Level 1:colcon.colcon_core.package_discovery:discover_packages(prefix_path) check parameters
[0.342s] Level 1:colcon.colcon_core.package_discovery:discover_packages(prefix_path) discover
[0.344s] DEBUG:colcon.colcon_installed_package_information.package_discovery:Found 2 installed packages in /home/sourav/kuka_ws/install
[0.345s] DEBUG:colcon.colcon_installed_package_information.package_discovery:Found 11 installed packages in /home/sourav/iki_workspace/ros2_ws/install
[0.345s] DEBUG:colcon.colcon_installed_package_information.package_discovery:Found 3 installed packages in /home/sourav/turtlebot3_ws/install
[0.347s] DEBUG:colcon.colcon_installed_package_information.package_discovery:Found 458 installed packages in /opt/ros/humble
[0.350s] Level 1:colcon.colcon_core.package_discovery:discover_packages(prefix_path) using defaults
[0.402s] Level 5:colcon.colcon_core.verb:set package 'kuka_controllers' build argument 'cmake_args' from command line to 'None'
[0.402s] Level 5:colcon.colcon_core.verb:set package 'kuka_controllers' build argument 'cmake_target' from command line to 'None'
[0.402s] Level 5:colcon.colcon_core.verb:set package 'kuka_controllers' build argument 'cmake_target_skip_unavailable' from command line to 'False'
[0.402s] Level 5:colcon.colcon_core.verb:set package 'kuka_controllers' build argument 'cmake_clean_cache' from command line to 'False'
[0.402s] Level 5:colcon.colcon_core.verb:set package 'kuka_controllers' build argument 'cmake_clean_first' from command line to 'False'
[0.402s] Level 5:colcon.colcon_core.verb:set package 'kuka_controllers' build argument 'cmake_force_configure' from command line to 'False'
[0.402s] Level 5:colcon.colcon_core.verb:set package 'kuka_controllers' build argument 'ament_cmake_args' from command line to 'None'
[0.402s] Level 5:colcon.colcon_core.verb:set package 'kuka_controllers' build argument 'catkin_cmake_args' from command line to 'None'
[0.402s] Level 5:colcon.colcon_core.verb:set package 'kuka_controllers' build argument 'catkin_skip_building_tests' from command line to 'False'
[0.403s] DEBUG:colcon.colcon_core.verb:Building package 'kuka_controllers' with the following arguments: {'ament_cmake_args': None, 'build_base': '/home/sourav/kuka_ws/build/kuka_controllers', 'catkin_cmake_args': None, 'catkin_skip_building_tests': False, 'cmake_args': None, 'cmake_clean_cache': False, 'cmake_clean_first': False, 'cmake_force_configure': False, 'cmake_target': None, 'cmake_target_skip_unavailable': False, 'install_base': '/home/sourav/kuka_ws/install/kuka_controllers', 'merge_install': False, 'path': '/home/sourav/kuka_ws/src/kuka_controllers', 'symlink_install': False, 'test_result_base': None}
[0.403s] Level 5:colcon.colcon_core.verb:set package 'kuka_description' build argument 'cmake_args' from command line to 'None'
[0.403s] Level 5:colcon.colcon_core.verb:set package 'kuka_description' build argument 'cmake_target' from command line to 'None'
[0.403s] Level 5:colcon.colcon_core.verb:set package 'kuka_description' build argument 'cmake_target_skip_unavailable' from command line to 'False'
[0.403s] Level 5:colcon.colcon_core.verb:set package 'kuka_description' build argument 'cmake_clean_cache' from command line to 'False'
[0.403s] Level 5:colcon.colcon_core.verb:set package 'kuka_description' build argument 'cmake_clean_first' from command line to 'False'
[0.403s] Level 5:colcon.colcon_core.verb:set package 'kuka_description' build argument 'cmake_force_configure' from command line to 'False'
[0.403s] Level 5:colcon.colcon_core.verb:set package 'kuka_description' build argument 'ament_cmake_args' from command line to 'None'
[0.403s] Level 5:colcon.colcon_core.verb:set package 'kuka_description' build argument 'catkin_cmake_args' from command line to 'None'
[0.403s] Level 5:colcon.colcon_core.verb:set package 'kuka_description' build argument 'catkin_skip_building_tests' from command line to 'False'
[0.403s] DEBUG:colcon.colcon_core.verb:Building package 'kuka_description' with the following arguments: {'ament_cmake_args': None, 'build_base': '/home/sourav/kuka_ws/build/kuka_description', 'catkin_cmake_args': None, 'catkin_skip_building_tests': False, 'cmake_args': None, 'cmake_clean_cache': False, 'cmake_clean_first': False, 'cmake_force_configure': False, 'cmake_target': None, 'cmake_target_skip_unavailable': False, 'install_base': '/home/sourav/kuka_ws/install/kuka_description', 'merge_install': False, 'path': '/home/sourav/kuka_ws/src/kuka_description', 'symlink_install': False, 'test_result_base': None}
[0.403s] Level 5:colcon.colcon_core.verb:set package 'kuka_moveit' build argument 'cmake_args' from command line to 'None'
[0.404s] Level 5:colcon.colcon_core.verb:set package 'kuka_moveit' build argument 'cmake_target' from command line to 'None'
[0.404s] Level 5:colcon.colcon_core.verb:set package 'kuka_moveit' build argument 'cmake_target_skip_unavailable' from command line to 'False'
[0.404s] Level 5:colcon.colcon_core.verb:set package 'kuka_moveit' build argument 'cmake_clean_cache' from command line to 'False'
[0.404s] Level 5:colcon.colcon_core.verb:set package 'kuka_moveit' build argument 'cmake_clean_first' from command line to 'False'
[0.404s] Level 5:colcon.colcon_core.verb:set package 'kuka_moveit' build argument 'cmake_force_configure' from command line to 'False'
[0.404s] Level 5:colcon.colcon_core.verb:set package 'kuka_moveit' build argument 'ament_cmake_args' from command line to 'None'
[0.404s] Level 5:colcon.colcon_core.verb:set package 'kuka_moveit' build argument 'catkin_cmake_args' from command line to 'None'
[0.404s] Level 5:colcon.colcon_core.verb:set package 'kuka_moveit' build argument 'catkin_skip_building_tests' from command line to 'False'
[0.404s] DEBUG:colcon.colcon_core.verb:Building package 'kuka_moveit' with the following arguments: {'ament_cmake_args': None, 'build_base': '/home/sourav/kuka_ws/build/kuka_moveit', 'catkin_cmake_args': None, 'catkin_skip_building_tests': False, 'cmake_args': None, 'cmake_clean_cache': False, 'cmake_clean_first': False, 'cmake_force_configure': False, 'cmake_target': None, 'cmake_target_skip_unavailable': False, 'install_base': '/home/sourav/kuka_ws/install/kuka_moveit', 'merge_install': False, 'path': '/home/sourav/kuka_ws/src/kuka_moveit', 'symlink_install': False, 'test_result_base': None}
[0.404s] INFO:colcon.colcon_core.executor:Executing jobs using 'parallel' executor
[0.405s] DEBUG:colcon.colcon_parallel_executor.executor.parallel:run_until_complete
[0.405s] INFO:colcon.colcon_ros.task.ament_cmake.build:Building ROS package in '/home/sourav/kuka_ws/src/kuka_controllers' with build type 'ament_cmake'
[0.405s] INFO:colcon.colcon_cmake.task.cmake.build:Building CMake package in '/home/sourav/kuka_ws/src/kuka_controllers'
[0.407s] INFO:colcon.colcon_core.plugin_system:Skipping extension 'colcon_core.shell.bat': Not used on non-Windows systems
[0.407s] INFO:colcon.colcon_core.shell:Skip shell extension 'powershell' for command environment: Not usable outside of PowerShell
[0.407s] DEBUG:colcon.colcon_core.shell:Skip shell extension 'dsv' for command environment
[0.412s] INFO:colcon.colcon_ros.task.ament_cmake.build:Building ROS package in '/home/sourav/kuka_ws/src/kuka_description' with build type 'ament_cmake'
[0.412s] INFO:colcon.colcon_cmake.task.cmake.build:Building CMake package in '/home/sourav/kuka_ws/src/kuka_description'
[0.412s] INFO:colcon.colcon_core.shell:Skip shell extension 'powershell' for command environment: Not usable outside of PowerShell
[0.412s] DEBUG:colcon.colcon_core.shell:Skip shell extension 'dsv' for command environment
[0.416s] INFO:colcon.colcon_ros.task.ament_cmake.build:Building ROS package in '/home/sourav/kuka_ws/src/kuka_moveit' with build type 'ament_cmake'
[0.417s] INFO:colcon.colcon_cmake.task.cmake.build:Building CMake package in '/home/sourav/kuka_ws/src/kuka_moveit'
[0.417s] INFO:colcon.colcon_core.shell:Skip shell extension 'powershell' for command environment: Not usable outside of PowerShell
[0.417s] DEBUG:colcon.colcon_core.shell:Skip shell extension 'dsv' for command environment
[0.426s] DEBUG:colcon.colcon_core.event_handler.log_command:Invoking command in '/home/sourav/kuka_ws/build/kuka_controllers': CMAKE_PREFIX_PATH=${CMAKE_PREFIX_PATH}:/home/sourav/iki_workspace/ros2_ws/install/catch_a_turtle:/home/sourav/iki_workspace/ros2_ws/install/turtlemover:/home/sourav/iki_workspace/ros2_ws/install/tb3_rwu_arena:/home/sourav/iki_workspace/ros2_ws/install/py_pubsub:/home/sourav/iki_workspace/ros2_ws/install/my_package:/home/sourav/iki_workspace/ros2_ws/install/my_cv_package:/home/sourav/iki_workspace/ros2_ws/install/follow_wall:/home/sourav/iki_workspace/ros2_ws/install/follow_line:/home/sourav/iki_workspace/ros2_ws/install/drive_to_wall:/home/sourav/iki_workspace/ros2_ws/install/autorace_wall_follow:/opt/ros/humble /usr/bin/cmake --build /home/sourav/kuka_ws/build/kuka_controllers -- -j12 -l12
[0.428s] DEBUG:colcon.colcon_core.event_handler.log_command:Invoking command in '/home/sourav/kuka_ws/build/kuka_description': CMAKE_PREFIX_PATH=${CMAKE_PREFIX_PATH}:/home/sourav/iki_workspace/ros2_ws/install/catch_a_turtle:/home/sourav/iki_workspace/ros2_ws/install/turtlemover:/home/sourav/iki_workspace/ros2_ws/install/tb3_rwu_arena:/home/sourav/iki_workspace/ros2_ws/install/py_pubsub:/home/sourav/iki_workspace/ros2_ws/install/my_package:/home/sourav/iki_workspace/ros2_ws/install/my_cv_package:/home/sourav/iki_workspace/ros2_ws/install/follow_wall:/home/sourav/iki_workspace/ros2_ws/install/follow_line:/home/sourav/iki_workspace/ros2_ws/install/drive_to_wall:/home/sourav/iki_workspace/ros2_ws/install/autorace_wall_follow:/opt/ros/humble /usr/bin/cmake --build /home/sourav/kuka_ws/build/kuka_description -- -j12 -l12
[0.431s] DEBUG:colcon.colcon_core.event_handler.log_command:Invoking command in '/home/sourav/kuka_ws/build/kuka_moveit': CMAKE_PREFIX_PATH=${CMAKE_PREFIX_PATH}:/home/sourav/iki_workspace/ros2_ws/install/catch_a_turtle:/home/sourav/iki_workspace/ros2_ws/install/turtlemover:/home/sourav/iki_workspace/ros2_ws/install/tb3_rwu_arena:/home/sourav/iki_workspace/ros2_ws/install/py_pubsub:/home/sourav/iki_workspace/ros2_ws/install/my_package:/home/sourav/iki_workspace/ros2_ws/install/my_cv_package:/home/sourav/iki_workspace/ros2_ws/install/follow_wall:/home/sourav/iki_workspace/ros2_ws/install/follow_line:/home/sourav/iki_workspace/ros2_ws/install/drive_to_wall:/home/sourav/iki_workspace/ros2_ws/install/autorace_wall_follow:/opt/ros/humble /usr/bin/cmake /home/sourav/kuka_ws/src/kuka_moveit -DCMAKE_INSTALL_PREFIX=/home/sourav/kuka_ws/install/kuka_moveit
[0.466s] DEBUG:colcon.colcon_core.event_handler.log_command:Invoked command in '/home/sourav/kuka_ws/build/kuka_controllers' returned '0': CMAKE_PREFIX_PATH=${CMAKE_PREFIX_PATH}:/home/sourav/iki_workspace/ros2_ws/install/catch_a_turtle:/home/sourav/iki_workspace/ros2_ws/install/turtlemover:/home/sourav/iki_workspace/ros2_ws/install/tb3_rwu_arena:/home/sourav/iki_workspace/ros2_ws/install/py_pubsub:/home/sourav/iki_workspace/ros2_ws/install/my_package:/home/sourav/iki_workspace/ros2_ws/install/my_cv_package:/home/sourav/iki_workspace/ros2_ws/install/follow_wall:/home/sourav/iki_workspace/ros2_ws/install/follow_line:/home/sourav/iki_workspace/ros2_ws/install/drive_to_wall:/home/sourav/iki_workspace/ros2_ws/install/autorace_wall_follow:/opt/ros/humble /usr/bin/cmake --build /home/sourav/kuka_ws/build/kuka_controllers -- -j12 -l12
[0.475s] DEBUG:colcon.colcon_core.event_handler.log_command:Invoking command in '/home/sourav/kuka_ws/build/kuka_controllers': CMAKE_PREFIX_PATH=${CMAKE_PREFIX_PATH}:/home/sourav/iki_workspace/ros2_ws/install/catch_a_turtle:/home/sourav/iki_workspace/ros2_ws/install/turtlemover:/home/sourav/iki_workspace/ros2_ws/install/tb3_rwu_arena:/home/sourav/iki_workspace/ros2_ws/install/py_pubsub:/home/sourav/iki_workspace/ros2_ws/install/my_package:/home/sourav/iki_workspace/ros2_ws/install/my_cv_package:/home/sourav/iki_workspace/ros2_ws/install/follow_wall:/home/sourav/iki_workspace/ros2_ws/install/follow_line:/home/sourav/iki_workspace/ros2_ws/install/drive_to_wall:/home/sourav/iki_workspace/ros2_ws/install/autorace_wall_follow:/opt/ros/humble /usr/bin/cmake --install /home/sourav/kuka_ws/build/kuka_controllers
[0.476s] DEBUG:colcon.colcon_core.event_handler.log_command:Invoked command in '/home/sourav/kuka_ws/build/kuka_description' returned '0': CMAKE_PREFIX_PATH=${CMAKE_PREFIX_PATH}:/home/sourav/iki_workspace/ros2_ws/install/catch_a_turtle:/home/sourav/iki_workspace/ros2_ws/install/turtlemover:/home/sourav/iki_workspace/ros2_ws/install/tb3_rwu_arena:/home/sourav/iki_workspace/ros2_ws/install/py_pubsub:/home/sourav/iki_workspace/ros2_ws/install/my_package:/home/sourav/iki_workspace/ros2_ws/install/my_cv_package:/home/sourav/iki_workspace/ros2_ws/install/follow_wall:/home/sourav/iki_workspace/ros2_ws/install/follow_line:/home/sourav/iki_workspace/ros2_ws/install/drive_to_wall:/home/sourav/iki_workspace/ros2_ws/install/autorace_wall_follow:/opt/ros/humble /usr/bin/cmake --build /home/sourav/kuka_ws/build/kuka_description -- -j12 -l12
[0.478s] DEBUG:colcon.colcon_core.event_handler.log_command:Invoking command in '/home/sourav/kuka_ws/build/kuka_description': CMAKE_PREFIX_PATH=${CMAKE_PREFIX_PATH}:/home/sourav/iki_workspace/ros2_ws/install/catch_a_turtle:/home/sourav/iki_workspace/ros2_ws/install/turtlemover:/home/sourav/iki_workspace/ros2_ws/install/tb3_rwu_arena:/home/sourav/iki_workspace/ros2_ws/install/py_pubsub:/home/sourav/iki_workspace/ros2_ws/install/my_package:/home/sourav/iki_workspace/ros2_ws/install/my_cv_package:/home/sourav/iki_workspace/ros2_ws/install/follow_wall:/home/sourav/iki_workspace/ros2_ws/install/follow_line:/home/sourav/iki_workspace/ros2_ws/install/drive_to_wall:/home/sourav/iki_workspace/ros2_ws/install/autorace_wall_follow:/opt/ros/humble /usr/bin/cmake --install /home/sourav/kuka_ws/build/kuka_description
[0.485s] Level 1:colcon.colcon_core.environment:create_environment_scripts_only(kuka_controllers)
[0.488s] DEBUG:colcon.colcon_core.event_handler.log_command:Invoked command in '/home/sourav/kuka_ws/build/kuka_controllers' returned '0': CMAKE_PREFIX_PATH=${CMAKE_PREFIX_PATH}:/home/sourav/iki_workspace/ros2_ws/install/catch_a_turtle:/home/sourav/iki_workspace/ros2_ws/install/turtlemover:/home/sourav/iki_workspace/ros2_ws/install/tb3_rwu_arena:/home/sourav/iki_workspace/ros2_ws/install/py_pubsub:/home/sourav/iki_workspace/ros2_ws/install/my_package:/home/sourav/iki_workspace/ros2_ws/install/my_cv_package:/home/sourav/iki_workspace/ros2_ws/install/follow_wall:/home/sourav/iki_workspace/ros2_ws/install/follow_line:/home/sourav/iki_workspace/ros2_ws/install/drive_to_wall:/home/sourav/iki_workspace/ros2_ws/install/autorace_wall_follow:/opt/ros/humble /usr/bin/cmake --install /home/sourav/kuka_ws/build/kuka_controllers
[0.492s] Level 1:colcon.colcon_core.environment:checking '/home/sourav/kuka_ws/install/kuka_controllers' for CMake module files
[0.493s] Level 1:colcon.colcon_core.environment:checking '/home/sourav/kuka_ws/install/kuka_controllers' for CMake config files
[0.493s] Level 1:colcon.colcon_core.shell:create_environment_hook('kuka_controllers', 'cmake_prefix_path')
[0.493s] INFO:colcon.colcon_core.shell:Creating environment hook '/home/sourav/kuka_ws/install/kuka_controllers/share/kuka_controllers/hook/cmake_prefix_path.ps1'
[0.495s] INFO:colcon.colcon_core.shell:Creating environment descriptor '/home/sourav/kuka_ws/install/kuka_controllers/share/kuka_controllers/hook/cmake_prefix_path.dsv'
[0.495s] INFO:colcon.colcon_core.shell:Creating environment hook '/home/sourav/kuka_ws/install/kuka_controllers/share/kuka_controllers/hook/cmake_prefix_path.sh'
[0.496s] Level 1:colcon.colcon_core.environment:checking '/home/sourav/kuka_ws/install/kuka_controllers/bin'
[0.497s] Level 1:colcon.colcon_core.environment:checking '/home/sourav/kuka_ws/install/kuka_controllers/lib/pkgconfig/kuka_controllers.pc'
[0.497s] Level 1:colcon.colcon_core.environment:checking '/home/sourav/kuka_ws/install/kuka_controllers/lib/python3.10/site-packages'
[0.497s] Level 1:colcon.colcon_core.environment:checking '/home/sourav/kuka_ws/install/kuka_controllers/bin'
[0.498s] INFO:colcon.colcon_core.shell:Creating package script '/home/sourav/kuka_ws/install/kuka_controllers/share/kuka_controllers/package.ps1'
[0.499s] INFO:colcon.colcon_core.shell:Creating package descriptor '/home/sourav/kuka_ws/install/kuka_controllers/share/kuka_controllers/package.dsv'
[0.500s] INFO:colcon.colcon_core.shell:Creating package script '/home/sourav/kuka_ws/install/kuka_controllers/share/kuka_controllers/package.sh'
[0.501s] INFO:colcon.colcon_core.shell:Creating package script '/home/sourav/kuka_ws/install/kuka_controllers/share/kuka_controllers/package.bash'
[0.502s] INFO:colcon.colcon_core.shell:Creating package script '/home/sourav/kuka_ws/install/kuka_controllers/share/kuka_controllers/package.zsh'
[0.503s] Level 1:colcon.colcon_core.environment:create_file_with_runtime_dependencies(/home/sourav/kuka_ws/install/kuka_controllers/share/colcon-core/packages/kuka_controllers)
[0.503s] Level 1:colcon.colcon_core.environment:create_environment_scripts_only(kuka_controllers)
[0.504s] Level 1:colcon.colcon_core.environment:checking '/home/sourav/kuka_ws/install/kuka_controllers' for CMake module files
[0.504s] Level 1:colcon.colcon_core.environment:checking '/home/sourav/kuka_ws/install/kuka_controllers' for CMake config files
[0.505s] Level 1:colcon.colcon_core.shell:create_environment_hook('kuka_controllers', 'cmake_prefix_path')
[0.505s] INFO:colcon.colcon_core.shell:Creating environment hook '/home/sourav/kuka_ws/install/kuka_controllers/share/kuka_controllers/hook/cmake_prefix_path.ps1'
[0.506s] INFO:colcon.colcon_core.shell:Creating environment descriptor '/home/sourav/kuka_ws/install/kuka_controllers/share/kuka_controllers/hook/cmake_prefix_path.dsv'
[0.506s] INFO:colcon.colcon_core.shell:Creating environment hook '/home/sourav/kuka_ws/install/kuka_controllers/share/kuka_controllers/hook/cmake_prefix_path.sh'
[0.507s] Level 1:colcon.colcon_core.environment:checking '/home/sourav/kuka_ws/install/kuka_controllers/bin'
[0.507s] Level 1:colcon.colcon_core.environment:checking '/home/sourav/kuka_ws/install/kuka_controllers/lib/pkgconfig/kuka_controllers.pc'
[0.507s] Level 1:colcon.colcon_core.environment:checking '/home/sourav/kuka_ws/install/kuka_controllers/lib/python3.10/site-packages'
[0.507s] Level 1:colcon.colcon_core.environment:checking '/home/sourav/kuka_ws/install/kuka_controllers/bin'
[0.508s] INFO:colcon.colcon_core.shell:Creating package script '/home/sourav/kuka_ws/install/kuka_controllers/share/kuka_controllers/package.ps1'
[0.508s] INFO:colcon.colcon_core.shell:Creating package descriptor '/home/sourav/kuka_ws/install/kuka_controllers/share/kuka_controllers/package.dsv'
[0.509s] INFO:colcon.colcon_core.shell:Creating package script '/home/sourav/kuka_ws/install/kuka_controllers/share/kuka_controllers/package.sh'
[0.510s] INFO:colcon.colcon_core.shell:Creating package script '/home/sourav/kuka_ws/install/kuka_controllers/share/kuka_controllers/package.bash'
[0.510s] INFO:colcon.colcon_core.shell:Creating package script '/home/sourav/kuka_ws/install/kuka_controllers/share/kuka_controllers/package.zsh'
[0.511s] Level 1:colcon.colcon_core.environment:create_file_with_runtime_dependencies(/home/sourav/kuka_ws/install/kuka_controllers/share/colcon-core/packages/kuka_controllers)
[0.512s] Level 1:colcon.colcon_core.environment:create_environment_scripts_only(kuka_description)
[0.512s] Level 1:colcon.colcon_core.environment:checking '/home/sourav/kuka_ws/install/kuka_description' for CMake module files
[0.513s] DEBUG:colcon.colcon_core.event_handler.log_command:Invoked command in '/home/sourav/kuka_ws/build/kuka_description' returned '0': CMAKE_PREFIX_PATH=${CMAKE_PREFIX_PATH}:/home/sourav/iki_workspace/ros2_ws/install/catch_a_turtle:/home/sourav/iki_workspace/ros2_ws/install/turtlemover:/home/sourav/iki_workspace/ros2_ws/install/tb3_rwu_arena:/home/sourav/iki_workspace/ros2_ws/install/py_pubsub:/home/sourav/iki_workspace/ros2_ws/install/my_package:/home/sourav/iki_workspace/ros2_ws/install/my_cv_package:/home/sourav/iki_workspace/ros2_ws/install/follow_wall:/home/sourav/iki_workspace/ros2_ws/install/follow_line:/home/sourav/iki_workspace/ros2_ws/install/drive_to_wall:/home/sourav/iki_workspace/ros2_ws/install/autorace_wall_follow:/opt/ros/humble /usr/bin/cmake --install /home/sourav/kuka_ws/build/kuka_description
[0.513s] Level 1:colcon.colcon_core.environment:checking '/home/sourav/kuka_ws/install/kuka_description' for CMake config files
[0.514s] Level 1:colcon.colcon_core.shell:create_environment_hook('kuka_description', 'cmake_prefix_path')
[0.514s] INFO:colcon.colcon_core.shell:Creating environment hook '/home/sourav/kuka_ws/install/kuka_description/share/kuka_description/hook/cmake_prefix_path.ps1'
[0.514s] INFO:colcon.colcon_core.shell:Creating environment descriptor '/home/sourav/kuka_ws/install/kuka_description/share/kuka_description/hook/cmake_prefix_path.dsv'
[0.515s] INFO:colcon.colcon_core.shell:Creating environment hook '/home/sourav/kuka_ws/install/kuka_description/share/kuka_description/hook/cmake_prefix_path.sh'
[0.515s] Level 1:colcon.colcon_core.environment:checking '/home/sourav/kuka_ws/install/kuka_description/bin'
[0.516s] Level 1:colcon.colcon_core.environment:checking '/home/sourav/kuka_ws/install/kuka_description/lib/pkgconfig/kuka_description.pc'
[0.516s] Level 1:colcon.colcon_core.environment:checking '/home/sourav/kuka_ws/install/kuka_description/lib/python3.10/site-packages'
[0.516s] Level 1:colcon.colcon_core.environment:checking '/home/sourav/kuka_ws/install/kuka_description/bin'
[0.517s] INFO:colcon.colcon_core.shell:Creating package script '/home/sourav/kuka_ws/install/kuka_description/share/kuka_description/package.ps1'
[0.517s] INFO:colcon.colcon_core.shell:Creating package descriptor '/home/sourav/kuka_ws/install/kuka_description/share/kuka_description/package.dsv'
[0.518s] INFO:colcon.colcon_core.shell:Creating package script '/home/sourav/kuka_ws/install/kuka_description/share/kuka_description/package.sh'
[0.518s] INFO:colcon.colcon_core.shell:Creating package script '/home/sourav/kuka_ws/install/kuka_description/share/kuka_description/package.bash'
[0.519s] INFO:colcon.colcon_core.shell:Creating package script '/home/sourav/kuka_ws/install/kuka_description/share/kuka_description/package.zsh'
[0.519s] Level 1:colcon.colcon_core.environment:create_file_with_runtime_dependencies(/home/sourav/kuka_ws/install/kuka_description/share/colcon-core/packages/kuka_description)
[0.520s] Level 1:colcon.colcon_core.environment:create_environment_scripts_only(kuka_description)
[0.520s] Level 1:colcon.colcon_core.environment:checking '/home/sourav/kuka_ws/install/kuka_description' for CMake module files
[0.521s] Level 1:colcon.colcon_core.environment:checking '/home/sourav/kuka_ws/install/kuka_description' for CMake config files
[0.521s] Level 1:colcon.colcon_core.shell:create_environment_hook('kuka_description', 'cmake_prefix_path')
[0.521s] INFO:colcon.colcon_core.shell:Creating environment hook '/home/sourav/kuka_ws/install/kuka_description/share/kuka_description/hook/cmake_prefix_path.ps1'
[0.522s] INFO:colcon.colcon_core.shell:Creating environment descriptor '/home/sourav/kuka_ws/install/kuka_description/share/kuka_description/hook/cmake_prefix_path.dsv'
[0.522s] INFO:colcon.colcon_core.shell:Creating environment hook '/home/sourav/kuka_ws/install/kuka_description/share/kuka_description/hook/cmake_prefix_path.sh'
[0.523s] Level 1:colcon.colcon_core.environment:checking '/home/sourav/kuka_ws/install/kuka_description/bin'
[0.523s] Level 1:colcon.colcon_core.environment:checking '/home/sourav/kuka_ws/install/kuka_description/lib/pkgconfig/kuka_description.pc'
[0.523s] Level 1:colcon.colcon_core.environment:checking '/home/sourav/kuka_ws/install/kuka_description/lib/python3.10/site-packages'
[0.524s] Level 1:colcon.colcon_core.environment:checking '/home/sourav/kuka_ws/install/kuka_description/bin'
[0.524s] INFO:colcon.colcon_core.shell:Creating package script '/home/sourav/kuka_ws/install/kuka_description/share/kuka_description/package.ps1'
[0.525s] INFO:colcon.colcon_core.shell:Creating package descriptor '/home/sourav/kuka_ws/install/kuka_description/share/kuka_description/package.dsv'
[0.525s] INFO:colcon.colcon_core.shell:Creating package script '/home/sourav/kuka_ws/install/kuka_description/share/kuka_description/package.sh'
[0.526s] INFO:colcon.colcon_core.shell:Creating package script '/home/sourav/kuka_ws/install/kuka_description/share/kuka_description/package.bash'
[0.526s] INFO:colcon.colcon_core.shell:Creating package script '/home/sourav/kuka_ws/install/kuka_description/share/kuka_description/package.zsh'
[0.527s] Level 1:colcon.colcon_core.environment:create_file_with_runtime_dependencies(/home/sourav/kuka_ws/install/kuka_description/share/colcon-core/packages/kuka_description)
[2.325s] DEBUG:colcon.colcon_core.event_handler.log_command:Invoked command in '/home/sourav/kuka_ws/build/kuka_moveit' returned '0': CMAKE_PREFIX_PATH=${CMAKE_PREFIX_PATH}:/home/sourav/iki_workspace/ros2_ws/install/catch_a_turtle:/home/sourav/iki_workspace/ros2_ws/install/turtlemover:/home/sourav/iki_workspace/ros2_ws/install/tb3_rwu_arena:/home/sourav/iki_workspace/ros2_ws/install/py_pubsub:/home/sourav/iki_workspace/ros2_ws/install/my_package:/home/sourav/iki_workspace/ros2_ws/install/my_cv_package:/home/sourav/iki_workspace/ros2_ws/install/follow_wall:/home/sourav/iki_workspace/ros2_ws/install/follow_line:/home/sourav/iki_workspace/ros2_ws/install/drive_to_wall:/home/sourav/iki_workspace/ros2_ws/install/autorace_wall_follow:/opt/ros/humble /usr/bin/cmake /home/sourav/kuka_ws/src/kuka_moveit -DCMAKE_INSTALL_PREFIX=/home/sourav/kuka_ws/install/kuka_moveit
[2.327s] DEBUG:colcon.colcon_core.event_handler.log_command:Invoking command in '/home/sourav/kuka_ws/build/kuka_moveit': CMAKE_PREFIX_PATH=${CMAKE_PREFIX_PATH}:/home/sourav/iki_workspace/ros2_ws/install/catch_a_turtle:/home/sourav/iki_workspace/ros2_ws/install/turtlemover:/home/sourav/iki_workspace/ros2_ws/install/tb3_rwu_arena:/home/sourav/iki_workspace/ros2_ws/install/py_pubsub:/home/sourav/iki_workspace/ros2_ws/install/my_package:/home/sourav/iki_workspace/ros2_ws/install/my_cv_package:/home/sourav/iki_workspace/ros2_ws/install/follow_wall:/home/sourav/iki_workspace/ros2_ws/install/follow_line:/home/sourav/iki_workspace/ros2_ws/install/drive_to_wall:/home/sourav/iki_workspace/ros2_ws/install/autorace_wall_follow:/opt/ros/humble /usr/bin/cmake --build /home/sourav/kuka_ws/build/kuka_moveit -- -j12 -l12
[2.358s] DEBUG:colcon.colcon_core.event_handler.log_command:Invoked command in '/home/sourav/kuka_ws/build/kuka_moveit' returned '0': CMAKE_PREFIX_PATH=${CMAKE_PREFIX_PATH}:/home/sourav/iki_workspace/ros2_ws/install/catch_a_turtle:/home/sourav/iki_workspace/ros2_ws/install/turtlemover:/home/sourav/iki_workspace/ros2_ws/install/tb3_rwu_arena:/home/sourav/iki_workspace/ros2_ws/install/py_pubsub:/home/sourav/iki_workspace/ros2_ws/install/my_package:/home/sourav/iki_workspace/ros2_ws/install/my_cv_package:/home/sourav/iki_workspace/ros2_ws/install/follow_wall:/home/sourav/iki_workspace/ros2_ws/install/follow_line:/home/sourav/iki_workspace/ros2_ws/install/drive_to_wall:/home/sourav/iki_workspace/ros2_ws/install/autorace_wall_follow:/opt/ros/humble /usr/bin/cmake --build /home/sourav/kuka_ws/build/kuka_moveit -- -j12 -l12
[2.359s] DEBUG:colcon.colcon_core.event_handler.log_command:Invoking command in '/home/sourav/kuka_ws/build/kuka_moveit': CMAKE_PREFIX_PATH=${CMAKE_PREFIX_PATH}:/home/sourav/iki_workspace/ros2_ws/install/catch_a_turtle:/home/sourav/iki_workspace/ros2_ws/install/turtlemover:/home/sourav/iki_workspace/ros2_ws/install/tb3_rwu_arena:/home/sourav/iki_workspace/ros2_ws/install/py_pubsub:/home/sourav/iki_workspace/ros2_ws/install/my_package:/home/sourav/iki_workspace/ros2_ws/install/my_cv_package:/home/sourav/iki_workspace/ros2_ws/install/follow_wall:/home/sourav/iki_workspace/ros2_ws/install/follow_line:/home/sourav/iki_workspace/ros2_ws/install/drive_to_wall:/home/sourav/iki_workspace/ros2_ws/install/autorace_wall_follow:/opt/ros/humble /usr/bin/cmake --install /home/sourav/kuka_ws/build/kuka_moveit
[2.373s] Level 1:colcon.colcon_core.environment:create_environment_scripts_only(kuka_moveit)
[2.374s] Level 1:colcon.colcon_core.environment:checking '/home/sourav/kuka_ws/install/kuka_moveit' for CMake module files
[2.374s] DEBUG:colcon.colcon_core.event_handler.log_command:Invoked command in '/home/sourav/kuka_ws/build/kuka_moveit' returned '0': CMAKE_PREFIX_PATH=${CMAKE_PREFIX_PATH}:/home/sourav/iki_workspace/ros2_ws/install/catch_a_turtle:/home/sourav/iki_workspace/ros2_ws/install/turtlemover:/home/sourav/iki_workspace/ros2_ws/install/tb3_rwu_arena:/home/sourav/iki_workspace/ros2_ws/install/py_pubsub:/home/sourav/iki_workspace/ros2_ws/install/my_package:/home/sourav/iki_workspace/ros2_ws/install/my_cv_package:/home/sourav/iki_workspace/ros2_ws/install/follow_wall:/home/sourav/iki_workspace/ros2_ws/install/follow_line:/home/sourav/iki_workspace/ros2_ws/install/drive_to_wall:/home/sourav/iki_workspace/ros2_ws/install/autorace_wall_follow:/opt/ros/humble /usr/bin/cmake --install /home/sourav/kuka_ws/build/kuka_moveit
[2.375s] Level 1:colcon.colcon_core.environment:checking '/home/sourav/kuka_ws/install/kuka_moveit' for CMake config files
[2.375s] Level 1:colcon.colcon_core.shell:create_environment_hook('kuka_moveit', 'cmake_prefix_path')
[2.375s] INFO:colcon.colcon_core.shell:Creating environment hook '/home/sourav/kuka_ws/install/kuka_moveit/share/kuka_moveit/hook/cmake_prefix_path.ps1'
[2.376s] INFO:colcon.colcon_core.shell:Creating environment descriptor '/home/sourav/kuka_ws/install/kuka_moveit/share/kuka_moveit/hook/cmake_prefix_path.dsv'
[2.376s] INFO:colcon.colcon_core.shell:Creating environment hook '/home/sourav/kuka_ws/install/kuka_moveit/share/kuka_moveit/hook/cmake_prefix_path.sh'
[2.377s] Level 1:colcon.colcon_core.environment:checking '/home/sourav/kuka_ws/install/kuka_moveit/bin'
[2.377s] Level 1:colcon.colcon_core.environment:checking '/home/sourav/kuka_ws/install/kuka_moveit/lib/pkgconfig/kuka_moveit.pc'
[2.377s] Level 1:colcon.colcon_core.environment:checking '/home/sourav/kuka_ws/install/kuka_moveit/lib/python3.10/site-packages'
[2.377s] Level 1:colcon.colcon_core.environment:checking '/home/sourav/kuka_ws/install/kuka_moveit/bin'
[2.378s] INFO:colcon.colcon_core.shell:Creating package script '/home/sourav/kuka_ws/install/kuka_moveit/share/kuka_moveit/package.ps1'
[2.378s] INFO:colcon.colcon_core.shell:Creating package descriptor '/home/sourav/kuka_ws/install/kuka_moveit/share/kuka_moveit/package.dsv'
[2.379s] INFO:colcon.colcon_core.shell:Creating package script '/home/sourav/kuka_ws/install/kuka_moveit/share/kuka_moveit/package.sh'
[2.379s] INFO:colcon.colcon_core.shell:Creating package script '/home/sourav/kuka_ws/install/kuka_moveit/share/kuka_moveit/package.bash'
[2.379s] INFO:colcon.colcon_core.shell:Creating package script '/home/sourav/kuka_ws/install/kuka_moveit/share/kuka_moveit/package.zsh'
[2.380s] Level 1:colcon.colcon_core.environment:create_file_with_runtime_dependencies(/home/sourav/kuka_ws/install/kuka_moveit/share/colcon-core/packages/kuka_moveit)
[2.380s] Level 1:colcon.colcon_core.environment:create_environment_scripts_only(kuka_moveit)
[2.381s] Level 1:colcon.colcon_core.environment:checking '/home/sourav/kuka_ws/install/kuka_moveit' for CMake module files
[2.381s] Level 1:colcon.colcon_core.environment:checking '/home/sourav/kuka_ws/install/kuka_moveit' for CMake config files
[2.381s] Level 1:colcon.colcon_core.shell:create_environment_hook('kuka_moveit', 'cmake_prefix_path')
[2.381s] INFO:colcon.colcon_core.shell:Creating environment hook '/home/sourav/kuka_ws/install/kuka_moveit/share/kuka_moveit/hook/cmake_prefix_path.ps1'
[2.382s] INFO:colcon.colcon_core.shell:Creating environment descriptor '/home/sourav/kuka_ws/install/kuka_moveit/share/kuka_moveit/hook/cmake_prefix_path.dsv'
[2.382s] INFO:colcon.colcon_core.shell:Creating environment hook '/home/sourav/kuka_ws/install/kuka_moveit/share/kuka_moveit/hook/cmake_prefix_path.sh'
[2.383s] Level 1:colcon.colcon_core.environment:checking '/home/sourav/kuka_ws/install/kuka_moveit/bin'
[2.383s] Level 1:colcon.colcon_core.environment:checking '/home/sourav/kuka_ws/install/kuka_moveit/lib/pkgconfig/kuka_moveit.pc'
[2.383s] Level 1:colcon.colcon_core.environment:checking '/home/sourav/kuka_ws/install/kuka_moveit/lib/python3.10/site-packages'
[2.383s] Level 1:colcon.colcon_core.environment:checking '/home/sourav/kuka_ws/install/kuka_moveit/bin'
[2.384s] INFO:colcon.colcon_core.shell:Creating package script '/home/sourav/kuka_ws/install/kuka_moveit/share/kuka_moveit/package.ps1'
[2.384s] INFO:colcon.colcon_core.shell:Creating package descriptor '/home/sourav/kuka_ws/install/kuka_moveit/share/kuka_moveit/package.dsv'
[2.385s] INFO:colcon.colcon_core.shell:Creating package script '/home/sourav/kuka_ws/install/kuka_moveit/share/kuka_moveit/package.sh'
[2.385s] INFO:colcon.colcon_core.shell:Creating package script '/home/sourav/kuka_ws/install/kuka_moveit/share/kuka_moveit/package.bash'
[2.386s] INFO:colcon.colcon_core.shell:Creating package script '/home/sourav/kuka_ws/install/kuka_moveit/share/kuka_moveit/package.zsh'
[2.386s] Level 1:colcon.colcon_core.environment:create_file_with_runtime_dependencies(/home/sourav/kuka_ws/install/kuka_moveit/share/colcon-core/packages/kuka_moveit)
[2.386s] DEBUG:colcon.colcon_parallel_executor.executor.parallel:closing loop
[2.387s] DEBUG:colcon.colcon_parallel_executor.executor.parallel:loop closed
[2.387s] DEBUG:colcon.colcon_parallel_executor.executor.parallel:run_until_complete finished with '0'
[2.387s] DEBUG:colcon.colcon_core.event_reactor:joining thread
[2.392s] INFO:colcon.colcon_core.plugin_system:Skipping extension 'colcon_notification.desktop_notification.terminal_notifier': Not used on non-Darwin systems
[2.392s] INFO:colcon.colcon_core.plugin_system:Skipping extension 'colcon_notification.desktop_notification.win32': Not used on non-Windows systems
[2.392s] INFO:colcon.colcon_notification.desktop_notification:Sending desktop notification using 'notify2'
[2.402s] DEBUG:colcon.colcon_core.event_reactor:joined thread
[2.403s] INFO:colcon.colcon_core.shell:Creating prefix script '/home/sourav/kuka_ws/install/local_setup.ps1'
[2.404s] INFO:colcon.colcon_core.shell:Creating prefix util module '/home/sourav/kuka_ws/install/_local_setup_util_ps1.py'
[2.405s] INFO:colcon.colcon_core.shell:Creating prefix chain script '/home/sourav/kuka_ws/install/setup.ps1'
[2.407s] INFO:colcon.colcon_core.shell:Creating prefix script '/home/sourav/kuka_ws/install/local_setup.sh'
[2.407s] INFO:colcon.colcon_core.shell:Creating prefix util module '/home/sourav/kuka_ws/install/_local_setup_util_sh.py'
[2.408s] INFO:colcon.colcon_core.shell:Creating prefix chain script '/home/sourav/kuka_ws/install/setup.sh'
[2.409s] INFO:colcon.colcon_core.shell:Creating prefix script '/home/sourav/kuka_ws/install/local_setup.bash'
[2.410s] INFO:colcon.colcon_core.shell:Creating prefix chain script '/home/sourav/kuka_ws/install/setup.bash'
[2.412s] INFO:colcon.colcon_core.shell:Creating prefix script '/home/sourav/kuka_ws/install/local_setup.zsh'
[2.412s] INFO:colcon.colcon_core.shell:Creating prefix chain script '/home/sourav/kuka_ws/install/setup.zsh'
