-- Install configuration: ""
-- Up-to-date: /home/sourav/kuka_ws/install/kuka_description/share/kuka_description/urdf
-- Up-to-date: /home/sourav/kuka_ws/install/kuka_description/share/kuka_description/urdf/kr10r1420.urdf.xacro
-- Up-to-date: /home/sourav/kuka_ws/install/kuka_description/share/kuka_description/urdf/kr10r1420.xacro
-- Up-to-date: /home/sourav/kuka_ws/install/kuka_description/share/kuka_description/resources
-- Installing: /home/sourav/kuka_ws/install/kuka_description/share/kuka_description/resources/common_materials.xacro
-- Up-to-date: /home/sourav/kuka_ws/install/kuka_description/share/kuka_description/resources/common_constants.xacro
-- Up-to-date: /home/sourav/kuka_ws/install/kuka_description/share/kuka_description/resources/common_colours.xacro
-- Up-to-date: /home/sourav/kuka_ws/install/kuka_description/share/ament_index/resource_index/package_run_dependencies/kuka_description
-- Up-to-date: /home/sourav/kuka_ws/install/kuka_description/share/ament_index/resource_index/parent_prefix_path/kuka_description
-- Up-to-date: /home/sourav/kuka_ws/install/kuka_description/share/kuka_description/environment/ament_prefix_path.sh
-- Up-to-date: /home/sourav/kuka_ws/install/kuka_description/share/kuka_description/environment/ament_prefix_path.dsv
-- Up-to-date: /home/sourav/kuka_ws/install/kuka_description/share/kuka_description/environment/path.sh
-- Up-to-date: /home/sourav/kuka_ws/install/kuka_description/share/kuka_description/environment/path.dsv
-- Up-to-date: /home/sourav/kuka_ws/install/kuka_description/share/kuka_description/local_setup.bash
-- Up-to-date: /home/sourav/kuka_ws/install/kuka_description/share/kuka_description/local_setup.sh
-- Up-to-date: /home/sourav/kuka_ws/install/kuka_description/share/kuka_description/local_setup.zsh
-- Up-to-date: /home/sourav/kuka_ws/install/kuka_description/share/kuka_description/local_setup.dsv
-- Up-to-date: /home/sourav/kuka_ws/install/kuka_description/share/kuka_description/package.dsv
-- Up-to-date: /home/sourav/kuka_ws/install/kuka_description/share/ament_index/resource_index/packages/kuka_description
-- Up-to-date: /home/sourav/kuka_ws/install/kuka_description/share/kuka_description/cmake/kuka_descriptionConfig.cmake
-- Up-to-date: /home/sourav/kuka_ws/install/kuka_description/share/kuka_description/cmake/kuka_descriptionConfig-version.cmake
-- Up-to-date: /home/sourav/kuka_ws/install/kuka_description/share/kuka_description/package.xml
