[0.020s] Invoking command in '/home/sourav/kuka_ws/build/kuka_controllers': CMAKE_PREFIX_PATH=${CMAKE_PREFIX_PATH}:/home/sourav/iki_workspace/ros2_ws/install/catch_a_turtle:/home/sourav/iki_workspace/ros2_ws/install/turtlemover:/home/sourav/iki_workspace/ros2_ws/install/tb3_rwu_arena:/home/sourav/iki_workspace/ros2_ws/install/py_pubsub:/home/sourav/iki_workspace/ros2_ws/install/my_package:/home/sourav/iki_workspace/ros2_ws/install/my_cv_package:/home/sourav/iki_workspace/ros2_ws/install/follow_wall:/home/sourav/iki_workspace/ros2_ws/install/follow_line:/home/sourav/iki_workspace/ros2_ws/install/drive_to_wall:/home/sourav/iki_workspace/ros2_ws/install/autorace_wall_follow:/opt/ros/humble /usr/bin/cmake --build /home/sourav/kuka_ws/build/kuka_controllers -- -j12 -l12
[0.063s] Invoked command in '/home/sourav/kuka_ws/build/kuka_controllers' returned '0': CMAKE_PREFIX_PATH=${CMAKE_PREFIX_PATH}:/home/sourav/iki_workspace/ros2_ws/install/catch_a_turtle:/home/sourav/iki_workspace/ros2_ws/install/turtlemover:/home/sourav/iki_workspace/ros2_ws/install/tb3_rwu_arena:/home/sourav/iki_workspace/ros2_ws/install/py_pubsub:/home/sourav/iki_workspace/ros2_ws/install/my_package:/home/sourav/iki_workspace/ros2_ws/install/my_cv_package:/home/sourav/iki_workspace/ros2_ws/install/follow_wall:/home/sourav/iki_workspace/ros2_ws/install/follow_line:/home/sourav/iki_workspace/ros2_ws/install/drive_to_wall:/home/sourav/iki_workspace/ros2_ws/install/autorace_wall_follow:/opt/ros/humble /usr/bin/cmake --build /home/sourav/kuka_ws/build/kuka_controllers -- -j12 -l12
[0.074s] Invoking command in '/home/sourav/kuka_ws/build/kuka_controllers': CMAKE_PREFIX_PATH=${CMAKE_PREFIX_PATH}:/home/sourav/iki_workspace/ros2_ws/install/catch_a_turtle:/home/sourav/iki_workspace/ros2_ws/install/turtlemover:/home/sourav/iki_workspace/ros2_ws/install/tb3_rwu_arena:/home/sourav/iki_workspace/ros2_ws/install/py_pubsub:/home/sourav/iki_workspace/ros2_ws/install/my_package:/home/sourav/iki_workspace/ros2_ws/install/my_cv_package:/home/sourav/iki_workspace/ros2_ws/install/follow_wall:/home/sourav/iki_workspace/ros2_ws/install/follow_line:/home/sourav/iki_workspace/ros2_ws/install/drive_to_wall:/home/sourav/iki_workspace/ros2_ws/install/autorace_wall_follow:/opt/ros/humble /usr/bin/cmake --install /home/sourav/kuka_ws/build/kuka_controllers
[0.084s] -- Install configuration: ""
[0.084s] -- Up-to-date: /home/sourav/kuka_ws/install/kuka_controllers/share/kuka_controllers/config
[0.084s] -- Up-to-date: /home/sourav/kuka_ws/install/kuka_controllers/share/kuka_controllers/config/kuka_controllers.yaml
[0.084s] -- Up-to-date: /home/sourav/kuka_ws/install/kuka_controllers/share/kuka_controllers/launch
[0.084s] -- Up-to-date: /home/sourav/kuka_ws/install/kuka_controllers/share/kuka_controllers/launch/controllers.launch.py
[0.085s] -- Up-to-date: /home/sourav/kuka_ws/install/kuka_controllers/share/ament_index/resource_index/package_run_dependencies/kuka_controllers
[0.085s] -- Up-to-date: /home/sourav/kuka_ws/install/kuka_controllers/share/ament_index/resource_index/parent_prefix_path/kuka_controllers
[0.085s] -- Up-to-date: /home/sourav/kuka_ws/install/kuka_controllers/share/kuka_controllers/environment/ament_prefix_path.sh
[0.085s] -- Up-to-date: /home/sourav/kuka_ws/install/kuka_controllers/share/kuka_controllers/environment/ament_prefix_path.dsv
[0.085s] -- Up-to-date: /home/sourav/kuka_ws/install/kuka_controllers/share/kuka_controllers/environment/path.sh
[0.085s] -- Up-to-date: /home/sourav/kuka_ws/install/kuka_controllers/share/kuka_controllers/environment/path.dsv
[0.085s] -- Up-to-date: /home/sourav/kuka_ws/install/kuka_controllers/share/kuka_controllers/local_setup.bash
[0.085s] -- Up-to-date: /home/sourav/kuka_ws/install/kuka_controllers/share/kuka_controllers/local_setup.sh
[0.086s] -- Up-to-date: /home/sourav/kuka_ws/install/kuka_controllers/share/kuka_controllers/local_setup.zsh
[0.087s] -- Up-to-date: /home/sourav/kuka_ws/install/kuka_controllers/share/kuka_controllers/local_setup.dsv
[0.087s] -- Installing: /home/sourav/kuka_ws/install/kuka_controllers/share/kuka_controllers/package.dsv
[0.087s] -- Up-to-date: /home/sourav/kuka_ws/install/kuka_controllers/share/ament_index/resource_index/packages/kuka_controllers
[0.088s] -- Up-to-date: /home/sourav/kuka_ws/install/kuka_controllers/share/kuka_controllers/cmake/kuka_controllersConfig.cmake
[0.088s] -- Up-to-date: /home/sourav/kuka_ws/install/kuka_controllers/share/kuka_controllers/cmake/kuka_controllersConfig-version.cmake
[0.088s] -- Up-to-date: /home/sourav/kuka_ws/install/kuka_controllers/share/kuka_controllers/package.xml
[0.089s] Invoked command in '/home/sourav/kuka_ws/build/kuka_controllers' returned '0': CMAKE_PREFIX_PATH=${CMAKE_PREFIX_PATH}:/home/sourav/iki_workspace/ros2_ws/install/catch_a_turtle:/home/sourav/iki_workspace/ros2_ws/install/turtlemover:/home/sourav/iki_workspace/ros2_ws/install/tb3_rwu_arena:/home/sourav/iki_workspace/ros2_ws/install/py_pubsub:/home/sourav/iki_workspace/ros2_ws/install/my_package:/home/sourav/iki_workspace/ros2_ws/install/my_cv_package:/home/sourav/iki_workspace/ros2_ws/install/follow_wall:/home/sourav/iki_workspace/ros2_ws/install/follow_line:/home/sourav/iki_workspace/ros2_ws/install/drive_to_wall:/home/sourav/iki_workspace/ros2_ws/install/autorace_wall_follow:/opt/ros/humble /usr/bin/cmake --install /home/sourav/kuka_ws/build/kuka_controllers
