[2.659s] DEBUG:colcon:Command line arguments: ['/usr/bin/colcon', 'build']
[2.659s] DEBUG:colcon:Parsed command line arguments: Namespace(log_base=None, log_level=None, verb_name='build', build_base='build', install_base='install', merge_install=False, symlink_install=False, test_result_base=None, continue_on_error=False, executor='parallel', parallel_workers=12, event_handlers=None, ignore_user_meta=False, metas=['./colcon.meta'], base_paths=['.'], packages_ignore=None, packages_ignore_regex=None, paths=None, packages_up_to=None, packages_up_to_regex=None, packages_above=None, packages_above_and_dependencies=None, packages_above_depth=None, packages_select_by_dep=None, packages_skip_by_dep=None, packages_skip_up_to=None, packages_select_build_failed=False, packages_skip_build_finished=False, packages_select_test_failures=False, packages_skip_test_passed=False, packages_select=None, packages_skip=None, packages_select_regex=None, packages_skip_regex=None, packages_start=None, packages_end=None, allow_overriding=[], cmake_args=None, cmake_target=None, cmake_target_skip_unavailable=False, cmake_clean_cache=False, cmake_clean_first=False, cmake_force_configure=False, ament_cmake_args=None, catkin_cmake_args=None, catkin_skip_building_tests=False, mixin_files=None, mixin=None, verb_parser=<colcon_mixin.mixin.mixin_argument.MixinArgumentDecorator object at 0x785343680fd0>, verb_extension=<colcon_core.verb.build.BuildVerb object at 0x785343680a30>, main=<bound method BuildVerb.main of <colcon_core.verb.build.BuildVerb object at 0x785343680a30>>, mixin_verb=('build',))
[6.935s] Level 1:colcon.colcon_core.package_discovery:discover_packages(colcon_meta) check parameters
[6.935s] Level 1:colcon.colcon_core.package_discovery:discover_packages(recursive) check parameters
[6.935s] Level 1:colcon.colcon_core.package_discovery:discover_packages(ignore) check parameters
[6.935s] Level 1:colcon.colcon_core.package_discovery:discover_packages(path) check parameters
[6.935s] Level 1:colcon.colcon_core.package_discovery:discover_packages(colcon_meta) discover
[6.936s] Level 1:colcon.colcon_core.package_discovery:discover_packages(recursive) discover
[6.936s] INFO:colcon.colcon_core.package_discovery:Crawling recursively for packages in '/home/sourav/kuka_ws'
[6.936s] Level 1:colcon.colcon_core.package_identification:_identify(.) by extensions ['ignore', 'ignore_ament_install']
[6.936s] Level 1:colcon.colcon_core.package_identification:_identify(.) by extension 'ignore'
[6.936s] Level 1:colcon.colcon_core.package_identification:_identify(.) by extension 'ignore_ament_install'
[6.936s] Level 1:colcon.colcon_core.package_identification:_identify(.) by extensions ['colcon_pkg']
[6.936s] Level 1:colcon.colcon_core.package_identification:_identify(.) by extension 'colcon_pkg'
[6.936s] Level 1:colcon.colcon_core.package_identification:_identify(.) by extensions ['colcon_meta']
[6.936s] Level 1:colcon.colcon_core.package_identification:_identify(.) by extension 'colcon_meta'
[6.936s] Level 1:colcon.colcon_core.package_identification:_identify(.) by extensions ['ros']
[6.936s] Level 1:colcon.colcon_core.package_identification:_identify(.) by extension 'ros'
[6.975s] Level 1:colcon.colcon_core.package_identification:_identify(.) by extensions ['cmake', 'python']
[6.975s] Level 1:colcon.colcon_core.package_identification:_identify(.) by extension 'cmake'
[6.975s] Level 1:colcon.colcon_core.package_identification:_identify(.) by extension 'python'
[6.975s] Level 1:colcon.colcon_core.package_identification:_identify(.) by extensions ['python_setup_py']
[6.975s] Level 1:colcon.colcon_core.package_identification:_identify(.) by extension 'python_setup_py'
[6.975s] Level 1:colcon.colcon_core.package_identification:_identify(build) by extensions ['ignore', 'ignore_ament_install']
[6.975s] Level 1:colcon.colcon_core.package_identification:_identify(build) by extension 'ignore'
[6.976s] Level 1:colcon.colcon_core.package_identification:_identify(build) ignored
[6.976s] Level 1:colcon.colcon_core.package_identification:_identify(install) by extensions ['ignore', 'ignore_ament_install']
[6.976s] Level 1:colcon.colcon_core.package_identification:_identify(install) by extension 'ignore'
[6.976s] Level 1:colcon.colcon_core.package_identification:_identify(install) ignored
[6.976s] Level 1:colcon.colcon_core.package_identification:_identify(log) by extensions ['ignore', 'ignore_ament_install']
[6.976s] Level 1:colcon.colcon_core.package_identification:_identify(log) by extension 'ignore'
[6.976s] Level 1:colcon.colcon_core.package_identification:_identify(log) ignored
[6.976s] Level 1:colcon.colcon_core.package_identification:_identify(src) by extensions ['ignore', 'ignore_ament_install']
[6.976s] Level 1:colcon.colcon_core.package_identification:_identify(src) by extension 'ignore'
[6.976s] Level 1:colcon.colcon_core.package_identification:_identify(src) by extension 'ignore_ament_install'
[6.976s] Level 1:colcon.colcon_core.package_identification:_identify(src) by extensions ['colcon_pkg']
[6.976s] Level 1:colcon.colcon_core.package_identification:_identify(src) by extension 'colcon_pkg'
[6.976s] Level 1:colcon.colcon_core.package_identification:_identify(src) by extensions ['colcon_meta']
[6.976s] Level 1:colcon.colcon_core.package_identification:_identify(src) by extension 'colcon_meta'
[6.976s] Level 1:colcon.colcon_core.package_identification:_identify(src) by extensions ['ros']
[6.976s] Level 1:colcon.colcon_core.package_identification:_identify(src) by extension 'ros'
[6.977s] Level 1:colcon.colcon_core.package_identification:_identify(src) by extensions ['cmake', 'python']
[6.977s] Level 1:colcon.colcon_core.package_identification:_identify(src) by extension 'cmake'
[6.977s] Level 1:colcon.colcon_core.package_identification:_identify(src) by extension 'python'
[6.977s] Level 1:colcon.colcon_core.package_identification:_identify(src) by extensions ['python_setup_py']
[6.977s] Level 1:colcon.colcon_core.package_identification:_identify(src) by extension 'python_setup_py'
[6.977s] Level 1:colcon.colcon_core.package_identification:_identify(src/kuka_controllers) by extensions ['ignore', 'ignore_ament_install']
[6.977s] Level 1:colcon.colcon_core.package_identification:_identify(src/kuka_controllers) by extension 'ignore'
[6.977s] Level 1:colcon.colcon_core.package_identification:_identify(src/kuka_controllers) by extension 'ignore_ament_install'
[6.977s] Level 1:colcon.colcon_core.package_identification:_identify(src/kuka_controllers) by extensions ['colcon_pkg']
[6.977s] Level 1:colcon.colcon_core.package_identification:_identify(src/kuka_controllers) by extension 'colcon_pkg'
[6.977s] Level 1:colcon.colcon_core.package_identification:_identify(src/kuka_controllers) by extensions ['colcon_meta']
[6.977s] Level 1:colcon.colcon_core.package_identification:_identify(src/kuka_controllers) by extension 'colcon_meta'
[6.977s] Level 1:colcon.colcon_core.package_identification:_identify(src/kuka_controllers) by extensions ['ros']
[6.977s] Level 1:colcon.colcon_core.package_identification:_identify(src/kuka_controllers) by extension 'ros'
[6.994s] DEBUG:colcon.colcon_core.package_identification:Package 'src/kuka_controllers' with type 'ros.ament_cmake' and name 'kuka_controllers'
[6.994s] Level 1:colcon.colcon_core.package_identification:_identify(src/kuka_description) by extensions ['ignore', 'ignore_ament_install']
[6.994s] Level 1:colcon.colcon_core.package_identification:_identify(src/kuka_description) by extension 'ignore'
[6.994s] Level 1:colcon.colcon_core.package_identification:_identify(src/kuka_description) by extension 'ignore_ament_install'
[6.994s] Level 1:colcon.colcon_core.package_identification:_identify(src/kuka_description) by extensions ['colcon_pkg']
[6.994s] Level 1:colcon.colcon_core.package_identification:_identify(src/kuka_description) by extension 'colcon_pkg'
[6.995s] Level 1:colcon.colcon_core.package_identification:_identify(src/kuka_description) by extensions ['colcon_meta']
[6.995s] Level 1:colcon.colcon_core.package_identification:_identify(src/kuka_description) by extension 'colcon_meta'
[6.995s] Level 1:colcon.colcon_core.package_identification:_identify(src/kuka_description) by extensions ['ros']
[6.995s] Level 1:colcon.colcon_core.package_identification:_identify(src/kuka_description) by extension 'ros'
[6.995s] DEBUG:colcon.colcon_core.package_identification:Package 'src/kuka_description' with type 'ros.ament_cmake' and name 'kuka_description'
[6.995s] Level 1:colcon.colcon_core.package_discovery:discover_packages(recursive) using defaults
[6.995s] Level 1:colcon.colcon_core.package_discovery:discover_packages(ignore) discover
[6.995s] Level 1:colcon.colcon_core.package_discovery:discover_packages(ignore) using defaults
[6.995s] Level 1:colcon.colcon_core.package_discovery:discover_packages(path) discover
[6.995s] Level 1:colcon.colcon_core.package_discovery:discover_packages(path) using defaults
[7.328s] Level 1:colcon.colcon_core.package_discovery:discover_packages(prefix_path) check parameters
[7.328s] Level 1:colcon.colcon_core.package_discovery:discover_packages(prefix_path) discover
[7.545s] DEBUG:colcon.colcon_installed_package_information.package_discovery:Found 2 installed packages in /home/sourav/kuka_ws/install
[7.547s] DEBUG:colcon.colcon_installed_package_information.package_discovery:Found 11 installed packages in /home/sourav/iki_workspace/ros2_ws/install
[7.549s] DEBUG:colcon.colcon_installed_package_information.package_discovery:Found 3 installed packages in /home/sourav/turtlebot3_ws/install
[7.557s] DEBUG:colcon.colcon_installed_package_information.package_discovery:Found 458 installed packages in /opt/ros/humble
[7.566s] Level 1:colcon.colcon_core.package_discovery:discover_packages(prefix_path) using defaults
[12.813s] Level 5:colcon.colcon_core.verb:set package 'kuka_controllers' build argument 'cmake_args' from command line to 'None'
[12.813s] Level 5:colcon.colcon_core.verb:set package 'kuka_controllers' build argument 'cmake_target' from command line to 'None'
[12.813s] Level 5:colcon.colcon_core.verb:set package 'kuka_controllers' build argument 'cmake_target_skip_unavailable' from command line to 'False'
[12.813s] Level 5:colcon.colcon_core.verb:set package 'kuka_controllers' build argument 'cmake_clean_cache' from command line to 'False'
[12.813s] Level 5:colcon.colcon_core.verb:set package 'kuka_controllers' build argument 'cmake_clean_first' from command line to 'False'
[12.813s] Level 5:colcon.colcon_core.verb:set package 'kuka_controllers' build argument 'cmake_force_configure' from command line to 'False'
[12.813s] Level 5:colcon.colcon_core.verb:set package 'kuka_controllers' build argument 'ament_cmake_args' from command line to 'None'
[12.813s] Level 5:colcon.colcon_core.verb:set package 'kuka_controllers' build argument 'catkin_cmake_args' from command line to 'None'
[12.814s] Level 5:colcon.colcon_core.verb:set package 'kuka_controllers' build argument 'catkin_skip_building_tests' from command line to 'False'
[12.814s] DEBUG:colcon.colcon_core.verb:Building package 'kuka_controllers' with the following arguments: {'ament_cmake_args': None, 'build_base': '/home/sourav/kuka_ws/build/kuka_controllers', 'catkin_cmake_args': None, 'catkin_skip_building_tests': False, 'cmake_args': None, 'cmake_clean_cache': False, 'cmake_clean_first': False, 'cmake_force_configure': False, 'cmake_target': None, 'cmake_target_skip_unavailable': False, 'install_base': '/home/sourav/kuka_ws/install/kuka_controllers', 'merge_install': False, 'path': '/home/sourav/kuka_ws/src/kuka_controllers', 'symlink_install': False, 'test_result_base': None}
[12.814s] Level 5:colcon.colcon_core.verb:set package 'kuka_description' build argument 'cmake_args' from command line to 'None'
[12.814s] Level 5:colcon.colcon_core.verb:set package 'kuka_description' build argument 'cmake_target' from command line to 'None'
[12.814s] Level 5:colcon.colcon_core.verb:set package 'kuka_description' build argument 'cmake_target_skip_unavailable' from command line to 'False'
[12.814s] Level 5:colcon.colcon_core.verb:set package 'kuka_description' build argument 'cmake_clean_cache' from command line to 'False'
[12.814s] Level 5:colcon.colcon_core.verb:set package 'kuka_description' build argument 'cmake_clean_first' from command line to 'False'
[12.814s] Level 5:colcon.colcon_core.verb:set package 'kuka_description' build argument 'cmake_force_configure' from command line to 'False'
[12.814s] Level 5:colcon.colcon_core.verb:set package 'kuka_description' build argument 'ament_cmake_args' from command line to 'None'
[12.814s] Level 5:colcon.colcon_core.verb:set package 'kuka_description' build argument 'catkin_cmake_args' from command line to 'None'
[12.814s] Level 5:colcon.colcon_core.verb:set package 'kuka_description' build argument 'catkin_skip_building_tests' from command line to 'False'
[12.814s] DEBUG:colcon.colcon_core.verb:Building package 'kuka_description' with the following arguments: {'ament_cmake_args': None, 'build_base': '/home/sourav/kuka_ws/build/kuka_description', 'catkin_cmake_args': None, 'catkin_skip_building_tests': False, 'cmake_args': None, 'cmake_clean_cache': False, 'cmake_clean_first': False, 'cmake_force_configure': False, 'cmake_target': None, 'cmake_target_skip_unavailable': False, 'install_base': '/home/sourav/kuka_ws/install/kuka_description', 'merge_install': False, 'path': '/home/sourav/kuka_ws/src/kuka_description', 'symlink_install': False, 'test_result_base': None}
[12.814s] INFO:colcon.colcon_core.executor:Executing jobs using 'parallel' executor
[12.815s] DEBUG:colcon.colcon_parallel_executor.executor.parallel:run_until_complete
[12.815s] INFO:colcon.colcon_ros.task.ament_cmake.build:Building ROS package in '/home/sourav/kuka_ws/src/kuka_controllers' with build type 'ament_cmake'
[12.815s] INFO:colcon.colcon_cmake.task.cmake.build:Building CMake package in '/home/sourav/kuka_ws/src/kuka_controllers'
[12.870s] INFO:colcon.colcon_core.plugin_system:Skipping extension 'colcon_core.shell.bat': Not used on non-Windows systems
[12.871s] INFO:colcon.colcon_core.shell:Skip shell extension 'powershell' for command environment: Not usable outside of PowerShell
[12.871s] DEBUG:colcon.colcon_core.shell:Skip shell extension 'dsv' for command environment
[12.922s] INFO:colcon.colcon_ros.task.ament_cmake.build:Building ROS package in '/home/sourav/kuka_ws/src/kuka_description' with build type 'ament_cmake'
[12.922s] INFO:colcon.colcon_cmake.task.cmake.build:Building CMake package in '/home/sourav/kuka_ws/src/kuka_description'
[12.923s] INFO:colcon.colcon_core.shell:Skip shell extension 'powershell' for command environment: Not usable outside of PowerShell
[12.924s] DEBUG:colcon.colcon_core.shell:Skip shell extension 'dsv' for command environment
[12.953s] DEBUG:colcon.colcon_core.event_handler.log_command:Invoking command in '/home/sourav/kuka_ws/build/kuka_controllers': CMAKE_PREFIX_PATH=${CMAKE_PREFIX_PATH}:/home/sourav/iki_workspace/ros2_ws/install/catch_a_turtle:/home/sourav/iki_workspace/ros2_ws/install/turtlemover:/home/sourav/iki_workspace/ros2_ws/install/tb3_rwu_arena:/home/sourav/iki_workspace/ros2_ws/install/py_pubsub:/home/sourav/iki_workspace/ros2_ws/install/my_package:/home/sourav/iki_workspace/ros2_ws/install/my_cv_package:/home/sourav/iki_workspace/ros2_ws/install/follow_wall:/home/sourav/iki_workspace/ros2_ws/install/follow_line:/home/sourav/iki_workspace/ros2_ws/install/drive_to_wall:/home/sourav/iki_workspace/ros2_ws/install/autorace_wall_follow:/opt/ros/humble /usr/bin/cmake --build /home/sourav/kuka_ws/build/kuka_controllers -- -j12 -l12
[12.979s] DEBUG:colcon.colcon_core.event_handler.log_command:Invoking command in '/home/sourav/kuka_ws/build/kuka_description': CMAKE_PREFIX_PATH=${CMAKE_PREFIX_PATH}:/home/sourav/iki_workspace/ros2_ws/install/catch_a_turtle:/home/sourav/iki_workspace/ros2_ws/install/turtlemover:/home/sourav/iki_workspace/ros2_ws/install/tb3_rwu_arena:/home/sourav/iki_workspace/ros2_ws/install/py_pubsub:/home/sourav/iki_workspace/ros2_ws/install/my_package:/home/sourav/iki_workspace/ros2_ws/install/my_cv_package:/home/sourav/iki_workspace/ros2_ws/install/follow_wall:/home/sourav/iki_workspace/ros2_ws/install/follow_line:/home/sourav/iki_workspace/ros2_ws/install/drive_to_wall:/home/sourav/iki_workspace/ros2_ws/install/autorace_wall_follow:/opt/ros/humble /usr/bin/cmake --build /home/sourav/kuka_ws/build/kuka_description -- -j12 -l12
[13.169s] DEBUG:colcon.colcon_core.event_handler.log_command:Invoked command in '/home/sourav/kuka_ws/build/kuka_description' returned '0': CMAKE_PREFIX_PATH=${CMAKE_PREFIX_PATH}:/home/sourav/iki_workspace/ros2_ws/install/catch_a_turtle:/home/sourav/iki_workspace/ros2_ws/install/turtlemover:/home/sourav/iki_workspace/ros2_ws/install/tb3_rwu_arena:/home/sourav/iki_workspace/ros2_ws/install/py_pubsub:/home/sourav/iki_workspace/ros2_ws/install/my_package:/home/sourav/iki_workspace/ros2_ws/install/my_cv_package:/home/sourav/iki_workspace/ros2_ws/install/follow_wall:/home/sourav/iki_workspace/ros2_ws/install/follow_line:/home/sourav/iki_workspace/ros2_ws/install/drive_to_wall:/home/sourav/iki_workspace/ros2_ws/install/autorace_wall_follow:/opt/ros/humble /usr/bin/cmake --build /home/sourav/kuka_ws/build/kuka_description -- -j12 -l12
[13.179s] DEBUG:colcon.colcon_core.event_handler.log_command:Invoking command in '/home/sourav/kuka_ws/build/kuka_description': CMAKE_PREFIX_PATH=${CMAKE_PREFIX_PATH}:/home/sourav/iki_workspace/ros2_ws/install/catch_a_turtle:/home/sourav/iki_workspace/ros2_ws/install/turtlemover:/home/sourav/iki_workspace/ros2_ws/install/tb3_rwu_arena:/home/sourav/iki_workspace/ros2_ws/install/py_pubsub:/home/sourav/iki_workspace/ros2_ws/install/my_package:/home/sourav/iki_workspace/ros2_ws/install/my_cv_package:/home/sourav/iki_workspace/ros2_ws/install/follow_wall:/home/sourav/iki_workspace/ros2_ws/install/follow_line:/home/sourav/iki_workspace/ros2_ws/install/drive_to_wall:/home/sourav/iki_workspace/ros2_ws/install/autorace_wall_follow:/opt/ros/humble /usr/bin/cmake --install /home/sourav/kuka_ws/build/kuka_description
[13.180s] DEBUG:colcon.colcon_core.event_handler.log_command:Invoked command in '/home/sourav/kuka_ws/build/kuka_controllers' returned '0': CMAKE_PREFIX_PATH=${CMAKE_PREFIX_PATH}:/home/sourav/iki_workspace/ros2_ws/install/catch_a_turtle:/home/sourav/iki_workspace/ros2_ws/install/turtlemover:/home/sourav/iki_workspace/ros2_ws/install/tb3_rwu_arena:/home/sourav/iki_workspace/ros2_ws/install/py_pubsub:/home/sourav/iki_workspace/ros2_ws/install/my_package:/home/sourav/iki_workspace/ros2_ws/install/my_cv_package:/home/sourav/iki_workspace/ros2_ws/install/follow_wall:/home/sourav/iki_workspace/ros2_ws/install/follow_line:/home/sourav/iki_workspace/ros2_ws/install/drive_to_wall:/home/sourav/iki_workspace/ros2_ws/install/autorace_wall_follow:/opt/ros/humble /usr/bin/cmake --build /home/sourav/kuka_ws/build/kuka_controllers -- -j12 -l12
[13.181s] DEBUG:colcon.colcon_core.event_handler.log_command:Invoking command in '/home/sourav/kuka_ws/build/kuka_controllers': CMAKE_PREFIX_PATH=${CMAKE_PREFIX_PATH}:/home/sourav/iki_workspace/ros2_ws/install/catch_a_turtle:/home/sourav/iki_workspace/ros2_ws/install/turtlemover:/home/sourav/iki_workspace/ros2_ws/install/tb3_rwu_arena:/home/sourav/iki_workspace/ros2_ws/install/py_pubsub:/home/sourav/iki_workspace/ros2_ws/install/my_package:/home/sourav/iki_workspace/ros2_ws/install/my_cv_package:/home/sourav/iki_workspace/ros2_ws/install/follow_wall:/home/sourav/iki_workspace/ros2_ws/install/follow_line:/home/sourav/iki_workspace/ros2_ws/install/drive_to_wall:/home/sourav/iki_workspace/ros2_ws/install/autorace_wall_follow:/opt/ros/humble /usr/bin/cmake --install /home/sourav/kuka_ws/build/kuka_controllers
[13.188s] Level 1:colcon.colcon_core.environment:create_environment_scripts_only(kuka_description)
[13.194s] DEBUG:colcon.colcon_core.event_handler.log_command:Invoked command in '/home/sourav/kuka_ws/build/kuka_description' returned '0': CMAKE_PREFIX_PATH=${CMAKE_PREFIX_PATH}:/home/sourav/iki_workspace/ros2_ws/install/catch_a_turtle:/home/sourav/iki_workspace/ros2_ws/install/turtlemover:/home/sourav/iki_workspace/ros2_ws/install/tb3_rwu_arena:/home/sourav/iki_workspace/ros2_ws/install/py_pubsub:/home/sourav/iki_workspace/ros2_ws/install/my_package:/home/sourav/iki_workspace/ros2_ws/install/my_cv_package:/home/sourav/iki_workspace/ros2_ws/install/follow_wall:/home/sourav/iki_workspace/ros2_ws/install/follow_line:/home/sourav/iki_workspace/ros2_ws/install/drive_to_wall:/home/sourav/iki_workspace/ros2_ws/install/autorace_wall_follow:/opt/ros/humble /usr/bin/cmake --install /home/sourav/kuka_ws/build/kuka_description
[13.335s] Level 1:colcon.colcon_core.environment:checking '/home/sourav/kuka_ws/install/kuka_description' for CMake module files
[13.337s] Level 1:colcon.colcon_core.environment:checking '/home/sourav/kuka_ws/install/kuka_description' for CMake config files
[13.338s] Level 1:colcon.colcon_core.shell:create_environment_hook('kuka_description', 'cmake_prefix_path')
[13.339s] INFO:colcon.colcon_core.shell:Creating environment hook '/home/sourav/kuka_ws/install/kuka_description/share/kuka_description/hook/cmake_prefix_path.ps1'
[13.349s] INFO:colcon.colcon_core.shell:Creating environment descriptor '/home/sourav/kuka_ws/install/kuka_description/share/kuka_description/hook/cmake_prefix_path.dsv'
[13.351s] INFO:colcon.colcon_core.shell:Creating environment hook '/home/sourav/kuka_ws/install/kuka_description/share/kuka_description/hook/cmake_prefix_path.sh'
[13.355s] Level 1:colcon.colcon_core.environment:checking '/home/sourav/kuka_ws/install/kuka_description/bin'
[13.355s] Level 1:colcon.colcon_core.environment:checking '/home/sourav/kuka_ws/install/kuka_description/lib/pkgconfig/kuka_description.pc'
[13.356s] Level 1:colcon.colcon_core.environment:checking '/home/sourav/kuka_ws/install/kuka_description/lib/python3.10/site-packages'
[13.357s] Level 1:colcon.colcon_core.environment:checking '/home/sourav/kuka_ws/install/kuka_description/bin'
[13.358s] INFO:colcon.colcon_core.shell:Creating package script '/home/sourav/kuka_ws/install/kuka_description/share/kuka_description/package.ps1'
[13.362s] INFO:colcon.colcon_core.shell:Creating package descriptor '/home/sourav/kuka_ws/install/kuka_description/share/kuka_description/package.dsv'
[13.365s] INFO:colcon.colcon_core.shell:Creating package script '/home/sourav/kuka_ws/install/kuka_description/share/kuka_description/package.sh'
[13.368s] INFO:colcon.colcon_core.shell:Creating package script '/home/sourav/kuka_ws/install/kuka_description/share/kuka_description/package.bash'
[13.371s] INFO:colcon.colcon_core.shell:Creating package script '/home/sourav/kuka_ws/install/kuka_description/share/kuka_description/package.zsh'
[13.373s] Level 1:colcon.colcon_core.environment:create_file_with_runtime_dependencies(/home/sourav/kuka_ws/install/kuka_description/share/colcon-core/packages/kuka_description)
[13.375s] Level 1:colcon.colcon_core.environment:create_environment_scripts_only(kuka_description)
[13.375s] Level 1:colcon.colcon_core.environment:checking '/home/sourav/kuka_ws/install/kuka_description' for CMake module files
[13.376s] Level 1:colcon.colcon_core.environment:checking '/home/sourav/kuka_ws/install/kuka_description' for CMake config files
[13.376s] Level 1:colcon.colcon_core.shell:create_environment_hook('kuka_description', 'cmake_prefix_path')
[13.377s] INFO:colcon.colcon_core.shell:Creating environment hook '/home/sourav/kuka_ws/install/kuka_description/share/kuka_description/hook/cmake_prefix_path.ps1'
[13.378s] INFO:colcon.colcon_core.shell:Creating environment descriptor '/home/sourav/kuka_ws/install/kuka_description/share/kuka_description/hook/cmake_prefix_path.dsv'
[13.378s] INFO:colcon.colcon_core.shell:Creating environment hook '/home/sourav/kuka_ws/install/kuka_description/share/kuka_description/hook/cmake_prefix_path.sh'
[13.379s] Level 1:colcon.colcon_core.environment:checking '/home/sourav/kuka_ws/install/kuka_description/bin'
[13.379s] Level 1:colcon.colcon_core.environment:checking '/home/sourav/kuka_ws/install/kuka_description/lib/pkgconfig/kuka_description.pc'
[13.380s] Level 1:colcon.colcon_core.environment:checking '/home/sourav/kuka_ws/install/kuka_description/lib/python3.10/site-packages'
[13.380s] Level 1:colcon.colcon_core.environment:checking '/home/sourav/kuka_ws/install/kuka_description/bin'
[13.381s] INFO:colcon.colcon_core.shell:Creating package script '/home/sourav/kuka_ws/install/kuka_description/share/kuka_description/package.ps1'
[13.381s] INFO:colcon.colcon_core.shell:Creating package descriptor '/home/sourav/kuka_ws/install/kuka_description/share/kuka_description/package.dsv'
[13.382s] INFO:colcon.colcon_core.shell:Creating package script '/home/sourav/kuka_ws/install/kuka_description/share/kuka_description/package.sh'
[13.383s] INFO:colcon.colcon_core.shell:Creating package script '/home/sourav/kuka_ws/install/kuka_description/share/kuka_description/package.bash'
[13.383s] INFO:colcon.colcon_core.shell:Creating package script '/home/sourav/kuka_ws/install/kuka_description/share/kuka_description/package.zsh'
[13.384s] Level 1:colcon.colcon_core.environment:create_file_with_runtime_dependencies(/home/sourav/kuka_ws/install/kuka_description/share/colcon-core/packages/kuka_description)
[13.385s] Level 1:colcon.colcon_core.environment:create_environment_scripts_only(kuka_controllers)
[13.385s] Level 1:colcon.colcon_core.environment:checking '/home/sourav/kuka_ws/install/kuka_controllers' for CMake module files
[13.386s] DEBUG:colcon.colcon_core.event_handler.log_command:Invoked command in '/home/sourav/kuka_ws/build/kuka_controllers' returned '0': CMAKE_PREFIX_PATH=${CMAKE_PREFIX_PATH}:/home/sourav/iki_workspace/ros2_ws/install/catch_a_turtle:/home/sourav/iki_workspace/ros2_ws/install/turtlemover:/home/sourav/iki_workspace/ros2_ws/install/tb3_rwu_arena:/home/sourav/iki_workspace/ros2_ws/install/py_pubsub:/home/sourav/iki_workspace/ros2_ws/install/my_package:/home/sourav/iki_workspace/ros2_ws/install/my_cv_package:/home/sourav/iki_workspace/ros2_ws/install/follow_wall:/home/sourav/iki_workspace/ros2_ws/install/follow_line:/home/sourav/iki_workspace/ros2_ws/install/drive_to_wall:/home/sourav/iki_workspace/ros2_ws/install/autorace_wall_follow:/opt/ros/humble /usr/bin/cmake --install /home/sourav/kuka_ws/build/kuka_controllers
[13.386s] Level 1:colcon.colcon_core.environment:checking '/home/sourav/kuka_ws/install/kuka_controllers' for CMake config files
[13.386s] Level 1:colcon.colcon_core.shell:create_environment_hook('kuka_controllers', 'cmake_prefix_path')
[13.387s] INFO:colcon.colcon_core.shell:Creating environment hook '/home/sourav/kuka_ws/install/kuka_controllers/share/kuka_controllers/hook/cmake_prefix_path.ps1'
[13.387s] INFO:colcon.colcon_core.shell:Creating environment descriptor '/home/sourav/kuka_ws/install/kuka_controllers/share/kuka_controllers/hook/cmake_prefix_path.dsv'
[13.387s] INFO:colcon.colcon_core.shell:Creating environment hook '/home/sourav/kuka_ws/install/kuka_controllers/share/kuka_controllers/hook/cmake_prefix_path.sh'
[13.388s] Level 1:colcon.colcon_core.environment:checking '/home/sourav/kuka_ws/install/kuka_controllers/bin'
[13.388s] Level 1:colcon.colcon_core.environment:checking '/home/sourav/kuka_ws/install/kuka_controllers/lib/pkgconfig/kuka_controllers.pc'
[13.388s] Level 1:colcon.colcon_core.environment:checking '/home/sourav/kuka_ws/install/kuka_controllers/lib/python3.10/site-packages'
[13.388s] Level 1:colcon.colcon_core.environment:checking '/home/sourav/kuka_ws/install/kuka_controllers/bin'
[13.389s] INFO:colcon.colcon_core.shell:Creating package script '/home/sourav/kuka_ws/install/kuka_controllers/share/kuka_controllers/package.ps1'
[13.389s] INFO:colcon.colcon_core.shell:Creating package descriptor '/home/sourav/kuka_ws/install/kuka_controllers/share/kuka_controllers/package.dsv'
[13.390s] INFO:colcon.colcon_core.shell:Creating package script '/home/sourav/kuka_ws/install/kuka_controllers/share/kuka_controllers/package.sh'
[13.390s] INFO:colcon.colcon_core.shell:Creating package script '/home/sourav/kuka_ws/install/kuka_controllers/share/kuka_controllers/package.bash'
[13.390s] INFO:colcon.colcon_core.shell:Creating package script '/home/sourav/kuka_ws/install/kuka_controllers/share/kuka_controllers/package.zsh'
[13.391s] Level 1:colcon.colcon_core.environment:create_file_with_runtime_dependencies(/home/sourav/kuka_ws/install/kuka_controllers/share/colcon-core/packages/kuka_controllers)
[13.391s] Level 1:colcon.colcon_core.environment:create_environment_scripts_only(kuka_controllers)
[13.391s] Level 1:colcon.colcon_core.environment:checking '/home/sourav/kuka_ws/install/kuka_controllers' for CMake module files
[13.392s] Level 1:colcon.colcon_core.environment:checking '/home/sourav/kuka_ws/install/kuka_controllers' for CMake config files
[13.392s] Level 1:colcon.colcon_core.shell:create_environment_hook('kuka_controllers', 'cmake_prefix_path')
[13.392s] INFO:colcon.colcon_core.shell:Creating environment hook '/home/sourav/kuka_ws/install/kuka_controllers/share/kuka_controllers/hook/cmake_prefix_path.ps1'
[13.393s] INFO:colcon.colcon_core.shell:Creating environment descriptor '/home/sourav/kuka_ws/install/kuka_controllers/share/kuka_controllers/hook/cmake_prefix_path.dsv'
[13.393s] INFO:colcon.colcon_core.shell:Creating environment hook '/home/sourav/kuka_ws/install/kuka_controllers/share/kuka_controllers/hook/cmake_prefix_path.sh'
[13.393s] Level 1:colcon.colcon_core.environment:checking '/home/sourav/kuka_ws/install/kuka_controllers/bin'
[13.393s] Level 1:colcon.colcon_core.environment:checking '/home/sourav/kuka_ws/install/kuka_controllers/lib/pkgconfig/kuka_controllers.pc'
[13.394s] Level 1:colcon.colcon_core.environment:checking '/home/sourav/kuka_ws/install/kuka_controllers/lib/python3.10/site-packages'
[13.394s] Level 1:colcon.colcon_core.environment:checking '/home/sourav/kuka_ws/install/kuka_controllers/bin'
[13.394s] INFO:colcon.colcon_core.shell:Creating package script '/home/sourav/kuka_ws/install/kuka_controllers/share/kuka_controllers/package.ps1'
[13.395s] INFO:colcon.colcon_core.shell:Creating package descriptor '/home/sourav/kuka_ws/install/kuka_controllers/share/kuka_controllers/package.dsv'
[13.395s] INFO:colcon.colcon_core.shell:Creating package script '/home/sourav/kuka_ws/install/kuka_controllers/share/kuka_controllers/package.sh'
[13.396s] INFO:colcon.colcon_core.shell:Creating package script '/home/sourav/kuka_ws/install/kuka_controllers/share/kuka_controllers/package.bash'
[13.396s] INFO:colcon.colcon_core.shell:Creating package script '/home/sourav/kuka_ws/install/kuka_controllers/share/kuka_controllers/package.zsh'
[13.396s] Level 1:colcon.colcon_core.environment:create_file_with_runtime_dependencies(/home/sourav/kuka_ws/install/kuka_controllers/share/colcon-core/packages/kuka_controllers)
[13.397s] DEBUG:colcon.colcon_parallel_executor.executor.parallel:closing loop
[13.397s] DEBUG:colcon.colcon_parallel_executor.executor.parallel:loop closed
[13.397s] DEBUG:colcon.colcon_parallel_executor.executor.parallel:run_until_complete finished with '0'
[13.397s] DEBUG:colcon.colcon_core.event_reactor:joining thread
[13.416s] INFO:colcon.colcon_core.plugin_system:Skipping extension 'colcon_notification.desktop_notification.terminal_notifier': Not used on non-Darwin systems
[13.416s] INFO:colcon.colcon_core.plugin_system:Skipping extension 'colcon_notification.desktop_notification.win32': Not used on non-Windows systems
[13.417s] INFO:colcon.colcon_notification.desktop_notification:Sending desktop notification using 'notify2'
[13.443s] DEBUG:colcon.colcon_core.event_reactor:joined thread
[13.444s] INFO:colcon.colcon_core.shell:Creating prefix script '/home/sourav/kuka_ws/install/local_setup.ps1'
[13.445s] INFO:colcon.colcon_core.shell:Creating prefix util module '/home/sourav/kuka_ws/install/_local_setup_util_ps1.py'
[13.447s] INFO:colcon.colcon_core.shell:Creating prefix chain script '/home/sourav/kuka_ws/install/setup.ps1'
[13.449s] INFO:colcon.colcon_core.shell:Creating prefix script '/home/sourav/kuka_ws/install/local_setup.sh'
[13.450s] INFO:colcon.colcon_core.shell:Creating prefix util module '/home/sourav/kuka_ws/install/_local_setup_util_sh.py'
[13.451s] INFO:colcon.colcon_core.shell:Creating prefix chain script '/home/sourav/kuka_ws/install/setup.sh'
[13.453s] INFO:colcon.colcon_core.shell:Creating prefix script '/home/sourav/kuka_ws/install/local_setup.bash'
[13.454s] INFO:colcon.colcon_core.shell:Creating prefix chain script '/home/sourav/kuka_ws/install/setup.bash'
[13.456s] INFO:colcon.colcon_core.shell:Creating prefix script '/home/sourav/kuka_ws/install/local_setup.zsh'
[13.457s] INFO:colcon.colcon_core.shell:Creating prefix chain script '/home/sourav/kuka_ws/install/setup.zsh'
