[0.114s] DEBUG:colcon:Command line arguments: ['/usr/bin/colcon', 'build']
[0.114s] DEBUG:colcon:Parsed command line arguments: Namespace(log_base=None, log_level=None, verb_name='build', build_base='build', install_base='install', merge_install=False, symlink_install=False, test_result_base=None, continue_on_error=False, executor='parallel', parallel_workers=12, event_handlers=None, ignore_user_meta=False, metas=['./colcon.meta'], base_paths=['.'], packages_ignore=None, packages_ignore_regex=None, paths=None, packages_up_to=None, packages_up_to_regex=None, packages_above=None, packages_above_and_dependencies=None, packages_above_depth=None, packages_select_by_dep=None, packages_skip_by_dep=None, packages_skip_up_to=None, packages_select_build_failed=False, packages_skip_build_finished=False, packages_select_test_failures=False, packages_skip_test_passed=False, packages_select=None, packages_skip=None, packages_select_regex=None, packages_skip_regex=None, packages_start=None, packages_end=None, allow_overriding=[], cmake_args=None, cmake_target=None, cmake_target_skip_unavailable=False, cmake_clean_cache=False, cmake_clean_first=False, cmake_force_configure=False, ament_cmake_args=None, catkin_cmake_args=None, catkin_skip_building_tests=False, mixin_files=None, mixin=None, verb_parser=<colcon_mixin.mixin.mixin_argument.MixinArgumentDecorator object at 0x7eca22580fa0>, verb_extension=<colcon_core.verb.build.BuildVerb object at 0x7eca22580a00>, main=<bound method BuildVerb.main of <colcon_core.verb.build.BuildVerb object at 0x7eca22580a00>>, mixin_verb=('build',))
[0.304s] Level 1:colcon.colcon_core.package_discovery:discover_packages(colcon_meta) check parameters
[0.304s] Level 1:colcon.colcon_core.package_discovery:discover_packages(recursive) check parameters
[0.304s] Level 1:colcon.colcon_core.package_discovery:discover_packages(ignore) check parameters
[0.304s] Level 1:colcon.colcon_core.package_discovery:discover_packages(path) check parameters
[0.304s] Level 1:colcon.colcon_core.package_discovery:discover_packages(colcon_meta) discover
[0.304s] Level 1:colcon.colcon_core.package_discovery:discover_packages(recursive) discover
[0.304s] INFO:colcon.colcon_core.package_discovery:Crawling recursively for packages in '/home/sourav/kuka_ws'
[0.304s] Level 1:colcon.colcon_core.package_identification:_identify(.) by extensions ['ignore', 'ignore_ament_install']
[0.304s] Level 1:colcon.colcon_core.package_identification:_identify(.) by extension 'ignore'
[0.305s] Level 1:colcon.colcon_core.package_identification:_identify(.) by extension 'ignore_ament_install'
[0.305s] Level 1:colcon.colcon_core.package_identification:_identify(.) by extensions ['colcon_pkg']
[0.305s] Level 1:colcon.colcon_core.package_identification:_identify(.) by extension 'colcon_pkg'
[0.305s] Level 1:colcon.colcon_core.package_identification:_identify(.) by extensions ['colcon_meta']
[0.305s] Level 1:colcon.colcon_core.package_identification:_identify(.) by extension 'colcon_meta'
[0.305s] Level 1:colcon.colcon_core.package_identification:_identify(.) by extensions ['ros']
[0.305s] Level 1:colcon.colcon_core.package_identification:_identify(.) by extension 'ros'
[0.316s] Level 1:colcon.colcon_core.package_identification:_identify(.) by extensions ['cmake', 'python']
[0.316s] Level 1:colcon.colcon_core.package_identification:_identify(.) by extension 'cmake'
[0.316s] Level 1:colcon.colcon_core.package_identification:_identify(.) by extension 'python'
[0.316s] Level 1:colcon.colcon_core.package_identification:_identify(.) by extensions ['python_setup_py']
[0.316s] Level 1:colcon.colcon_core.package_identification:_identify(.) by extension 'python_setup_py'
[0.316s] Level 1:colcon.colcon_core.package_identification:_identify(build) by extensions ['ignore', 'ignore_ament_install']
[0.316s] Level 1:colcon.colcon_core.package_identification:_identify(build) by extension 'ignore'
[0.316s] Level 1:colcon.colcon_core.package_identification:_identify(build) ignored
[0.316s] Level 1:colcon.colcon_core.package_identification:_identify(install) by extensions ['ignore', 'ignore_ament_install']
[0.317s] Level 1:colcon.colcon_core.package_identification:_identify(install) by extension 'ignore'
[0.317s] Level 1:colcon.colcon_core.package_identification:_identify(install) ignored
[0.317s] Level 1:colcon.colcon_core.package_identification:_identify(log) by extensions ['ignore', 'ignore_ament_install']
[0.317s] Level 1:colcon.colcon_core.package_identification:_identify(log) by extension 'ignore'
[0.317s] Level 1:colcon.colcon_core.package_identification:_identify(log) ignored
[0.317s] Level 1:colcon.colcon_core.package_identification:_identify(src) by extensions ['ignore', 'ignore_ament_install']
[0.317s] Level 1:colcon.colcon_core.package_identification:_identify(src) by extension 'ignore'
[0.317s] Level 1:colcon.colcon_core.package_identification:_identify(src) by extension 'ignore_ament_install'
[0.317s] Level 1:colcon.colcon_core.package_identification:_identify(src) by extensions ['colcon_pkg']
[0.317s] Level 1:colcon.colcon_core.package_identification:_identify(src) by extension 'colcon_pkg'
[0.317s] Level 1:colcon.colcon_core.package_identification:_identify(src) by extensions ['colcon_meta']
[0.317s] Level 1:colcon.colcon_core.package_identification:_identify(src) by extension 'colcon_meta'
[0.317s] Level 1:colcon.colcon_core.package_identification:_identify(src) by extensions ['ros']
[0.317s] Level 1:colcon.colcon_core.package_identification:_identify(src) by extension 'ros'
[0.317s] Level 1:colcon.colcon_core.package_identification:_identify(src) by extensions ['cmake', 'python']
[0.317s] Level 1:colcon.colcon_core.package_identification:_identify(src) by extension 'cmake'
[0.317s] Level 1:colcon.colcon_core.package_identification:_identify(src) by extension 'python'
[0.318s] Level 1:colcon.colcon_core.package_identification:_identify(src) by extensions ['python_setup_py']
[0.318s] Level 1:colcon.colcon_core.package_identification:_identify(src) by extension 'python_setup_py'
[0.318s] Level 1:colcon.colcon_core.package_identification:_identify(src/kuka_controllers) by extensions ['ignore', 'ignore_ament_install']
[0.318s] Level 1:colcon.colcon_core.package_identification:_identify(src/kuka_controllers) by extension 'ignore'
[0.318s] Level 1:colcon.colcon_core.package_identification:_identify(src/kuka_controllers) by extension 'ignore_ament_install'
[0.318s] Level 1:colcon.colcon_core.package_identification:_identify(src/kuka_controllers) by extensions ['colcon_pkg']
[0.318s] Level 1:colcon.colcon_core.package_identification:_identify(src/kuka_controllers) by extension 'colcon_pkg'
[0.318s] Level 1:colcon.colcon_core.package_identification:_identify(src/kuka_controllers) by extensions ['colcon_meta']
[0.318s] Level 1:colcon.colcon_core.package_identification:_identify(src/kuka_controllers) by extension 'colcon_meta'
[0.318s] Level 1:colcon.colcon_core.package_identification:_identify(src/kuka_controllers) by extensions ['ros']
[0.318s] Level 1:colcon.colcon_core.package_identification:_identify(src/kuka_controllers) by extension 'ros'
[0.321s] DEBUG:colcon.colcon_core.package_identification:Package 'src/kuka_controllers' with type 'ros.ament_cmake' and name 'kuka_controllers'
[0.321s] Level 1:colcon.colcon_core.package_identification:_identify(src/kuka_description) by extensions ['ignore', 'ignore_ament_install']
[0.321s] Level 1:colcon.colcon_core.package_identification:_identify(src/kuka_description) by extension 'ignore'
[0.322s] Level 1:colcon.colcon_core.package_identification:_identify(src/kuka_description) by extension 'ignore_ament_install'
[0.322s] Level 1:colcon.colcon_core.package_identification:_identify(src/kuka_description) by extensions ['colcon_pkg']
[0.322s] Level 1:colcon.colcon_core.package_identification:_identify(src/kuka_description) by extension 'colcon_pkg'
[0.322s] Level 1:colcon.colcon_core.package_identification:_identify(src/kuka_description) by extensions ['colcon_meta']
[0.322s] Level 1:colcon.colcon_core.package_identification:_identify(src/kuka_description) by extension 'colcon_meta'
[0.322s] Level 1:colcon.colcon_core.package_identification:_identify(src/kuka_description) by extensions ['ros']
[0.322s] Level 1:colcon.colcon_core.package_identification:_identify(src/kuka_description) by extension 'ros'
[0.331s] DEBUG:colcon.colcon_core.package_identification:Package 'src/kuka_description' with type 'ros.ament_cmake' and name 'kuka_description'
[0.331s] Level 1:colcon.colcon_core.package_identification:_identify(src/kuka_moveit) by extensions ['ignore', 'ignore_ament_install']
[0.331s] Level 1:colcon.colcon_core.package_identification:_identify(src/kuka_moveit) by extension 'ignore'
[0.331s] Level 1:colcon.colcon_core.package_identification:_identify(src/kuka_moveit) by extension 'ignore_ament_install'
[0.332s] Level 1:colcon.colcon_core.package_identification:_identify(src/kuka_moveit) by extensions ['colcon_pkg']
[0.332s] Level 1:colcon.colcon_core.package_identification:_identify(src/kuka_moveit) by extension 'colcon_pkg'
[0.332s] Level 1:colcon.colcon_core.package_identification:_identify(src/kuka_moveit) by extensions ['colcon_meta']
[0.332s] Level 1:colcon.colcon_core.package_identification:_identify(src/kuka_moveit) by extension 'colcon_meta'
[0.332s] Level 1:colcon.colcon_core.package_identification:_identify(src/kuka_moveit) by extensions ['ros']
[0.332s] Level 1:colcon.colcon_core.package_identification:_identify(src/kuka_moveit) by extension 'ros'
[0.332s] DEBUG:colcon.colcon_core.package_identification:Package 'src/kuka_moveit' with type 'ros.ament_cmake' and name 'kuka_moveit'
[0.332s] Level 1:colcon.colcon_core.package_discovery:discover_packages(recursive) using defaults
[0.333s] Level 1:colcon.colcon_core.package_discovery:discover_packages(ignore) discover
[0.333s] Level 1:colcon.colcon_core.package_discovery:discover_packages(ignore) using defaults
[0.333s] Level 1:colcon.colcon_core.package_discovery:discover_packages(path) discover
[0.333s] Level 1:colcon.colcon_core.package_discovery:discover_packages(path) using defaults
[0.353s] Level 1:colcon.colcon_core.package_discovery:discover_packages(prefix_path) check parameters
[0.353s] Level 1:colcon.colcon_core.package_discovery:discover_packages(prefix_path) discover
[0.355s] DEBUG:colcon.colcon_installed_package_information.package_discovery:Found 3 installed packages in /home/sourav/kuka_ws/install
[0.356s] DEBUG:colcon.colcon_installed_package_information.package_discovery:Found 11 installed packages in /home/sourav/iki_workspace/ros2_ws/install
[0.356s] DEBUG:colcon.colcon_installed_package_information.package_discovery:Found 3 installed packages in /home/sourav/turtlebot3_ws/install
[0.358s] DEBUG:colcon.colcon_installed_package_information.package_discovery:Found 458 installed packages in /opt/ros/humble
[0.360s] Level 1:colcon.colcon_core.package_discovery:discover_packages(prefix_path) using defaults
[0.415s] Level 5:colcon.colcon_core.verb:set package 'kuka_controllers' build argument 'cmake_args' from command line to 'None'
[0.415s] Level 5:colcon.colcon_core.verb:set package 'kuka_controllers' build argument 'cmake_target' from command line to 'None'
[0.415s] Level 5:colcon.colcon_core.verb:set package 'kuka_controllers' build argument 'cmake_target_skip_unavailable' from command line to 'False'
[0.415s] Level 5:colcon.colcon_core.verb:set package 'kuka_controllers' build argument 'cmake_clean_cache' from command line to 'False'
[0.415s] Level 5:colcon.colcon_core.verb:set package 'kuka_controllers' build argument 'cmake_clean_first' from command line to 'False'
[0.415s] Level 5:colcon.colcon_core.verb:set package 'kuka_controllers' build argument 'cmake_force_configure' from command line to 'False'
[0.415s] Level 5:colcon.colcon_core.verb:set package 'kuka_controllers' build argument 'ament_cmake_args' from command line to 'None'
[0.415s] Level 5:colcon.colcon_core.verb:set package 'kuka_controllers' build argument 'catkin_cmake_args' from command line to 'None'
[0.415s] Level 5:colcon.colcon_core.verb:set package 'kuka_controllers' build argument 'catkin_skip_building_tests' from command line to 'False'
[0.415s] DEBUG:colcon.colcon_core.verb:Building package 'kuka_controllers' with the following arguments: {'ament_cmake_args': None, 'build_base': '/home/sourav/kuka_ws/build/kuka_controllers', 'catkin_cmake_args': None, 'catkin_skip_building_tests': False, 'cmake_args': None, 'cmake_clean_cache': False, 'cmake_clean_first': False, 'cmake_force_configure': False, 'cmake_target': None, 'cmake_target_skip_unavailable': False, 'install_base': '/home/sourav/kuka_ws/install/kuka_controllers', 'merge_install': False, 'path': '/home/sourav/kuka_ws/src/kuka_controllers', 'symlink_install': False, 'test_result_base': None}
[0.416s] Level 5:colcon.colcon_core.verb:set package 'kuka_description' build argument 'cmake_args' from command line to 'None'
[0.416s] Level 5:colcon.colcon_core.verb:set package 'kuka_description' build argument 'cmake_target' from command line to 'None'
[0.416s] Level 5:colcon.colcon_core.verb:set package 'kuka_description' build argument 'cmake_target_skip_unavailable' from command line to 'False'
[0.416s] Level 5:colcon.colcon_core.verb:set package 'kuka_description' build argument 'cmake_clean_cache' from command line to 'False'
[0.416s] Level 5:colcon.colcon_core.verb:set package 'kuka_description' build argument 'cmake_clean_first' from command line to 'False'
[0.416s] Level 5:colcon.colcon_core.verb:set package 'kuka_description' build argument 'cmake_force_configure' from command line to 'False'
[0.416s] Level 5:colcon.colcon_core.verb:set package 'kuka_description' build argument 'ament_cmake_args' from command line to 'None'
[0.416s] Level 5:colcon.colcon_core.verb:set package 'kuka_description' build argument 'catkin_cmake_args' from command line to 'None'
[0.416s] Level 5:colcon.colcon_core.verb:set package 'kuka_description' build argument 'catkin_skip_building_tests' from command line to 'False'
[0.416s] DEBUG:colcon.colcon_core.verb:Building package 'kuka_description' with the following arguments: {'ament_cmake_args': None, 'build_base': '/home/sourav/kuka_ws/build/kuka_description', 'catkin_cmake_args': None, 'catkin_skip_building_tests': False, 'cmake_args': None, 'cmake_clean_cache': False, 'cmake_clean_first': False, 'cmake_force_configure': False, 'cmake_target': None, 'cmake_target_skip_unavailable': False, 'install_base': '/home/sourav/kuka_ws/install/kuka_description', 'merge_install': False, 'path': '/home/sourav/kuka_ws/src/kuka_description', 'symlink_install': False, 'test_result_base': None}
[0.416s] Level 5:colcon.colcon_core.verb:set package 'kuka_moveit' build argument 'cmake_args' from command line to 'None'
[0.416s] Level 5:colcon.colcon_core.verb:set package 'kuka_moveit' build argument 'cmake_target' from command line to 'None'
[0.416s] Level 5:colcon.colcon_core.verb:set package 'kuka_moveit' build argument 'cmake_target_skip_unavailable' from command line to 'False'
[0.416s] Level 5:colcon.colcon_core.verb:set package 'kuka_moveit' build argument 'cmake_clean_cache' from command line to 'False'
[0.416s] Level 5:colcon.colcon_core.verb:set package 'kuka_moveit' build argument 'cmake_clean_first' from command line to 'False'
[0.416s] Level 5:colcon.colcon_core.verb:set package 'kuka_moveit' build argument 'cmake_force_configure' from command line to 'False'
[0.416s] Level 5:colcon.colcon_core.verb:set package 'kuka_moveit' build argument 'ament_cmake_args' from command line to 'None'
[0.416s] Level 5:colcon.colcon_core.verb:set package 'kuka_moveit' build argument 'catkin_cmake_args' from command line to 'None'
[0.416s] Level 5:colcon.colcon_core.verb:set package 'kuka_moveit' build argument 'catkin_skip_building_tests' from command line to 'False'
[0.416s] DEBUG:colcon.colcon_core.verb:Building package 'kuka_moveit' with the following arguments: {'ament_cmake_args': None, 'build_base': '/home/sourav/kuka_ws/build/kuka_moveit', 'catkin_cmake_args': None, 'catkin_skip_building_tests': False, 'cmake_args': None, 'cmake_clean_cache': False, 'cmake_clean_first': False, 'cmake_force_configure': False, 'cmake_target': None, 'cmake_target_skip_unavailable': False, 'install_base': '/home/sourav/kuka_ws/install/kuka_moveit', 'merge_install': False, 'path': '/home/sourav/kuka_ws/src/kuka_moveit', 'symlink_install': False, 'test_result_base': None}
[0.417s] INFO:colcon.colcon_core.executor:Executing jobs using 'parallel' executor
[0.417s] DEBUG:colcon.colcon_parallel_executor.executor.parallel:run_until_complete
[0.418s] INFO:colcon.colcon_ros.task.ament_cmake.build:Building ROS package in '/home/sourav/kuka_ws/src/kuka_controllers' with build type 'ament_cmake'
[0.418s] INFO:colcon.colcon_cmake.task.cmake.build:Building CMake package in '/home/sourav/kuka_ws/src/kuka_controllers'
[0.420s] INFO:colcon.colcon_core.plugin_system:Skipping extension 'colcon_core.shell.bat': Not used on non-Windows systems
[0.420s] INFO:colcon.colcon_core.shell:Skip shell extension 'powershell' for command environment: Not usable outside of PowerShell
[0.420s] DEBUG:colcon.colcon_core.shell:Skip shell extension 'dsv' for command environment
[0.425s] INFO:colcon.colcon_ros.task.ament_cmake.build:Building ROS package in '/home/sourav/kuka_ws/src/kuka_description' with build type 'ament_cmake'
[0.425s] INFO:colcon.colcon_cmake.task.cmake.build:Building CMake package in '/home/sourav/kuka_ws/src/kuka_description'
[0.425s] INFO:colcon.colcon_core.shell:Skip shell extension 'powershell' for command environment: Not usable outside of PowerShell
[0.425s] DEBUG:colcon.colcon_core.shell:Skip shell extension 'dsv' for command environment
[0.429s] INFO:colcon.colcon_ros.task.ament_cmake.build:Building ROS package in '/home/sourav/kuka_ws/src/kuka_moveit' with build type 'ament_cmake'
[0.429s] INFO:colcon.colcon_cmake.task.cmake.build:Building CMake package in '/home/sourav/kuka_ws/src/kuka_moveit'
[0.430s] INFO:colcon.colcon_core.shell:Skip shell extension 'powershell' for command environment: Not usable outside of PowerShell
[0.430s] DEBUG:colcon.colcon_core.shell:Skip shell extension 'dsv' for command environment
[0.439s] DEBUG:colcon.colcon_core.event_handler.log_command:Invoking command in '/home/sourav/kuka_ws/build/kuka_controllers': CMAKE_PREFIX_PATH=${CMAKE_PREFIX_PATH}:/home/sourav/iki_workspace/ros2_ws/install/catch_a_turtle:/home/sourav/iki_workspace/ros2_ws/install/turtlemover:/home/sourav/iki_workspace/ros2_ws/install/tb3_rwu_arena:/home/sourav/iki_workspace/ros2_ws/install/py_pubsub:/home/sourav/iki_workspace/ros2_ws/install/my_package:/home/sourav/iki_workspace/ros2_ws/install/my_cv_package:/home/sourav/iki_workspace/ros2_ws/install/follow_wall:/home/sourav/iki_workspace/ros2_ws/install/follow_line:/home/sourav/iki_workspace/ros2_ws/install/drive_to_wall:/home/sourav/iki_workspace/ros2_ws/install/autorace_wall_follow:/opt/ros/humble /usr/bin/cmake --build /home/sourav/kuka_ws/build/kuka_controllers -- -j12 -l12
[0.442s] DEBUG:colcon.colcon_core.event_handler.log_command:Invoking command in '/home/sourav/kuka_ws/build/kuka_description': CMAKE_PREFIX_PATH=${CMAKE_PREFIX_PATH}:/home/sourav/iki_workspace/ros2_ws/install/catch_a_turtle:/home/sourav/iki_workspace/ros2_ws/install/turtlemover:/home/sourav/iki_workspace/ros2_ws/install/tb3_rwu_arena:/home/sourav/iki_workspace/ros2_ws/install/py_pubsub:/home/sourav/iki_workspace/ros2_ws/install/my_package:/home/sourav/iki_workspace/ros2_ws/install/my_cv_package:/home/sourav/iki_workspace/ros2_ws/install/follow_wall:/home/sourav/iki_workspace/ros2_ws/install/follow_line:/home/sourav/iki_workspace/ros2_ws/install/drive_to_wall:/home/sourav/iki_workspace/ros2_ws/install/autorace_wall_follow:/opt/ros/humble /usr/bin/cmake --build /home/sourav/kuka_ws/build/kuka_description -- -j12 -l12
[0.445s] DEBUG:colcon.colcon_core.event_handler.log_command:Invoking command in '/home/sourav/kuka_ws/build/kuka_moveit': CMAKE_PREFIX_PATH=${CMAKE_PREFIX_PATH}:/home/sourav/iki_workspace/ros2_ws/install/catch_a_turtle:/home/sourav/iki_workspace/ros2_ws/install/turtlemover:/home/sourav/iki_workspace/ros2_ws/install/tb3_rwu_arena:/home/sourav/iki_workspace/ros2_ws/install/py_pubsub:/home/sourav/iki_workspace/ros2_ws/install/my_package:/home/sourav/iki_workspace/ros2_ws/install/my_cv_package:/home/sourav/iki_workspace/ros2_ws/install/follow_wall:/home/sourav/iki_workspace/ros2_ws/install/follow_line:/home/sourav/iki_workspace/ros2_ws/install/drive_to_wall:/home/sourav/iki_workspace/ros2_ws/install/autorace_wall_follow:/opt/ros/humble /usr/bin/cmake --build /home/sourav/kuka_ws/build/kuka_moveit -- -j12 -l12
[0.480s] DEBUG:colcon.colcon_core.event_handler.log_command:Invoked command in '/home/sourav/kuka_ws/build/kuka_controllers' returned '0': CMAKE_PREFIX_PATH=${CMAKE_PREFIX_PATH}:/home/sourav/iki_workspace/ros2_ws/install/catch_a_turtle:/home/sourav/iki_workspace/ros2_ws/install/turtlemover:/home/sourav/iki_workspace/ros2_ws/install/tb3_rwu_arena:/home/sourav/iki_workspace/ros2_ws/install/py_pubsub:/home/sourav/iki_workspace/ros2_ws/install/my_package:/home/sourav/iki_workspace/ros2_ws/install/my_cv_package:/home/sourav/iki_workspace/ros2_ws/install/follow_wall:/home/sourav/iki_workspace/ros2_ws/install/follow_line:/home/sourav/iki_workspace/ros2_ws/install/drive_to_wall:/home/sourav/iki_workspace/ros2_ws/install/autorace_wall_follow:/opt/ros/humble /usr/bin/cmake --build /home/sourav/kuka_ws/build/kuka_controllers -- -j12 -l12
[0.490s] DEBUG:colcon.colcon_core.event_handler.log_command:Invoking command in '/home/sourav/kuka_ws/build/kuka_controllers': CMAKE_PREFIX_PATH=${CMAKE_PREFIX_PATH}:/home/sourav/iki_workspace/ros2_ws/install/catch_a_turtle:/home/sourav/iki_workspace/ros2_ws/install/turtlemover:/home/sourav/iki_workspace/ros2_ws/install/tb3_rwu_arena:/home/sourav/iki_workspace/ros2_ws/install/py_pubsub:/home/sourav/iki_workspace/ros2_ws/install/my_package:/home/sourav/iki_workspace/ros2_ws/install/my_cv_package:/home/sourav/iki_workspace/ros2_ws/install/follow_wall:/home/sourav/iki_workspace/ros2_ws/install/follow_line:/home/sourav/iki_workspace/ros2_ws/install/drive_to_wall:/home/sourav/iki_workspace/ros2_ws/install/autorace_wall_follow:/opt/ros/humble /usr/bin/cmake --install /home/sourav/kuka_ws/build/kuka_controllers
[0.491s] DEBUG:colcon.colcon_core.event_handler.log_command:Invoked command in '/home/sourav/kuka_ws/build/kuka_description' returned '0': CMAKE_PREFIX_PATH=${CMAKE_PREFIX_PATH}:/home/sourav/iki_workspace/ros2_ws/install/catch_a_turtle:/home/sourav/iki_workspace/ros2_ws/install/turtlemover:/home/sourav/iki_workspace/ros2_ws/install/tb3_rwu_arena:/home/sourav/iki_workspace/ros2_ws/install/py_pubsub:/home/sourav/iki_workspace/ros2_ws/install/my_package:/home/sourav/iki_workspace/ros2_ws/install/my_cv_package:/home/sourav/iki_workspace/ros2_ws/install/follow_wall:/home/sourav/iki_workspace/ros2_ws/install/follow_line:/home/sourav/iki_workspace/ros2_ws/install/drive_to_wall:/home/sourav/iki_workspace/ros2_ws/install/autorace_wall_follow:/opt/ros/humble /usr/bin/cmake --build /home/sourav/kuka_ws/build/kuka_description -- -j12 -l12
[0.493s] DEBUG:colcon.colcon_core.event_handler.log_command:Invoking command in '/home/sourav/kuka_ws/build/kuka_description': CMAKE_PREFIX_PATH=${CMAKE_PREFIX_PATH}:/home/sourav/iki_workspace/ros2_ws/install/catch_a_turtle:/home/sourav/iki_workspace/ros2_ws/install/turtlemover:/home/sourav/iki_workspace/ros2_ws/install/tb3_rwu_arena:/home/sourav/iki_workspace/ros2_ws/install/py_pubsub:/home/sourav/iki_workspace/ros2_ws/install/my_package:/home/sourav/iki_workspace/ros2_ws/install/my_cv_package:/home/sourav/iki_workspace/ros2_ws/install/follow_wall:/home/sourav/iki_workspace/ros2_ws/install/follow_line:/home/sourav/iki_workspace/ros2_ws/install/drive_to_wall:/home/sourav/iki_workspace/ros2_ws/install/autorace_wall_follow:/opt/ros/humble /usr/bin/cmake --install /home/sourav/kuka_ws/build/kuka_description
[0.493s] DEBUG:colcon.colcon_core.event_handler.log_command:Invoked command in '/home/sourav/kuka_ws/build/kuka_moveit' returned '0': CMAKE_PREFIX_PATH=${CMAKE_PREFIX_PATH}:/home/sourav/iki_workspace/ros2_ws/install/catch_a_turtle:/home/sourav/iki_workspace/ros2_ws/install/turtlemover:/home/sourav/iki_workspace/ros2_ws/install/tb3_rwu_arena:/home/sourav/iki_workspace/ros2_ws/install/py_pubsub:/home/sourav/iki_workspace/ros2_ws/install/my_package:/home/sourav/iki_workspace/ros2_ws/install/my_cv_package:/home/sourav/iki_workspace/ros2_ws/install/follow_wall:/home/sourav/iki_workspace/ros2_ws/install/follow_line:/home/sourav/iki_workspace/ros2_ws/install/drive_to_wall:/home/sourav/iki_workspace/ros2_ws/install/autorace_wall_follow:/opt/ros/humble /usr/bin/cmake --build /home/sourav/kuka_ws/build/kuka_moveit -- -j12 -l12
[0.495s] DEBUG:colcon.colcon_core.event_handler.log_command:Invoking command in '/home/sourav/kuka_ws/build/kuka_moveit': CMAKE_PREFIX_PATH=${CMAKE_PREFIX_PATH}:/home/sourav/iki_workspace/ros2_ws/install/catch_a_turtle:/home/sourav/iki_workspace/ros2_ws/install/turtlemover:/home/sourav/iki_workspace/ros2_ws/install/tb3_rwu_arena:/home/sourav/iki_workspace/ros2_ws/install/py_pubsub:/home/sourav/iki_workspace/ros2_ws/install/my_package:/home/sourav/iki_workspace/ros2_ws/install/my_cv_package:/home/sourav/iki_workspace/ros2_ws/install/follow_wall:/home/sourav/iki_workspace/ros2_ws/install/follow_line:/home/sourav/iki_workspace/ros2_ws/install/drive_to_wall:/home/sourav/iki_workspace/ros2_ws/install/autorace_wall_follow:/opt/ros/humble /usr/bin/cmake --install /home/sourav/kuka_ws/build/kuka_moveit
[0.501s] Level 1:colcon.colcon_core.environment:create_environment_scripts_only(kuka_controllers)
[0.506s] DEBUG:colcon.colcon_core.event_handler.log_command:Invoked command in '/home/sourav/kuka_ws/build/kuka_controllers' returned '0': CMAKE_PREFIX_PATH=${CMAKE_PREFIX_PATH}:/home/sourav/iki_workspace/ros2_ws/install/catch_a_turtle:/home/sourav/iki_workspace/ros2_ws/install/turtlemover:/home/sourav/iki_workspace/ros2_ws/install/tb3_rwu_arena:/home/sourav/iki_workspace/ros2_ws/install/py_pubsub:/home/sourav/iki_workspace/ros2_ws/install/my_package:/home/sourav/iki_workspace/ros2_ws/install/my_cv_package:/home/sourav/iki_workspace/ros2_ws/install/follow_wall:/home/sourav/iki_workspace/ros2_ws/install/follow_line:/home/sourav/iki_workspace/ros2_ws/install/drive_to_wall:/home/sourav/iki_workspace/ros2_ws/install/autorace_wall_follow:/opt/ros/humble /usr/bin/cmake --install /home/sourav/kuka_ws/build/kuka_controllers
[0.510s] Level 1:colcon.colcon_core.environment:checking '/home/sourav/kuka_ws/install/kuka_controllers' for CMake module files
[0.510s] Level 1:colcon.colcon_core.environment:checking '/home/sourav/kuka_ws/install/kuka_controllers' for CMake config files
[0.510s] Level 1:colcon.colcon_core.shell:create_environment_hook('kuka_controllers', 'cmake_prefix_path')
[0.511s] INFO:colcon.colcon_core.shell:Creating environment hook '/home/sourav/kuka_ws/install/kuka_controllers/share/kuka_controllers/hook/cmake_prefix_path.ps1'
[0.511s] INFO:colcon.colcon_core.shell:Creating environment descriptor '/home/sourav/kuka_ws/install/kuka_controllers/share/kuka_controllers/hook/cmake_prefix_path.dsv'
[0.512s] INFO:colcon.colcon_core.shell:Creating environment hook '/home/sourav/kuka_ws/install/kuka_controllers/share/kuka_controllers/hook/cmake_prefix_path.sh'
[0.513s] Level 1:colcon.colcon_core.environment:checking '/home/sourav/kuka_ws/install/kuka_controllers/bin'
[0.513s] Level 1:colcon.colcon_core.environment:checking '/home/sourav/kuka_ws/install/kuka_controllers/lib/pkgconfig/kuka_controllers.pc'
[0.513s] Level 1:colcon.colcon_core.environment:checking '/home/sourav/kuka_ws/install/kuka_controllers/lib/python3.10/site-packages'
[0.513s] Level 1:colcon.colcon_core.environment:checking '/home/sourav/kuka_ws/install/kuka_controllers/bin'
[0.513s] INFO:colcon.colcon_core.shell:Creating package script '/home/sourav/kuka_ws/install/kuka_controllers/share/kuka_controllers/package.ps1'
[0.514s] INFO:colcon.colcon_core.shell:Creating package descriptor '/home/sourav/kuka_ws/install/kuka_controllers/share/kuka_controllers/package.dsv'
[0.515s] INFO:colcon.colcon_core.shell:Creating package script '/home/sourav/kuka_ws/install/kuka_controllers/share/kuka_controllers/package.sh'
[0.515s] INFO:colcon.colcon_core.shell:Creating package script '/home/sourav/kuka_ws/install/kuka_controllers/share/kuka_controllers/package.bash'
[0.516s] INFO:colcon.colcon_core.shell:Creating package script '/home/sourav/kuka_ws/install/kuka_controllers/share/kuka_controllers/package.zsh'
[0.517s] Level 1:colcon.colcon_core.environment:create_file_with_runtime_dependencies(/home/sourav/kuka_ws/install/kuka_controllers/share/colcon-core/packages/kuka_controllers)
[0.517s] Level 1:colcon.colcon_core.environment:create_environment_scripts_only(kuka_controllers)
[0.517s] Level 1:colcon.colcon_core.environment:checking '/home/sourav/kuka_ws/install/kuka_controllers' for CMake module files
[0.518s] Level 1:colcon.colcon_core.environment:checking '/home/sourav/kuka_ws/install/kuka_controllers' for CMake config files
[0.518s] Level 1:colcon.colcon_core.shell:create_environment_hook('kuka_controllers', 'cmake_prefix_path')
[0.519s] INFO:colcon.colcon_core.shell:Creating environment hook '/home/sourav/kuka_ws/install/kuka_controllers/share/kuka_controllers/hook/cmake_prefix_path.ps1'
[0.519s] INFO:colcon.colcon_core.shell:Creating environment descriptor '/home/sourav/kuka_ws/install/kuka_controllers/share/kuka_controllers/hook/cmake_prefix_path.dsv'
[0.519s] INFO:colcon.colcon_core.shell:Creating environment hook '/home/sourav/kuka_ws/install/kuka_controllers/share/kuka_controllers/hook/cmake_prefix_path.sh'
[0.520s] Level 1:colcon.colcon_core.environment:checking '/home/sourav/kuka_ws/install/kuka_controllers/bin'
[0.520s] Level 1:colcon.colcon_core.environment:checking '/home/sourav/kuka_ws/install/kuka_controllers/lib/pkgconfig/kuka_controllers.pc'
[0.520s] Level 1:colcon.colcon_core.environment:checking '/home/sourav/kuka_ws/install/kuka_controllers/lib/python3.10/site-packages'
[0.520s] Level 1:colcon.colcon_core.environment:checking '/home/sourav/kuka_ws/install/kuka_controllers/bin'
[0.521s] INFO:colcon.colcon_core.shell:Creating package script '/home/sourav/kuka_ws/install/kuka_controllers/share/kuka_controllers/package.ps1'
[0.521s] INFO:colcon.colcon_core.shell:Creating package descriptor '/home/sourav/kuka_ws/install/kuka_controllers/share/kuka_controllers/package.dsv'
[0.522s] INFO:colcon.colcon_core.shell:Creating package script '/home/sourav/kuka_ws/install/kuka_controllers/share/kuka_controllers/package.sh'
[0.522s] INFO:colcon.colcon_core.shell:Creating package script '/home/sourav/kuka_ws/install/kuka_controllers/share/kuka_controllers/package.bash'
[0.522s] INFO:colcon.colcon_core.shell:Creating package script '/home/sourav/kuka_ws/install/kuka_controllers/share/kuka_controllers/package.zsh'
[0.523s] Level 1:colcon.colcon_core.environment:create_file_with_runtime_dependencies(/home/sourav/kuka_ws/install/kuka_controllers/share/colcon-core/packages/kuka_controllers)
[0.524s] Level 1:colcon.colcon_core.environment:create_environment_scripts_only(kuka_description)
[0.524s] Level 1:colcon.colcon_core.environment:checking '/home/sourav/kuka_ws/install/kuka_description' for CMake module files
[0.525s] DEBUG:colcon.colcon_core.event_handler.log_command:Invoked command in '/home/sourav/kuka_ws/build/kuka_description' returned '0': CMAKE_PREFIX_PATH=${CMAKE_PREFIX_PATH}:/home/sourav/iki_workspace/ros2_ws/install/catch_a_turtle:/home/sourav/iki_workspace/ros2_ws/install/turtlemover:/home/sourav/iki_workspace/ros2_ws/install/tb3_rwu_arena:/home/sourav/iki_workspace/ros2_ws/install/py_pubsub:/home/sourav/iki_workspace/ros2_ws/install/my_package:/home/sourav/iki_workspace/ros2_ws/install/my_cv_package:/home/sourav/iki_workspace/ros2_ws/install/follow_wall:/home/sourav/iki_workspace/ros2_ws/install/follow_line:/home/sourav/iki_workspace/ros2_ws/install/drive_to_wall:/home/sourav/iki_workspace/ros2_ws/install/autorace_wall_follow:/opt/ros/humble /usr/bin/cmake --install /home/sourav/kuka_ws/build/kuka_description
[0.525s] Level 1:colcon.colcon_core.environment:checking '/home/sourav/kuka_ws/install/kuka_description' for CMake config files
[0.525s] Level 1:colcon.colcon_core.shell:create_environment_hook('kuka_description', 'cmake_prefix_path')
[0.525s] INFO:colcon.colcon_core.shell:Creating environment hook '/home/sourav/kuka_ws/install/kuka_description/share/kuka_description/hook/cmake_prefix_path.ps1'
[0.526s] INFO:colcon.colcon_core.shell:Creating environment descriptor '/home/sourav/kuka_ws/install/kuka_description/share/kuka_description/hook/cmake_prefix_path.dsv'
[0.526s] INFO:colcon.colcon_core.shell:Creating environment hook '/home/sourav/kuka_ws/install/kuka_description/share/kuka_description/hook/cmake_prefix_path.sh'
[0.526s] Level 1:colcon.colcon_core.environment:checking '/home/sourav/kuka_ws/install/kuka_description/bin'
[0.526s] Level 1:colcon.colcon_core.environment:checking '/home/sourav/kuka_ws/install/kuka_description/lib/pkgconfig/kuka_description.pc'
[0.527s] Level 1:colcon.colcon_core.environment:checking '/home/sourav/kuka_ws/install/kuka_description/lib/python3.10/site-packages'
[0.527s] Level 1:colcon.colcon_core.environment:checking '/home/sourav/kuka_ws/install/kuka_description/bin'
[0.527s] INFO:colcon.colcon_core.shell:Creating package script '/home/sourav/kuka_ws/install/kuka_description/share/kuka_description/package.ps1'
[0.528s] INFO:colcon.colcon_core.shell:Creating package descriptor '/home/sourav/kuka_ws/install/kuka_description/share/kuka_description/package.dsv'
[0.528s] INFO:colcon.colcon_core.shell:Creating package script '/home/sourav/kuka_ws/install/kuka_description/share/kuka_description/package.sh'
[0.528s] INFO:colcon.colcon_core.shell:Creating package script '/home/sourav/kuka_ws/install/kuka_description/share/kuka_description/package.bash'
[0.529s] INFO:colcon.colcon_core.shell:Creating package script '/home/sourav/kuka_ws/install/kuka_description/share/kuka_description/package.zsh'
[0.529s] Level 1:colcon.colcon_core.environment:create_file_with_runtime_dependencies(/home/sourav/kuka_ws/install/kuka_description/share/colcon-core/packages/kuka_description)
[0.530s] Level 1:colcon.colcon_core.environment:create_environment_scripts_only(kuka_description)
[0.530s] Level 1:colcon.colcon_core.environment:checking '/home/sourav/kuka_ws/install/kuka_description' for CMake module files
[0.530s] Level 1:colcon.colcon_core.environment:checking '/home/sourav/kuka_ws/install/kuka_description' for CMake config files
[0.530s] Level 1:colcon.colcon_core.shell:create_environment_hook('kuka_description', 'cmake_prefix_path')
[0.531s] INFO:colcon.colcon_core.shell:Creating environment hook '/home/sourav/kuka_ws/install/kuka_description/share/kuka_description/hook/cmake_prefix_path.ps1'
[0.531s] INFO:colcon.colcon_core.shell:Creating environment descriptor '/home/sourav/kuka_ws/install/kuka_description/share/kuka_description/hook/cmake_prefix_path.dsv'
[0.532s] INFO:colcon.colcon_core.shell:Creating environment hook '/home/sourav/kuka_ws/install/kuka_description/share/kuka_description/hook/cmake_prefix_path.sh'
[0.532s] Level 1:colcon.colcon_core.environment:checking '/home/sourav/kuka_ws/install/kuka_description/bin'
[0.532s] Level 1:colcon.colcon_core.environment:checking '/home/sourav/kuka_ws/install/kuka_description/lib/pkgconfig/kuka_description.pc'
[0.532s] Level 1:colcon.colcon_core.environment:checking '/home/sourav/kuka_ws/install/kuka_description/lib/python3.10/site-packages'
[0.533s] Level 1:colcon.colcon_core.environment:checking '/home/sourav/kuka_ws/install/kuka_description/bin'
[0.533s] INFO:colcon.colcon_core.shell:Creating package script '/home/sourav/kuka_ws/install/kuka_description/share/kuka_description/package.ps1'
[0.533s] INFO:colcon.colcon_core.shell:Creating package descriptor '/home/sourav/kuka_ws/install/kuka_description/share/kuka_description/package.dsv'
[0.534s] INFO:colcon.colcon_core.shell:Creating package script '/home/sourav/kuka_ws/install/kuka_description/share/kuka_description/package.sh'
[0.534s] INFO:colcon.colcon_core.shell:Creating package script '/home/sourav/kuka_ws/install/kuka_description/share/kuka_description/package.bash'
[0.535s] INFO:colcon.colcon_core.shell:Creating package script '/home/sourav/kuka_ws/install/kuka_description/share/kuka_description/package.zsh'
[0.535s] Level 1:colcon.colcon_core.environment:create_file_with_runtime_dependencies(/home/sourav/kuka_ws/install/kuka_description/share/colcon-core/packages/kuka_description)
[0.536s] Level 1:colcon.colcon_core.environment:create_environment_scripts_only(kuka_moveit)
[0.536s] Level 1:colcon.colcon_core.environment:checking '/home/sourav/kuka_ws/install/kuka_moveit' for CMake module files
[0.537s] Level 1:colcon.colcon_core.environment:checking '/home/sourav/kuka_ws/install/kuka_moveit' for CMake config files
[0.537s] DEBUG:colcon.colcon_core.event_handler.log_command:Invoked command in '/home/sourav/kuka_ws/build/kuka_moveit' returned '0': CMAKE_PREFIX_PATH=${CMAKE_PREFIX_PATH}:/home/sourav/iki_workspace/ros2_ws/install/catch_a_turtle:/home/sourav/iki_workspace/ros2_ws/install/turtlemover:/home/sourav/iki_workspace/ros2_ws/install/tb3_rwu_arena:/home/sourav/iki_workspace/ros2_ws/install/py_pubsub:/home/sourav/iki_workspace/ros2_ws/install/my_package:/home/sourav/iki_workspace/ros2_ws/install/my_cv_package:/home/sourav/iki_workspace/ros2_ws/install/follow_wall:/home/sourav/iki_workspace/ros2_ws/install/follow_line:/home/sourav/iki_workspace/ros2_ws/install/drive_to_wall:/home/sourav/iki_workspace/ros2_ws/install/autorace_wall_follow:/opt/ros/humble /usr/bin/cmake --install /home/sourav/kuka_ws/build/kuka_moveit
[0.537s] Level 1:colcon.colcon_core.shell:create_environment_hook('kuka_moveit', 'cmake_prefix_path')
[0.537s] INFO:colcon.colcon_core.shell:Creating environment hook '/home/sourav/kuka_ws/install/kuka_moveit/share/kuka_moveit/hook/cmake_prefix_path.ps1'
[0.538s] INFO:colcon.colcon_core.shell:Creating environment descriptor '/home/sourav/kuka_ws/install/kuka_moveit/share/kuka_moveit/hook/cmake_prefix_path.dsv'
[0.538s] INFO:colcon.colcon_core.shell:Creating environment hook '/home/sourav/kuka_ws/install/kuka_moveit/share/kuka_moveit/hook/cmake_prefix_path.sh'
[0.539s] Level 1:colcon.colcon_core.environment:checking '/home/sourav/kuka_ws/install/kuka_moveit/bin'
[0.539s] Level 1:colcon.colcon_core.environment:checking '/home/sourav/kuka_ws/install/kuka_moveit/lib/pkgconfig/kuka_moveit.pc'
[0.539s] Level 1:colcon.colcon_core.environment:checking '/home/sourav/kuka_ws/install/kuka_moveit/lib/python3.10/site-packages'
[0.539s] Level 1:colcon.colcon_core.environment:checking '/home/sourav/kuka_ws/install/kuka_moveit/bin'
[0.539s] INFO:colcon.colcon_core.shell:Creating package script '/home/sourav/kuka_ws/install/kuka_moveit/share/kuka_moveit/package.ps1'
[0.540s] INFO:colcon.colcon_core.shell:Creating package descriptor '/home/sourav/kuka_ws/install/kuka_moveit/share/kuka_moveit/package.dsv'
[0.540s] INFO:colcon.colcon_core.shell:Creating package script '/home/sourav/kuka_ws/install/kuka_moveit/share/kuka_moveit/package.sh'
[0.540s] INFO:colcon.colcon_core.shell:Creating package script '/home/sourav/kuka_ws/install/kuka_moveit/share/kuka_moveit/package.bash'
[0.541s] INFO:colcon.colcon_core.shell:Creating package script '/home/sourav/kuka_ws/install/kuka_moveit/share/kuka_moveit/package.zsh'
[0.541s] Level 1:colcon.colcon_core.environment:create_file_with_runtime_dependencies(/home/sourav/kuka_ws/install/kuka_moveit/share/colcon-core/packages/kuka_moveit)
[0.542s] Level 1:colcon.colcon_core.environment:create_environment_scripts_only(kuka_moveit)
[0.543s] Level 1:colcon.colcon_core.environment:checking '/home/sourav/kuka_ws/install/kuka_moveit' for CMake module files
[0.544s] Level 1:colcon.colcon_core.environment:checking '/home/sourav/kuka_ws/install/kuka_moveit' for CMake config files
[0.544s] Level 1:colcon.colcon_core.shell:create_environment_hook('kuka_moveit', 'cmake_prefix_path')
[0.544s] INFO:colcon.colcon_core.shell:Creating environment hook '/home/sourav/kuka_ws/install/kuka_moveit/share/kuka_moveit/hook/cmake_prefix_path.ps1'
[0.545s] INFO:colcon.colcon_core.shell:Creating environment descriptor '/home/sourav/kuka_ws/install/kuka_moveit/share/kuka_moveit/hook/cmake_prefix_path.dsv'
[0.546s] INFO:colcon.colcon_core.shell:Creating environment hook '/home/sourav/kuka_ws/install/kuka_moveit/share/kuka_moveit/hook/cmake_prefix_path.sh'
[0.546s] Level 1:colcon.colcon_core.environment:checking '/home/sourav/kuka_ws/install/kuka_moveit/bin'
[0.547s] Level 1:colcon.colcon_core.environment:checking '/home/sourav/kuka_ws/install/kuka_moveit/lib/pkgconfig/kuka_moveit.pc'
[0.547s] Level 1:colcon.colcon_core.environment:checking '/home/sourav/kuka_ws/install/kuka_moveit/lib/python3.10/site-packages'
[0.547s] Level 1:colcon.colcon_core.environment:checking '/home/sourav/kuka_ws/install/kuka_moveit/bin'
[0.548s] INFO:colcon.colcon_core.shell:Creating package script '/home/sourav/kuka_ws/install/kuka_moveit/share/kuka_moveit/package.ps1'
[0.548s] INFO:colcon.colcon_core.shell:Creating package descriptor '/home/sourav/kuka_ws/install/kuka_moveit/share/kuka_moveit/package.dsv'
[0.549s] INFO:colcon.colcon_core.shell:Creating package script '/home/sourav/kuka_ws/install/kuka_moveit/share/kuka_moveit/package.sh'
[0.550s] INFO:colcon.colcon_core.shell:Creating package script '/home/sourav/kuka_ws/install/kuka_moveit/share/kuka_moveit/package.bash'
[0.550s] INFO:colcon.colcon_core.shell:Creating package script '/home/sourav/kuka_ws/install/kuka_moveit/share/kuka_moveit/package.zsh'
[0.550s] Level 1:colcon.colcon_core.environment:create_file_with_runtime_dependencies(/home/sourav/kuka_ws/install/kuka_moveit/share/colcon-core/packages/kuka_moveit)
[0.551s] DEBUG:colcon.colcon_parallel_executor.executor.parallel:closing loop
[0.551s] DEBUG:colcon.colcon_parallel_executor.executor.parallel:loop closed
[0.551s] DEBUG:colcon.colcon_parallel_executor.executor.parallel:run_until_complete finished with '0'
[0.551s] DEBUG:colcon.colcon_core.event_reactor:joining thread
[0.557s] INFO:colcon.colcon_core.plugin_system:Skipping extension 'colcon_notification.desktop_notification.terminal_notifier': Not used on non-Darwin systems
[0.557s] INFO:colcon.colcon_core.plugin_system:Skipping extension 'colcon_notification.desktop_notification.win32': Not used on non-Windows systems
[0.557s] INFO:colcon.colcon_notification.desktop_notification:Sending desktop notification using 'notify2'
[0.575s] DEBUG:colcon.colcon_core.event_reactor:joined thread
[0.576s] INFO:colcon.colcon_core.shell:Creating prefix script '/home/sourav/kuka_ws/install/local_setup.ps1'
[0.577s] INFO:colcon.colcon_core.shell:Creating prefix util module '/home/sourav/kuka_ws/install/_local_setup_util_ps1.py'
[0.578s] INFO:colcon.colcon_core.shell:Creating prefix chain script '/home/sourav/kuka_ws/install/setup.ps1'
[0.580s] INFO:colcon.colcon_core.shell:Creating prefix script '/home/sourav/kuka_ws/install/local_setup.sh'
[0.581s] INFO:colcon.colcon_core.shell:Creating prefix util module '/home/sourav/kuka_ws/install/_local_setup_util_sh.py'
[0.581s] INFO:colcon.colcon_core.shell:Creating prefix chain script '/home/sourav/kuka_ws/install/setup.sh'
[0.583s] INFO:colcon.colcon_core.shell:Creating prefix script '/home/sourav/kuka_ws/install/local_setup.bash'
[0.583s] INFO:colcon.colcon_core.shell:Creating prefix chain script '/home/sourav/kuka_ws/install/setup.bash'
[0.585s] INFO:colcon.colcon_core.shell:Creating prefix script '/home/sourav/kuka_ws/install/local_setup.zsh'
[0.585s] INFO:colcon.colcon_core.shell:Creating prefix chain script '/home/sourav/kuka_ws/install/setup.zsh'
