[0.538s] Invoking command in '/home/sourav/kuka_ws/build/kuka_description': CMAKE_PREFIX_PATH=${CMAKE_PREFIX_PATH}:/home/sourav/iki_workspace/ros2_ws/install/catch_a_turtle:/home/sourav/iki_workspace/ros2_ws/install/turtlemover:/home/sourav/iki_workspace/ros2_ws/install/tb3_rwu_arena:/home/sourav/iki_workspace/ros2_ws/install/py_pubsub:/home/sourav/iki_workspace/ros2_ws/install/my_package:/home/sourav/iki_workspace/ros2_ws/install/my_cv_package:/home/sourav/iki_workspace/ros2_ws/install/follow_wall:/home/sourav/iki_workspace/ros2_ws/install/follow_line:/home/sourav/iki_workspace/ros2_ws/install/drive_to_wall:/home/sourav/iki_workspace/ros2_ws/install/autorace_wall_follow:/opt/ros/humble /usr/bin/cmake --build /home/sourav/kuka_ws/build/kuka_description -- -j12 -l12
[0.600s] Invoked command in '/home/sourav/kuka_ws/build/kuka_description' returned '0': CMAKE_PREFIX_PATH=${CMAKE_PREFIX_PATH}:/home/sourav/iki_workspace/ros2_ws/install/catch_a_turtle:/home/sourav/iki_workspace/ros2_ws/install/turtlemover:/home/sourav/iki_workspace/ros2_ws/install/tb3_rwu_arena:/home/sourav/iki_workspace/ros2_ws/install/py_pubsub:/home/sourav/iki_workspace/ros2_ws/install/my_package:/home/sourav/iki_workspace/ros2_ws/install/my_cv_package:/home/sourav/iki_workspace/ros2_ws/install/follow_wall:/home/sourav/iki_workspace/ros2_ws/install/follow_line:/home/sourav/iki_workspace/ros2_ws/install/drive_to_wall:/home/sourav/iki_workspace/ros2_ws/install/autorace_wall_follow:/opt/ros/humble /usr/bin/cmake --build /home/sourav/kuka_ws/build/kuka_description -- -j12 -l12
[0.651s] Invoking command in '/home/sourav/kuka_ws/build/kuka_description': CMAKE_PREFIX_PATH=${CMAKE_PREFIX_PATH}:/home/sourav/iki_workspace/ros2_ws/install/catch_a_turtle:/home/sourav/iki_workspace/ros2_ws/install/turtlemover:/home/sourav/iki_workspace/ros2_ws/install/tb3_rwu_arena:/home/sourav/iki_workspace/ros2_ws/install/py_pubsub:/home/sourav/iki_workspace/ros2_ws/install/my_package:/home/sourav/iki_workspace/ros2_ws/install/my_cv_package:/home/sourav/iki_workspace/ros2_ws/install/follow_wall:/home/sourav/iki_workspace/ros2_ws/install/follow_line:/home/sourav/iki_workspace/ros2_ws/install/drive_to_wall:/home/sourav/iki_workspace/ros2_ws/install/autorace_wall_follow:/opt/ros/humble /usr/bin/cmake --install /home/sourav/kuka_ws/build/kuka_description
[0.653s] -- Install configuration: ""
[0.653s] -- Up-to-date: /home/sourav/kuka_ws/install/kuka_description/share/ament_index/resource_index/package_run_dependencies/kuka_description
[0.654s] -- Up-to-date: /home/sourav/kuka_ws/install/kuka_description/share/ament_index/resource_index/parent_prefix_path/kuka_description
[0.654s] -- Up-to-date: /home/sourav/kuka_ws/install/kuka_description/share/kuka_description/environment/ament_prefix_path.sh
[0.655s] -- Up-to-date: /home/sourav/kuka_ws/install/kuka_description/share/kuka_description/environment/ament_prefix_path.dsv
[0.655s] -- Up-to-date: /home/sourav/kuka_ws/install/kuka_description/share/kuka_description/environment/path.sh
[0.656s] -- Up-to-date: /home/sourav/kuka_ws/install/kuka_description/share/kuka_description/environment/path.dsv
[0.656s] -- Up-to-date: /home/sourav/kuka_ws/install/kuka_description/share/kuka_description/local_setup.bash
[0.657s] -- Up-to-date: /home/sourav/kuka_ws/install/kuka_description/share/kuka_description/local_setup.sh
[0.657s] -- Up-to-date: /home/sourav/kuka_ws/install/kuka_description/share/kuka_description/local_setup.zsh
[0.657s] -- Up-to-date: /home/sourav/kuka_ws/install/kuka_description/share/kuka_description/local_setup.dsv
[0.658s] -- Installing: /home/sourav/kuka_ws/install/kuka_description/share/kuka_description/package.dsv
[0.658s] -- Up-to-date: /home/sourav/kuka_ws/install/kuka_description/share/ament_index/resource_index/packages/kuka_description
[0.659s] -- Up-to-date: /home/sourav/kuka_ws/install/kuka_description/share/kuka_description/cmake/kuka_descriptionConfig.cmake
[0.659s] -- Up-to-date: /home/sourav/kuka_ws/install/kuka_description/share/kuka_description/cmake/kuka_descriptionConfig-version.cmake
[0.659s] -- Up-to-date: /home/sourav/kuka_ws/install/kuka_description/share/kuka_description/package.xml
[0.689s] Invoked command in '/home/sourav/kuka_ws/build/kuka_description' returned '0': CMAKE_PREFIX_PATH=${CMAKE_PREFIX_PATH}:/home/sourav/iki_workspace/ros2_ws/install/catch_a_turtle:/home/sourav/iki_workspace/ros2_ws/install/turtlemover:/home/sourav/iki_workspace/ros2_ws/install/tb3_rwu_arena:/home/sourav/iki_workspace/ros2_ws/install/py_pubsub:/home/sourav/iki_workspace/ros2_ws/install/my_package:/home/sourav/iki_workspace/ros2_ws/install/my_cv_package:/home/sourav/iki_workspace/ros2_ws/install/follow_wall:/home/sourav/iki_workspace/ros2_ws/install/follow_line:/home/sourav/iki_workspace/ros2_ws/install/drive_to_wall:/home/sourav/iki_workspace/ros2_ws/install/autorace_wall_follow:/opt/ros/humble /usr/bin/cmake --install /home/sourav/kuka_ws/build/kuka_description
