[0.011s] Invoking command in '/home/sourav/kuka_ws/build/kuka_description': CMAKE_PREFIX_PATH=${CMAKE_PREFIX_PATH}:/home/sourav/iki_workspace/ros2_ws/install/catch_a_turtle:/home/sourav/iki_workspace/ros2_ws/install/turtlemover:/home/sourav/iki_workspace/ros2_ws/install/tb3_rwu_arena:/home/sourav/iki_workspace/ros2_ws/install/py_pubsub:/home/sourav/iki_workspace/ros2_ws/install/my_package:/home/sourav/iki_workspace/ros2_ws/install/my_cv_package:/home/sourav/iki_workspace/ros2_ws/install/follow_wall:/home/sourav/iki_workspace/ros2_ws/install/follow_line:/home/sourav/iki_workspace/ros2_ws/install/drive_to_wall:/home/sourav/iki_workspace/ros2_ws/install/autorace_wall_follow:/opt/ros/humble /usr/bin/cmake --build /home/sourav/kuka_ws/build/kuka_description -- -j12 -l12
[0.029s] -- Found ament_cmake: 1.3.11 (/opt/ros/humble/share/ament_cmake/cmake)
[0.163s] -- Found ament_lint_auto: 0.12.12 (/opt/ros/humble/share/ament_lint_auto/cmake)
[0.235s] -- Added test 'lint_cmake' to check CMake code style
[0.236s] -- Added test 'xmllint' to check XML markup files
[0.237s] -- Configuring done
[0.239s] -- Generating done
[0.241s] -- Build files have been written to: /home/sourav/kuka_ws/build/kuka_description
[0.263s] Invoked command in '/home/sourav/kuka_ws/build/kuka_description' returned '0': CMAKE_PREFIX_PATH=${CMAKE_PREFIX_PATH}:/home/sourav/iki_workspace/ros2_ws/install/catch_a_turtle:/home/sourav/iki_workspace/ros2_ws/install/turtlemover:/home/sourav/iki_workspace/ros2_ws/install/tb3_rwu_arena:/home/sourav/iki_workspace/ros2_ws/install/py_pubsub:/home/sourav/iki_workspace/ros2_ws/install/my_package:/home/sourav/iki_workspace/ros2_ws/install/my_cv_package:/home/sourav/iki_workspace/ros2_ws/install/follow_wall:/home/sourav/iki_workspace/ros2_ws/install/follow_line:/home/sourav/iki_workspace/ros2_ws/install/drive_to_wall:/home/sourav/iki_workspace/ros2_ws/install/autorace_wall_follow:/opt/ros/humble /usr/bin/cmake --build /home/sourav/kuka_ws/build/kuka_description -- -j12 -l12
[0.272s] Invoking command in '/home/sourav/kuka_ws/build/kuka_description': CMAKE_PREFIX_PATH=${CMAKE_PREFIX_PATH}:/home/sourav/iki_workspace/ros2_ws/install/catch_a_turtle:/home/sourav/iki_workspace/ros2_ws/install/turtlemover:/home/sourav/iki_workspace/ros2_ws/install/tb3_rwu_arena:/home/sourav/iki_workspace/ros2_ws/install/py_pubsub:/home/sourav/iki_workspace/ros2_ws/install/my_package:/home/sourav/iki_workspace/ros2_ws/install/my_cv_package:/home/sourav/iki_workspace/ros2_ws/install/follow_wall:/home/sourav/iki_workspace/ros2_ws/install/follow_line:/home/sourav/iki_workspace/ros2_ws/install/drive_to_wall:/home/sourav/iki_workspace/ros2_ws/install/autorace_wall_follow:/opt/ros/humble /usr/bin/cmake --install /home/sourav/kuka_ws/build/kuka_description
[0.278s] -- Install configuration: ""
[0.278s] -- Up-to-date: /home/sourav/kuka_ws/install/kuka_description/share/kuka_description/urdf
[0.278s] -- Up-to-date: /home/sourav/kuka_ws/install/kuka_description/share/kuka_description/urdf/kr10r1420.urdf.xacro
[0.278s] -- Up-to-date: /home/sourav/kuka_ws/install/kuka_description/share/kuka_description/urdf/kr10r1420.xacro
[0.278s] -- Up-to-date: /home/sourav/kuka_ws/install/kuka_description/share/kuka_description/resources
[0.279s] -- Up-to-date: /home/sourav/kuka_ws/install/kuka_description/share/kuka_description/resources/common_materials.xacro
[0.279s] -- Up-to-date: /home/sourav/kuka_ws/install/kuka_description/share/kuka_description/resources/common_constants.xacro
[0.279s] -- Up-to-date: /home/sourav/kuka_ws/install/kuka_description/share/kuka_description/resources/common_colours.xacro
[0.279s] -- Installing: /home/sourav/kuka_ws/install/kuka_description/share/kuka_description/meshes
[0.279s] -- Installing: /home/sourav/kuka_ws/install/kuka_description/share/kuka_description/meshes/link_1.stl
[0.407s] -- Installing: /home/sourav/kuka_ws/install/kuka_description/share/kuka_description/meshes/link_5.stl
[0.407s] -- Installing: /home/sourav/kuka_ws/install/kuka_description/share/kuka_description/meshes/link_6.stl
[0.407s] -- Installing: /home/sourav/kuka_ws/install/kuka_description/share/kuka_description/meshes/base_link.stl
[0.413s] -- Installing: /home/sourav/kuka_ws/install/kuka_description/share/kuka_description/meshes/link_4.stl
[0.524s] -- Installing: /home/sourav/kuka_ws/install/kuka_description/share/kuka_description/meshes/link_3.stl
[0.653s] -- Installing: /home/sourav/kuka_ws/install/kuka_description/share/kuka_description/meshes/link_2.stl
[0.776s] -- Installing: /home/sourav/kuka_ws/install/kuka_description/share/kuka_description/collisions
[0.777s] -- Installing: /home/sourav/kuka_ws/install/kuka_description/share/kuka_description/collisions/link_1.stl
[0.777s] -- Installing: /home/sourav/kuka_ws/install/kuka_description/share/kuka_description/collisions/link_5.stl
[0.778s] -- Installing: /home/sourav/kuka_ws/install/kuka_description/share/kuka_description/collisions/link_6.stl
[0.778s] -- Installing: /home/sourav/kuka_ws/install/kuka_description/share/kuka_description/collisions/base_link.stl
[0.778s] -- Installing: /home/sourav/kuka_ws/install/kuka_description/share/kuka_description/collisions/link_4.stl
[0.779s] -- Installing: /home/sourav/kuka_ws/install/kuka_description/share/kuka_description/collisions/link_3.stl
[0.779s] -- Installing: /home/sourav/kuka_ws/install/kuka_description/share/kuka_description/collisions/link_2.stl
[0.780s] -- Up-to-date: /home/sourav/kuka_ws/install/kuka_description/share/ament_index/resource_index/package_run_dependencies/kuka_description
[0.781s] -- Up-to-date: /home/sourav/kuka_ws/install/kuka_description/share/ament_index/resource_index/parent_prefix_path/kuka_description
[0.781s] -- Up-to-date: /home/sourav/kuka_ws/install/kuka_description/share/kuka_description/environment/ament_prefix_path.sh
[0.781s] -- Installing: /home/sourav/kuka_ws/install/kuka_description/share/kuka_description/environment/ament_prefix_path.dsv
[0.782s] -- Up-to-date: /home/sourav/kuka_ws/install/kuka_description/share/kuka_description/environment/path.sh
[0.783s] -- Installing: /home/sourav/kuka_ws/install/kuka_description/share/kuka_description/environment/path.dsv
[0.783s] -- Up-to-date: /home/sourav/kuka_ws/install/kuka_description/share/kuka_description/local_setup.bash
[0.783s] -- Up-to-date: /home/sourav/kuka_ws/install/kuka_description/share/kuka_description/local_setup.sh
[0.784s] -- Up-to-date: /home/sourav/kuka_ws/install/kuka_description/share/kuka_description/local_setup.zsh
[0.784s] -- Installing: /home/sourav/kuka_ws/install/kuka_description/share/kuka_description/local_setup.dsv
[0.784s] -- Installing: /home/sourav/kuka_ws/install/kuka_description/share/kuka_description/package.dsv
[0.785s] -- Up-to-date: /home/sourav/kuka_ws/install/kuka_description/share/ament_index/resource_index/packages/kuka_description
[0.785s] -- Up-to-date: /home/sourav/kuka_ws/install/kuka_description/share/kuka_description/cmake/kuka_descriptionConfig.cmake
[0.785s] -- Up-to-date: /home/sourav/kuka_ws/install/kuka_description/share/kuka_description/cmake/kuka_descriptionConfig-version.cmake
[0.785s] -- Up-to-date: /home/sourav/kuka_ws/install/kuka_description/share/kuka_description/package.xml
[0.790s] Invoked command in '/home/sourav/kuka_ws/build/kuka_description' returned '0': CMAKE_PREFIX_PATH=${CMAKE_PREFIX_PATH}:/home/sourav/iki_workspace/ros2_ws/install/catch_a_turtle:/home/sourav/iki_workspace/ros2_ws/install/turtlemover:/home/sourav/iki_workspace/ros2_ws/install/tb3_rwu_arena:/home/sourav/iki_workspace/ros2_ws/install/py_pubsub:/home/sourav/iki_workspace/ros2_ws/install/my_package:/home/sourav/iki_workspace/ros2_ws/install/my_cv_package:/home/sourav/iki_workspace/ros2_ws/install/follow_wall:/home/sourav/iki_workspace/ros2_ws/install/follow_line:/home/sourav/iki_workspace/ros2_ws/install/drive_to_wall:/home/sourav/iki_workspace/ros2_ws/install/autorace_wall_follow:/opt/ros/humble /usr/bin/cmake --install /home/sourav/kuka_ws/build/kuka_description
