[0.015s] Invoking command in '/home/sourav/kuka_ws/build/kuka_controllers': CMAKE_PREFIX_PATH=${CMAKE_PREFIX_PATH}:/home/sourav/iki_workspace/ros2_ws/install/catch_a_turtle:/home/sourav/iki_workspace/ros2_ws/install/turtlemover:/home/sourav/iki_workspace/ros2_ws/install/tb3_rwu_arena:/home/sourav/iki_workspace/ros2_ws/install/py_pubsub:/home/sourav/iki_workspace/ros2_ws/install/my_package:/home/sourav/iki_workspace/ros2_ws/install/my_cv_package:/home/sourav/iki_workspace/ros2_ws/install/follow_wall:/home/sourav/iki_workspace/ros2_ws/install/follow_line:/home/sourav/iki_workspace/ros2_ws/install/drive_to_wall:/home/sourav/iki_workspace/ros2_ws/install/autorace_wall_follow:/opt/ros/humble /usr/bin/cmake --build /home/sourav/kuka_ws/build/kuka_controllers -- -j12 -l12
[0.035s] -- Found ament_cmake: 1.3.11 (/opt/ros/humble/share/ament_cmake/cmake)
[0.188s] -- Found ament_lint_auto: 0.12.12 (/opt/ros/humble/share/ament_lint_auto/cmake)
[0.392s] -- Added test 'flake8' to check Python code syntax and style conventions
[0.393s] -- Added test 'lint_cmake' to check CMake code style
[0.393s] -- Added test 'pep257' to check Python code against some of the docstring style conventions in PEP 257
[0.394s] -- Added test 'xmllint' to check XML markup files
[0.395s] -- Configuring done
[0.399s] -- Generating done
[0.401s] -- Build files have been written to: /home/sourav/kuka_ws/build/kuka_controllers
[0.433s] Invoked command in '/home/sourav/kuka_ws/build/kuka_controllers' returned '0': CMAKE_PREFIX_PATH=${CMAKE_PREFIX_PATH}:/home/sourav/iki_workspace/ros2_ws/install/catch_a_turtle:/home/sourav/iki_workspace/ros2_ws/install/turtlemover:/home/sourav/iki_workspace/ros2_ws/install/tb3_rwu_arena:/home/sourav/iki_workspace/ros2_ws/install/py_pubsub:/home/sourav/iki_workspace/ros2_ws/install/my_package:/home/sourav/iki_workspace/ros2_ws/install/my_cv_package:/home/sourav/iki_workspace/ros2_ws/install/follow_wall:/home/sourav/iki_workspace/ros2_ws/install/follow_line:/home/sourav/iki_workspace/ros2_ws/install/drive_to_wall:/home/sourav/iki_workspace/ros2_ws/install/autorace_wall_follow:/opt/ros/humble /usr/bin/cmake --build /home/sourav/kuka_ws/build/kuka_controllers -- -j12 -l12
[0.434s] Invoking command in '/home/sourav/kuka_ws/build/kuka_controllers': CMAKE_PREFIX_PATH=${CMAKE_PREFIX_PATH}:/home/sourav/iki_workspace/ros2_ws/install/catch_a_turtle:/home/sourav/iki_workspace/ros2_ws/install/turtlemover:/home/sourav/iki_workspace/ros2_ws/install/tb3_rwu_arena:/home/sourav/iki_workspace/ros2_ws/install/py_pubsub:/home/sourav/iki_workspace/ros2_ws/install/my_package:/home/sourav/iki_workspace/ros2_ws/install/my_cv_package:/home/sourav/iki_workspace/ros2_ws/install/follow_wall:/home/sourav/iki_workspace/ros2_ws/install/follow_line:/home/sourav/iki_workspace/ros2_ws/install/drive_to_wall:/home/sourav/iki_workspace/ros2_ws/install/autorace_wall_follow:/opt/ros/humble /usr/bin/cmake --install /home/sourav/kuka_ws/build/kuka_controllers
[0.442s] -- Install configuration: ""
[0.443s] -- Up-to-date: /home/sourav/kuka_ws/install/kuka_controllers/share/kuka_controllers/config
[0.443s] -- Up-to-date: /home/sourav/kuka_ws/install/kuka_controllers/share/kuka_controllers/config/kuka_controllers.yaml
[0.443s] -- Up-to-date: /home/sourav/kuka_ws/install/kuka_controllers/share/kuka_controllers/launch
[0.443s] -- Up-to-date: /home/sourav/kuka_ws/install/kuka_controllers/share/kuka_controllers/launch/controllers.launch.py
[0.443s] -- Up-to-date: /home/sourav/kuka_ws/install/kuka_controllers/share/ament_index/resource_index/package_run_dependencies/kuka_controllers
[0.443s] -- Up-to-date: /home/sourav/kuka_ws/install/kuka_controllers/share/ament_index/resource_index/parent_prefix_path/kuka_controllers
[0.443s] -- Up-to-date: /home/sourav/kuka_ws/install/kuka_controllers/share/kuka_controllers/environment/ament_prefix_path.sh
[0.443s] -- Installing: /home/sourav/kuka_ws/install/kuka_controllers/share/kuka_controllers/environment/ament_prefix_path.dsv
[0.443s] -- Up-to-date: /home/sourav/kuka_ws/install/kuka_controllers/share/kuka_controllers/environment/path.sh
[0.443s] -- Installing: /home/sourav/kuka_ws/install/kuka_controllers/share/kuka_controllers/environment/path.dsv
[0.443s] -- Up-to-date: /home/sourav/kuka_ws/install/kuka_controllers/share/kuka_controllers/local_setup.bash
[0.443s] -- Up-to-date: /home/sourav/kuka_ws/install/kuka_controllers/share/kuka_controllers/local_setup.sh
[0.444s] -- Up-to-date: /home/sourav/kuka_ws/install/kuka_controllers/share/kuka_controllers/local_setup.zsh
[0.444s] -- Installing: /home/sourav/kuka_ws/install/kuka_controllers/share/kuka_controllers/local_setup.dsv
[0.444s] -- Installing: /home/sourav/kuka_ws/install/kuka_controllers/share/kuka_controllers/package.dsv
[0.444s] -- Up-to-date: /home/sourav/kuka_ws/install/kuka_controllers/share/ament_index/resource_index/packages/kuka_controllers
[0.444s] -- Up-to-date: /home/sourav/kuka_ws/install/kuka_controllers/share/kuka_controllers/cmake/kuka_controllersConfig.cmake
[0.444s] -- Up-to-date: /home/sourav/kuka_ws/install/kuka_controllers/share/kuka_controllers/cmake/kuka_controllersConfig-version.cmake
[0.444s] -- Installing: /home/sourav/kuka_ws/install/kuka_controllers/share/kuka_controllers/package.xml
[0.446s] Invoked command in '/home/sourav/kuka_ws/build/kuka_controllers' returned '0': CMAKE_PREFIX_PATH=${CMAKE_PREFIX_PATH}:/home/sourav/iki_workspace/ros2_ws/install/catch_a_turtle:/home/sourav/iki_workspace/ros2_ws/install/turtlemover:/home/sourav/iki_workspace/ros2_ws/install/tb3_rwu_arena:/home/sourav/iki_workspace/ros2_ws/install/py_pubsub:/home/sourav/iki_workspace/ros2_ws/install/my_package:/home/sourav/iki_workspace/ros2_ws/install/my_cv_package:/home/sourav/iki_workspace/ros2_ws/install/follow_wall:/home/sourav/iki_workspace/ros2_ws/install/follow_line:/home/sourav/iki_workspace/ros2_ws/install/drive_to_wall:/home/sourav/iki_workspace/ros2_ws/install/autorace_wall_follow:/opt/ros/humble /usr/bin/cmake --install /home/sourav/kuka_ws/build/kuka_controllers
