[0.014s] Invoking command in '/home/sourav/kuka_ws/build/kuka_controllers': CMAKE_PREFIX_PATH=${CMAKE_PREFIX_PATH}:/home/sourav/iki_workspace/ros2_ws/install/catch_a_turtle:/home/sourav/iki_workspace/ros2_ws/install/turtlemover:/home/sourav/iki_workspace/ros2_ws/install/tb3_rwu_arena:/home/sourav/iki_workspace/ros2_ws/install/py_pubsub:/home/sourav/iki_workspace/ros2_ws/install/my_package:/home/sourav/iki_workspace/ros2_ws/install/my_cv_package:/home/sourav/iki_workspace/ros2_ws/install/follow_wall:/home/sourav/iki_workspace/ros2_ws/install/follow_line:/home/sourav/iki_workspace/ros2_ws/install/drive_to_wall:/home/sourav/iki_workspace/ros2_ws/install/autorace_wall_follow:/opt/ros/humble /usr/bin/cmake /home/sourav/kuka_ws/src/kuka_controllers -DCMAKE_INSTALL_PREFIX=/home/sourav/kuka_ws/install/kuka_controllers
[0.675s] -- The C compiler identification is GNU 11.4.0
[0.729s] -- The CXX compiler identification is GNU 11.4.0
[0.736s] -- Detecting C compiler ABI info
[0.818s] -- Detecting C compiler ABI info - done
[0.830s] -- Check for working C compiler: /usr/bin/cc - skipped
[0.830s] -- Detecting C compile features
[0.831s] -- Detecting C compile features - done
[0.836s] -- Detecting CXX compiler ABI info
[0.915s] -- Detecting CXX compiler ABI info - done
[0.923s] -- Check for working CXX compiler: /usr/bin/c++ - skipped
[0.923s] -- Detecting CXX compile features
[0.924s] -- Detecting CXX compile features - done
[1.113s] -- Found ament_cmake: 1.3.11 (/opt/ros/humble/share/ament_cmake/cmake)
[1.325s] -- Found Python3: /usr/bin/python3 (found version "3.10.12") found components: Interpreter 
[1.435s] -- Found ament_lint_auto: 0.12.12 (/opt/ros/humble/share/ament_lint_auto/cmake)
[1.521s] -- Added test 'lint_cmake' to check CMake code style
[1.522s] -- Added test 'xmllint' to check XML markup files
[1.524s] -- Configuring done
[1.526s] -- Generating done
[1.527s] -- Build files have been written to: /home/sourav/kuka_ws/build/kuka_controllers
[1.531s] Invoked command in '/home/sourav/kuka_ws/build/kuka_controllers' returned '0': CMAKE_PREFIX_PATH=${CMAKE_PREFIX_PATH}:/home/sourav/iki_workspace/ros2_ws/install/catch_a_turtle:/home/sourav/iki_workspace/ros2_ws/install/turtlemover:/home/sourav/iki_workspace/ros2_ws/install/tb3_rwu_arena:/home/sourav/iki_workspace/ros2_ws/install/py_pubsub:/home/sourav/iki_workspace/ros2_ws/install/my_package:/home/sourav/iki_workspace/ros2_ws/install/my_cv_package:/home/sourav/iki_workspace/ros2_ws/install/follow_wall:/home/sourav/iki_workspace/ros2_ws/install/follow_line:/home/sourav/iki_workspace/ros2_ws/install/drive_to_wall:/home/sourav/iki_workspace/ros2_ws/install/autorace_wall_follow:/opt/ros/humble /usr/bin/cmake /home/sourav/kuka_ws/src/kuka_controllers -DCMAKE_INSTALL_PREFIX=/home/sourav/kuka_ws/install/kuka_controllers
[1.533s] Invoking command in '/home/sourav/kuka_ws/build/kuka_controllers': CMAKE_PREFIX_PATH=${CMAKE_PREFIX_PATH}:/home/sourav/iki_workspace/ros2_ws/install/catch_a_turtle:/home/sourav/iki_workspace/ros2_ws/install/turtlemover:/home/sourav/iki_workspace/ros2_ws/install/tb3_rwu_arena:/home/sourav/iki_workspace/ros2_ws/install/py_pubsub:/home/sourav/iki_workspace/ros2_ws/install/my_package:/home/sourav/iki_workspace/ros2_ws/install/my_cv_package:/home/sourav/iki_workspace/ros2_ws/install/follow_wall:/home/sourav/iki_workspace/ros2_ws/install/follow_line:/home/sourav/iki_workspace/ros2_ws/install/drive_to_wall:/home/sourav/iki_workspace/ros2_ws/install/autorace_wall_follow:/opt/ros/humble /usr/bin/cmake --build /home/sourav/kuka_ws/build/kuka_controllers -- -j12 -l12
[1.570s] Invoked command in '/home/sourav/kuka_ws/build/kuka_controllers' returned '0': CMAKE_PREFIX_PATH=${CMAKE_PREFIX_PATH}:/home/sourav/iki_workspace/ros2_ws/install/catch_a_turtle:/home/sourav/iki_workspace/ros2_ws/install/turtlemover:/home/sourav/iki_workspace/ros2_ws/install/tb3_rwu_arena:/home/sourav/iki_workspace/ros2_ws/install/py_pubsub:/home/sourav/iki_workspace/ros2_ws/install/my_package:/home/sourav/iki_workspace/ros2_ws/install/my_cv_package:/home/sourav/iki_workspace/ros2_ws/install/follow_wall:/home/sourav/iki_workspace/ros2_ws/install/follow_line:/home/sourav/iki_workspace/ros2_ws/install/drive_to_wall:/home/sourav/iki_workspace/ros2_ws/install/autorace_wall_follow:/opt/ros/humble /usr/bin/cmake --build /home/sourav/kuka_ws/build/kuka_controllers -- -j12 -l12
[1.572s] Invoking command in '/home/sourav/kuka_ws/build/kuka_controllers': CMAKE_PREFIX_PATH=${CMAKE_PREFIX_PATH}:/home/sourav/iki_workspace/ros2_ws/install/catch_a_turtle:/home/sourav/iki_workspace/ros2_ws/install/turtlemover:/home/sourav/iki_workspace/ros2_ws/install/tb3_rwu_arena:/home/sourav/iki_workspace/ros2_ws/install/py_pubsub:/home/sourav/iki_workspace/ros2_ws/install/my_package:/home/sourav/iki_workspace/ros2_ws/install/my_cv_package:/home/sourav/iki_workspace/ros2_ws/install/follow_wall:/home/sourav/iki_workspace/ros2_ws/install/follow_line:/home/sourav/iki_workspace/ros2_ws/install/drive_to_wall:/home/sourav/iki_workspace/ros2_ws/install/autorace_wall_follow:/opt/ros/humble /usr/bin/cmake --install /home/sourav/kuka_ws/build/kuka_controllers
[1.578s] -- Install configuration: ""
[1.579s] -- Installing: /home/sourav/kuka_ws/install/kuka_controllers/share/ament_index/resource_index/package_run_dependencies/kuka_controllers
[1.579s] -- Installing: /home/sourav/kuka_ws/install/kuka_controllers/share/ament_index/resource_index/parent_prefix_path/kuka_controllers
[1.579s] -- Installing: /home/sourav/kuka_ws/install/kuka_controllers/share/kuka_controllers/environment/ament_prefix_path.sh
[1.579s] -- Installing: /home/sourav/kuka_ws/install/kuka_controllers/share/kuka_controllers/environment/ament_prefix_path.dsv
[1.579s] -- Installing: /home/sourav/kuka_ws/install/kuka_controllers/share/kuka_controllers/environment/path.sh
[1.579s] -- Installing: /home/sourav/kuka_ws/install/kuka_controllers/share/kuka_controllers/environment/path.dsv
[1.579s] -- Installing: /home/sourav/kuka_ws/install/kuka_controllers/share/kuka_controllers/local_setup.bash
[1.579s] -- Installing: /home/sourav/kuka_ws/install/kuka_controllers/share/kuka_controllers/local_setup.sh
[1.580s] -- Installing: /home/sourav/kuka_ws/install/kuka_controllers/share/kuka_controllers/local_setup.zsh
[1.580s] -- Installing: /home/sourav/kuka_ws/install/kuka_controllers/share/kuka_controllers/local_setup.dsv
[1.580s] -- Installing: /home/sourav/kuka_ws/install/kuka_controllers/share/kuka_controllers/package.dsv
[1.580s] -- Installing: /home/sourav/kuka_ws/install/kuka_controllers/share/ament_index/resource_index/packages/kuka_controllers
[1.580s] -- Installing: /home/sourav/kuka_ws/install/kuka_controllers/share/kuka_controllers/cmake/kuka_controllersConfig.cmake
[1.580s] -- Installing: /home/sourav/kuka_ws/install/kuka_controllers/share/kuka_controllers/cmake/kuka_controllersConfig-version.cmake
[1.580s] -- Installing: /home/sourav/kuka_ws/install/kuka_controllers/share/kuka_controllers/package.xml
[1.582s] Invoked command in '/home/sourav/kuka_ws/build/kuka_controllers' returned '0': CMAKE_PREFIX_PATH=${CMAKE_PREFIX_PATH}:/home/sourav/iki_workspace/ros2_ws/install/catch_a_turtle:/home/sourav/iki_workspace/ros2_ws/install/turtlemover:/home/sourav/iki_workspace/ros2_ws/install/tb3_rwu_arena:/home/sourav/iki_workspace/ros2_ws/install/py_pubsub:/home/sourav/iki_workspace/ros2_ws/install/my_package:/home/sourav/iki_workspace/ros2_ws/install/my_cv_package:/home/sourav/iki_workspace/ros2_ws/install/follow_wall:/home/sourav/iki_workspace/ros2_ws/install/follow_line:/home/sourav/iki_workspace/ros2_ws/install/drive_to_wall:/home/sourav/iki_workspace/ros2_ws/install/autorace_wall_follow:/opt/ros/humble /usr/bin/cmake --install /home/sourav/kuka_ws/build/kuka_controllers
