[0.015s] Invoking command in '/home/sourav/kuka_ws/build/kuka_moveit': CMAKE_PREFIX_PATH=${CMAKE_PREFIX_PATH}:/home/sourav/iki_workspace/ros2_ws/install/catch_a_turtle:/home/sourav/iki_workspace/ros2_ws/install/turtlemover:/home/sourav/iki_workspace/ros2_ws/install/tb3_rwu_arena:/home/sourav/iki_workspace/ros2_ws/install/py_pubsub:/home/sourav/iki_workspace/ros2_ws/install/my_package:/home/sourav/iki_workspace/ros2_ws/install/my_cv_package:/home/sourav/iki_workspace/ros2_ws/install/follow_wall:/home/sourav/iki_workspace/ros2_ws/install/follow_line:/home/sourav/iki_workspace/ros2_ws/install/drive_to_wall:/home/sourav/iki_workspace/ros2_ws/install/autorace_wall_follow:/opt/ros/humble /usr/bin/cmake --build /home/sourav/kuka_ws/build/kuka_moveit -- -j12 -l12
[0.039s] -- Found ament_cmake: 1.3.11 (/opt/ros/humble/share/ament_cmake/cmake)
[0.192s] -- Found ament_lint_auto: 0.12.12 (/opt/ros/humble/share/ament_lint_auto/cmake)
[0.377s] -- Added test 'flake8' to check Python code syntax and style conventions
[0.378s] -- Added test 'lint_cmake' to check CMake code style
[0.378s] -- Added test 'pep257' to check Python code against some of the docstring style conventions in PEP 257
[0.379s] -- Added test 'xmllint' to check XML markup files
[0.380s] -- Configuring done
[0.384s] -- Generating done
[0.386s] -- Build files have been written to: /home/sourav/kuka_ws/build/kuka_moveit
[0.413s] Invoked command in '/home/sourav/kuka_ws/build/kuka_moveit' returned '0': CMAKE_PREFIX_PATH=${CMAKE_PREFIX_PATH}:/home/sourav/iki_workspace/ros2_ws/install/catch_a_turtle:/home/sourav/iki_workspace/ros2_ws/install/turtlemover:/home/sourav/iki_workspace/ros2_ws/install/tb3_rwu_arena:/home/sourav/iki_workspace/ros2_ws/install/py_pubsub:/home/sourav/iki_workspace/ros2_ws/install/my_package:/home/sourav/iki_workspace/ros2_ws/install/my_cv_package:/home/sourav/iki_workspace/ros2_ws/install/follow_wall:/home/sourav/iki_workspace/ros2_ws/install/follow_line:/home/sourav/iki_workspace/ros2_ws/install/drive_to_wall:/home/sourav/iki_workspace/ros2_ws/install/autorace_wall_follow:/opt/ros/humble /usr/bin/cmake --build /home/sourav/kuka_ws/build/kuka_moveit -- -j12 -l12
[0.415s] Invoking command in '/home/sourav/kuka_ws/build/kuka_moveit': CMAKE_PREFIX_PATH=${CMAKE_PREFIX_PATH}:/home/sourav/iki_workspace/ros2_ws/install/catch_a_turtle:/home/sourav/iki_workspace/ros2_ws/install/turtlemover:/home/sourav/iki_workspace/ros2_ws/install/tb3_rwu_arena:/home/sourav/iki_workspace/ros2_ws/install/py_pubsub:/home/sourav/iki_workspace/ros2_ws/install/my_package:/home/sourav/iki_workspace/ros2_ws/install/my_cv_package:/home/sourav/iki_workspace/ros2_ws/install/follow_wall:/home/sourav/iki_workspace/ros2_ws/install/follow_line:/home/sourav/iki_workspace/ros2_ws/install/drive_to_wall:/home/sourav/iki_workspace/ros2_ws/install/autorace_wall_follow:/opt/ros/humble /usr/bin/cmake --install /home/sourav/kuka_ws/build/kuka_moveit
[0.425s] -- Install configuration: ""
[0.425s] -- Installing: /home/sourav/kuka_ws/install/kuka_moveit/share/kuka_moveit/config
[0.426s] -- Installing: /home/sourav/kuka_ws/install/kuka_moveit/share/kuka_moveit/config/kuka.srdf
[0.426s] -- Installing: /home/sourav/kuka_ws/install/kuka_moveit/share/kuka_moveit/config/joint_limits.yaml
[0.426s] -- Installing: /home/sourav/kuka_ws/install/kuka_moveit/share/kuka_moveit/config/initial>positions.yaml
[0.426s] -- Installing: /home/sourav/kuka_ws/install/kuka_moveit/share/kuka_moveit/config/kinematics.yaml
[0.426s] -- Installing: /home/sourav/kuka_ws/install/kuka_moveit/share/kuka_moveit/config/pliz_cartesian_limits.yaml
[0.426s] -- Installing: /home/sourav/kuka_ws/install/kuka_moveit/share/kuka_moveit/config/moveit_controllers.yaml
[0.427s] -- Installing: /home/sourav/kuka_ws/install/kuka_moveit/share/kuka_moveit/launch
[0.427s] -- Installing: /home/sourav/kuka_ws/install/kuka_moveit/share/kuka_moveit/launch/moveit.launch.py
[0.427s] -- Installing: /home/sourav/kuka_ws/install/kuka_moveit/share/ament_index/resource_index/package_run_dependencies/kuka_moveit
[0.427s] -- Up-to-date: /home/sourav/kuka_ws/install/kuka_moveit/share/ament_index/resource_index/parent_prefix_path/kuka_moveit
[0.427s] -- Up-to-date: /home/sourav/kuka_ws/install/kuka_moveit/share/kuka_moveit/environment/ament_prefix_path.sh
[0.427s] -- Installing: /home/sourav/kuka_ws/install/kuka_moveit/share/kuka_moveit/environment/ament_prefix_path.dsv
[0.428s] -- Up-to-date: /home/sourav/kuka_ws/install/kuka_moveit/share/kuka_moveit/environment/path.sh
[0.428s] -- Installing: /home/sourav/kuka_ws/install/kuka_moveit/share/kuka_moveit/environment/path.dsv
[0.428s] -- Up-to-date: /home/sourav/kuka_ws/install/kuka_moveit/share/kuka_moveit/local_setup.bash
[0.428s] -- Up-to-date: /home/sourav/kuka_ws/install/kuka_moveit/share/kuka_moveit/local_setup.sh
[0.428s] -- Up-to-date: /home/sourav/kuka_ws/install/kuka_moveit/share/kuka_moveit/local_setup.zsh
[0.428s] -- Installing: /home/sourav/kuka_ws/install/kuka_moveit/share/kuka_moveit/local_setup.dsv
[0.428s] -- Installing: /home/sourav/kuka_ws/install/kuka_moveit/share/kuka_moveit/package.dsv
[0.428s] -- Up-to-date: /home/sourav/kuka_ws/install/kuka_moveit/share/ament_index/resource_index/packages/kuka_moveit
[0.428s] -- Up-to-date: /home/sourav/kuka_ws/install/kuka_moveit/share/kuka_moveit/cmake/kuka_moveitConfig.cmake
[0.428s] -- Up-to-date: /home/sourav/kuka_ws/install/kuka_moveit/share/kuka_moveit/cmake/kuka_moveitConfig-version.cmake
[0.429s] -- Installing: /home/sourav/kuka_ws/install/kuka_moveit/share/kuka_moveit/package.xml
[0.431s] Invoked command in '/home/sourav/kuka_ws/build/kuka_moveit' returned '0': CMAKE_PREFIX_PATH=${CMAKE_PREFIX_PATH}:/home/sourav/iki_workspace/ros2_ws/install/catch_a_turtle:/home/sourav/iki_workspace/ros2_ws/install/turtlemover:/home/sourav/iki_workspace/ros2_ws/install/tb3_rwu_arena:/home/sourav/iki_workspace/ros2_ws/install/py_pubsub:/home/sourav/iki_workspace/ros2_ws/install/my_package:/home/sourav/iki_workspace/ros2_ws/install/my_cv_package:/home/sourav/iki_workspace/ros2_ws/install/follow_wall:/home/sourav/iki_workspace/ros2_ws/install/follow_line:/home/sourav/iki_workspace/ros2_ws/install/drive_to_wall:/home/sourav/iki_workspace/ros2_ws/install/autorace_wall_follow:/opt/ros/humble /usr/bin/cmake --install /home/sourav/kuka_ws/build/kuka_moveit
